TN:
SF:/Users/maxime_beauchemin/code/caravel/superset/assets/javascripts/common.js
FN:3,(anonymous_0)
FN:4,(anonymous_1)
FNF:2
FNH:0
FNDA:0,(anonymous_0)
FNDA:0,(anonymous_1)
DA:1,0
DA:2,0
DA:3,0
DA:4,0
DA:5,0
DA:6,0
DA:7,0
DA:8,0
LF:8
LH:0
BRF:0
BRH:0
end_of_record
TN:
SF:/Users/maxime_beauchemin/code/caravel/superset/assets/javascripts/css-theme.js
FNF:0
FNH:0
DA:1,0
DA:2,0
LF:2
LH:0
BRF:0
BRH:0
end_of_record
TN:
SF:/Users/maxime_beauchemin/code/caravel/superset/assets/javascripts/index.jsx
FN:5,App
FNF:1
FNH:0
FNDA:0,App
DA:1,0
DA:2,0
DA:3,0
DA:6,0
DA:14,0
LF:5
LH:0
BRF:0
BRH:0
end_of_record
TN:
SF:/Users/maxime_beauchemin/code/caravel/superset/assets/javascripts/reduxUtils.js
FN:5,addToObject
FN:16,alterInObject
FN:22,alterInArr
FN:27,(anonymous_6)
FN:37,removeFromArr
FN:39,(anonymous_8)
FN:47,getFromArr
FN:49,(anonymous_10)
FN:57,addToArr
FN:67,enhancer
FN:78,areArraysShallowEqual
FN:98,areObjectsEqual
FNF:12
FNH:7
FNDA:3,addToObject
FNDA:1,alterInObject
FNDA:13,alterInArr
FNDA:20,(anonymous_6)
FNDA:3,removeFromArr
FNDA:4,(anonymous_8)
FNDA:0,getFromArr
FNDA:0,(anonymous_10)
FNDA:16,addToArr
FNDA:0,enhancer
FNDA:0,areArraysShallowEqual
FNDA:0,areObjectsEqual
DA:1,1
DA:2,1
DA:3,1
DA:6,3
DA:7,3
DA:9,3
DA:10,0
DA:12,3
DA:13,3
DA:17,1
DA:18,1
DA:19,1
DA:25,13
DA:26,13
DA:27,13
DA:28,20
DA:29,10
DA:31,10
DA:34,13
DA:37,3
DA:38,3
DA:39,3
DA:40,4
DA:41,1
DA:44,3
DA:48,0
DA:49,0
DA:50,0
DA:51,0
DA:54,0
DA:58,16
DA:59,16
DA:60,0
DA:62,16
DA:63,16
DA:64,16
DA:68,0
DA:69,0
DA:71,0
DA:73,0
DA:75,0
DA:83,0
DA:84,0
DA:86,0
DA:87,0
DA:89,0
DA:90,0
DA:91,0
DA:92,0
DA:95,0
DA:99,0
DA:100,0
DA:102,0
DA:103,0
DA:105,0
DA:106,0
DA:107,0
DA:109,0
DA:110,0
DA:113,0
LF:60
LH:29
BRDA:9,0,0,0
BRDA:9,0,1,3
BRDA:28,1,0,10
BRDA:28,1,1,10
BRDA:37,2,0,0
BRDA:37,2,1,3
BRDA:37,3,0,3
BRDA:37,3,1,0
BRDA:40,4,0,1
BRDA:40,4,1,3
BRDA:50,5,0,0
BRDA:50,5,1,0
BRDA:59,6,0,0
BRDA:59,6,1,16
BRDA:69,7,0,0
BRDA:69,7,1,0
BRDA:71,8,0,0
BRDA:71,8,1,0
BRDA:83,9,0,0
BRDA:83,9,1,0
BRDA:83,10,0,0
BRDA:83,10,1,0
BRDA:86,11,0,0
BRDA:86,11,1,0
BRDA:91,12,0,0
BRDA:91,12,1,0
BRDA:99,13,0,0
BRDA:99,13,1,0
BRDA:99,14,0,0
BRDA:99,14,1,0
BRDA:102,15,0,0
BRDA:102,15,1,0
BRDA:106,16,0,0
BRDA:106,16,1,0
BRDA:109,17,0,0
BRDA:109,17,1,0
BRF:36
BRH:8
end_of_record
TN:
SF:/Users/maxime_beauchemin/code/caravel/superset/assets/javascripts/standalone.js
FN:12,(anonymous_0)
FNF:1
FNH:0
FNDA:0,(anonymous_0)
DA:1,0
DA:3,0
DA:4,0
DA:5,0
DA:7,0
DA:9,0
DA:12,0
DA:13,0
DA:14,0
DA:15,0
DA:16,0
LF:11
LH:0
BRF:0
BRH:0
end_of_record
TN:
SF:/Users/maxime_beauchemin/code/caravel/superset/assets/javascripts/superset-select2.js
FNF:0
FNH:0
DA:1,0
DA:2,0
DA:3,0
DA:4,0
DA:5,0
LF:5
LH:0
BRF:0
BRH:0
end_of_record
TN:
SF:/Users/maxime_beauchemin/code/caravel/superset/assets/javascripts/welcome.js
FN:13,modelViewTable
FN:18,(anonymous_2)
FN:20,(anonymous_3)
FN:21,(anonymous_4)
FN:26,(anonymous_5)
FN:55,(anonymous_6)
FNF:6
FNH:0
FNDA:0,modelViewTable
FNDA:0,(anonymous_2)
FNDA:0,(anonymous_3)
FNDA:0,(anonymous_4)
FNDA:0,(anonymous_5)
FNDA:0,(anonymous_6)
DA:1,0
DA:3,0
DA:4,0
DA:5,0
DA:7,0
DA:8,0
DA:9,0
DA:10,0
DA:12,0
DA:15,0
DA:16,0
DA:17,0
DA:18,0
DA:19,0
DA:20,0
DA:21,0
DA:22,0
DA:24,0
DA:26,0
DA:27,0
DA:29,0
DA:30,0
DA:31,0
DA:42,0
DA:43,0
DA:44,0
DA:45,0
DA:47,0
DA:48,0
DA:49,0
DA:50,0
DA:51,0
DA:52,0
DA:55,0
DA:56,0
LF:35
LH:0
BRF:0
BRH:0
end_of_record
TN:
SF:/Users/maxime_beauchemin/code/caravel/superset/assets/javascripts/SqlLab/actions.js
FN:38,resetState
FN:42,startQuery
FN:53,querySuccess
FN:57,queryFailed
FN:61,stopQuery
FN:65,clearQueryResults
FN:69,removeDataPreview
FN:73,requestQueryResults
FN:77,fetchQueryResults
FN:78,(anonymous_10)
FN:81,(anonymous_11)
FN:81,success
FN:81,error
FN:95,runQuery
FN:96,(anonymous_16)
FN:111,(anonymous_17)
FN:111,success
FN:111,error
FN:141,setDatabases
FN:145,addQueryEditor
FN:150,cloneQueryToNewTab
FN:154,setNetworkStatus
FN:158,addAlert
FN:164,removeAlert
FN:168,setActiveQueryEditor
FN:172,setActiveSouthPaneTab
FN:176,removeQueryEditor
FN:180,removeQuery
FN:184,queryEditorSetDb
FN:188,queryEditorSetSchema
FN:192,queryEditorSetAutorun
FN:196,queryEditorSetTitle
FN:200,queryEditorSetSql
FN:204,queryEditorSetSelectedText
FN:208,mergeTable
FN:212,addTable
FN:213,(anonymous_39)
FN:215,(anonymous_40)
FN:238,(anonymous_41)
FN:248,(anonymous_42)
FN:261,changeDataPreviewId
FN:265,reFetchQueryResults
FN:266,(anonymous_45)
FN:282,expandTable
FN:286,collapseTable
FN:290,removeTable
FN:294,refreshQueries
FNF:47
FNH:20
FNDA:0,resetState
FNDA:3,startQuery
FNDA:0,querySuccess
FNDA:0,queryFailed
FNDA:1,stopQuery
FNDA:0,clearQueryResults
FNDA:0,removeDataPreview
FNDA:0,requestQueryResults
FNDA:0,fetchQueryResults
FNDA:0,(anonymous_10)
FNDA:0,(anonymous_11)
FNDA:0,success
FNDA:0,error
FNDA:0,runQuery
FNDA:0,(anonymous_16)
FNDA:0,(anonymous_17)
FNDA:0,success
FNDA:0,error
FNDA:0,setDatabases
FNDA:11,addQueryEditor
FNDA:1,cloneQueryToNewTab
FNDA:0,setNetworkStatus
FNDA:1,addAlert
FNDA:1,removeAlert
FNDA:1,setActiveQueryEditor
FNDA:0,setActiveSouthPaneTab
FNDA:1,removeQueryEditor
FNDA:1,removeQuery
FNDA:1,queryEditorSetDb
FNDA:1,queryEditorSetSchema
FNDA:2,queryEditorSetAutorun
FNDA:1,queryEditorSetTitle
FNDA:1,queryEditorSetSql
FNDA:1,queryEditorSetSelectedText
FNDA:5,mergeTable
FNDA:0,addTable
FNDA:0,(anonymous_39)
FNDA:0,(anonymous_40)
FNDA:0,(anonymous_41)
FNDA:0,(anonymous_42)
FNDA:0,changeDataPreviewId
FNDA:0,reFetchQueryResults
FNDA:0,(anonymous_45)
FNDA:1,expandTable
FNDA:1,collapseTable
FNDA:1,removeTable
FNDA:1,refreshQueries
DA:1,1
DA:2,1
DA:3,1
DA:5,1
DA:6,1
DA:7,1
DA:8,1
DA:9,1
DA:10,1
DA:11,1
DA:12,1
DA:13,1
DA:14,1
DA:15,1
DA:16,1
DA:17,1
DA:18,1
DA:19,1
DA:20,1
DA:21,1
DA:22,1
DA:23,1
DA:24,1
DA:25,1
DA:26,1
DA:27,1
DA:28,1
DA:29,1
DA:30,1
DA:31,1
DA:32,1
DA:33,1
DA:34,1
DA:35,1
DA:36,1
DA:39,0
DA:43,3
DA:50,3
DA:54,0
DA:58,0
DA:62,1
DA:66,0
DA:70,0
DA:74,0
DA:78,0
DA:79,0
DA:80,0
DA:81,0
DA:86,0
DA:89,0
DA:96,0
DA:97,0
DA:98,0
DA:99,0
DA:111,0
DA:117,0
DA:118,0
DA:122,0
DA:123,0
DA:124,0
DA:126,0
DA:127,0
DA:130,0
DA:131,0
DA:132,0
DA:133,0
DA:135,0
DA:142,0
DA:146,11
DA:147,11
DA:151,1
DA:155,0
DA:159,1
DA:160,1
DA:161,1
DA:165,1
DA:169,1
DA:173,0
DA:177,1
DA:181,1
DA:185,1
DA:189,1
DA:193,2
DA:197,1
DA:201,1
DA:205,1
DA:209,5
DA:213,0
DA:214,0
DA:215,0
DA:216,0
DA:227,0
DA:236,0
DA:239,0
DA:247,0
DA:248,0
DA:249,0
DA:255,0
DA:256,0
DA:262,0
DA:266,0
DA:267,0
DA:277,0
DA:278,0
DA:283,1
DA:287,1
DA:291,1
DA:295,1
LF:108
LH:59
BRDA:44,0,0,0
BRDA:44,0,1,3
BRDA:47,1,0,0
BRDA:47,1,1,3
BRDA:117,2,0,0
BRDA:117,2,1,0
BRDA:126,3,0,0
BRDA:126,3,1,0
BRDA:130,4,0,0
BRDA:130,4,1,0
BRDA:130,5,0,0
BRDA:130,5,1,0
BRDA:132,6,0,0
BRDA:132,6,1,0
BRF:14
BRH:2
end_of_record
TN:
SF:/Users/maxime_beauchemin/code/caravel/superset/assets/javascripts/SqlLab/constants.js
FNF:0
FNH:0
DA:1,1
DA:10,1
DA:16,1
LF:3
LH:3
BRF:0
BRH:0
end_of_record
TN:
SF:/Users/maxime_beauchemin/code/caravel/superset/assets/javascripts/SqlLab/index.jsx
FNF:0
FNH:0
DA:1,0
DA:2,0
DA:3,0
DA:5,0
DA:6,0
DA:7,0
DA:8,0
DA:9,0
DA:10,0
DA:11,0
DA:13,0
DA:16,0
DA:18,0
DA:22,0
DA:24,0
LF:15
LH:0
BRF:0
BRH:0
end_of_record
TN:
SF:/Users/maxime_beauchemin/code/caravel/superset/assets/javascripts/SqlLab/reducers.js
FN:29,(anonymous_3)
FN:29,sqlLabReducer
FN:30,(anonymous_5)
FN:30,(anonymous_6)
FN:38,(anonymous_7)
FN:30,(anonymous_8)
FN:54,(anonymous_9)
FN:56,(anonymous_10)
FN:63,(anonymous_11)
FN:30,(anonymous_12)
FN:30,(anonymous_13)
FN:30,(anonymous_14)
FN:78,(anonymous_15)
FN:30,(anonymous_16)
FN:30,(anonymous_17)
FN:30,(anonymous_18)
FN:117,(anonymous_19)
FN:30,(anonymous_20)
FN:30,(anonymous_21)
FN:30,(anonymous_22)
FN:30,(anonymous_23)
FN:30,(anonymous_24)
FN:30,(anonymous_25)
FN:30,(anonymous_26)
FN:30,(anonymous_27)
FN:30,(anonymous_28)
FN:183,(anonymous_29)
FN:30,(anonymous_30)
FN:30,(anonymous_31)
FN:30,(anonymous_32)
FN:30,(anonymous_33)
FN:30,(anonymous_34)
FN:30,(anonymous_35)
FN:30,(anonymous_36)
FN:30,(anonymous_37)
FN:30,(anonymous_38)
FN:217,(anonymous_39)
FN:30,(anonymous_40)
FN:30,(anonymous_41)
FN:30,(anonymous_42)
FNF:40
FNH:27
FNDA:1,(anonymous_3)
FNDA:37,sqlLabReducer
FNDA:11,(anonymous_5)
FNDA:1,(anonymous_6)
FNDA:1,(anonymous_7)
FNDA:1,(anonymous_8)
FNDA:1,(anonymous_9)
FNDA:0,(anonymous_10)
FNDA:2,(anonymous_11)
FNDA:1,(anonymous_12)
FNDA:0,(anonymous_13)
FNDA:5,(anonymous_14)
FNDA:1,(anonymous_15)
FNDA:1,(anonymous_16)
FNDA:0,(anonymous_17)
FNDA:0,(anonymous_18)
FNDA:0,(anonymous_19)
FNDA:1,(anonymous_20)
FNDA:1,(anonymous_21)
FNDA:3,(anonymous_22)
FNDA:1,(anonymous_23)
FNDA:0,(anonymous_24)
FNDA:0,(anonymous_25)
FNDA:0,(anonymous_26)
FNDA:0,(anonymous_27)
FNDA:1,(anonymous_28)
FNDA:3,(anonymous_29)
FNDA:0,(anonymous_30)
FNDA:1,(anonymous_31)
FNDA:1,(anonymous_32)
FNDA:1,(anonymous_33)
FNDA:1,(anonymous_34)
FNDA:1,(anonymous_35)
FNDA:2,(anonymous_36)
FNDA:1,(anonymous_37)
FNDA:0,(anonymous_38)
FNDA:0,(anonymous_39)
FNDA:1,(anonymous_40)
FNDA:0,(anonymous_41)
FNDA:1,(anonymous_42)
DA:1,1
DA:2,1
DA:3,1
DA:4,1
DA:7,1
DA:17,1
DA:29,1
DA:30,37
DA:32,11
DA:33,11
DA:34,11
DA:35,11
DA:38,1
DA:40,1
DA:49,1
DA:52,1
DA:54,1
DA:55,1
DA:56,1
DA:57,0
DA:58,0
DA:59,0
DA:62,1
DA:63,2
DA:64,1
DA:65,1
DA:68,1
DA:69,1
DA:70,1
DA:73,0
DA:76,5
DA:77,5
DA:78,5
DA:79,1
DA:84,1
DA:87,5
DA:88,1
DA:89,0
DA:91,1
DA:93,4
DA:95,4
DA:96,4
DA:97,4
DA:98,0
DA:100,4
DA:103,1
DA:106,0
DA:107,0
DA:108,0
DA:109,0
DA:113,0
DA:114,0
DA:116,0
DA:117,0
DA:118,0
DA:119,0
DA:121,0
DA:124,0
DA:128,1
DA:131,1
DA:134,3
DA:135,3
DA:136,0
DA:137,0
DA:138,0
DA:140,0
DA:141,0
DA:142,0
DA:145,3
DA:147,3
DA:148,3
DA:149,3
DA:152,1
DA:155,0
DA:156,0
DA:157,0
DA:160,0
DA:163,0
DA:164,0
DA:165,0
DA:167,0
DA:176,0
DA:179,0
DA:180,0
DA:183,3
DA:184,1
DA:185,1
DA:186,1
DA:187,1
DA:189,0
DA:192,0
DA:195,1
DA:198,1
DA:201,1
DA:204,1
DA:207,1
DA:210,2
DA:213,1
DA:216,0
DA:217,0
DA:218,0
DA:220,0
DA:223,1
DA:226,0
DA:227,0
DA:229,0
DA:232,1
DA:234,1
DA:235,1
DA:236,0
DA:237,0
DA:240,0
DA:241,0
DA:244,1
DA:245,1
DA:247,1
DA:248,1
DA:251,37
DA:252,37
DA:254,0
LF:120
LH:71
BRDA:43,0,0,1
BRDA:43,0,1,0
BRDA:44,1,0,0
BRDA:44,1,1,1
BRDA:58,2,0,0
BRDA:58,2,1,0
BRDA:79,3,0,1
BRDA:79,3,1,0
BRDA:80,4,0,1
BRDA:80,4,1,1
BRDA:80,4,2,1
BRDA:80,4,3,1
BRDA:87,5,0,1
BRDA:87,5,1,4
BRDA:88,6,0,0
BRDA:88,6,1,1
BRDA:97,7,0,0
BRDA:97,7,1,4
BRDA:118,8,0,0
BRDA:118,8,1,0
BRDA:135,9,0,0
BRDA:135,9,1,3
BRDA:137,10,0,0
BRDA:137,10,1,0
BRDA:137,11,0,0
BRDA:137,11,1,0
BRDA:164,12,0,0
BRDA:164,12,1,0
BRDA:184,13,0,1
BRDA:184,13,1,0
BRDA:226,14,0,0
BRDA:226,14,1,0
BRDA:237,15,0,0
BRDA:237,15,1,0
BRDA:238,16,0,0
BRDA:238,16,1,0
BRDA:244,17,0,1
BRDA:244,17,1,0
BRDA:251,18,0,37
BRDA:251,18,1,0
BRF:40
BRH:15
end_of_record
TN:
SF:/Users/maxime_beauchemin/code/caravel/superset/assets/javascripts/SqlLab/components/AceEditorWrapper.jsx
FN:21,(anonymous_7)
FN:21,onBlur
FN:22,(anonymous_9)
FN:22,onAltEnter
FN:27,AceEditorWrapper
FN:59,(anonymous_25)
FN:59,exec
FN:64,(anonymous_27)
FN:74,(anonymous_30)
FN:77,(anonymous_31)
FN:81,(anonymous_32)
FN:85,(anonymous_33)
FNF:12
FNH:2
FNDA:1,(anonymous_7)
FNDA:0,onBlur
FNDA:1,(anonymous_9)
FNDA:0,onAltEnter
FNDA:0,AceEditorWrapper
FNDA:0,(anonymous_25)
FNDA:0,exec
FNDA:0,(anonymous_27)
FNDA:0,(anonymous_30)
FNDA:0,(anonymous_31)
FNDA:0,(anonymous_32)
FNDA:0,(anonymous_33)
DA:1,1
DA:2,1
DA:3,1
DA:4,1
DA:5,1
DA:6,1
DA:7,1
DA:9,1
DA:11,1
DA:20,1
DA:21,1
DA:22,1
DA:27,0
DA:29,0
DA:35,0
DA:36,0
DA:39,0
DA:40,0
DA:42,0
DA:43,0
DA:47,0
DA:50,0
DA:53,0
DA:55,0
DA:56,0
DA:59,0
DA:60,0
DA:63,0
DA:64,0
DA:65,0
DA:69,0
DA:71,0
DA:72,0
DA:73,0
DA:74,0
DA:75,0
DA:76,0
DA:77,0
DA:78,0
DA:81,0
DA:85,0
DA:86,0
DA:89,0
DA:90,0
DA:95,0
DA:113,1
DA:114,1
LF:47
LH:14
BRDA:27,0,0,0
BRDA:27,0,1,0
BRDA:39,1,0,0
BRDA:39,1,1,0
BRDA:42,2,0,0
BRDA:42,2,1,0
BRDA:73,3,0,0
BRDA:73,3,1,0
BRDA:76,4,0,0
BRDA:76,4,1,0
BRDA:89,5,0,0
BRDA:89,5,1,0
BRF:12
BRH:0
end_of_record
TN:
SF:/Users/maxime_beauchemin/code/caravel/superset/assets/javascripts/SqlLab/components/Alerts.jsx
FN:9,(anonymous_13)
FNF:1
FNH:1
FNDA:1,(anonymous_13)
DA:1,1
DA:2,1
DA:6,0
DA:8,1
DA:9,1
DA:23,1
DA:29,1
LF:7
LH:6
BRF:0
BRH:0
end_of_record
TN:
SF:/Users/maxime_beauchemin/code/caravel/superset/assets/javascripts/SqlLab/components/App.jsx
FN:14,App
FN:81,mapStateToProps
FN:86,mapDispatchToProps
FNF:3
FNH:0
FNDA:0,App
FNDA:0,mapStateToProps
FNDA:0,mapDispatchToProps
DA:1,1
DA:2,1
DA:3,1
DA:5,1
DA:6,1
DA:7,1
DA:8,1
DA:10,1
DA:11,1
DA:14,0
DA:16,0
DA:23,0
DA:24,0
DA:25,0
DA:28,0
DA:29,0
DA:32,0
DA:33,0
DA:35,0
DA:36,0
DA:37,0
DA:40,0
DA:43,0
DA:46,0
DA:47,0
DA:48,0
DA:58,0
DA:65,0
DA:76,1
DA:82,0
DA:87,0
LF:31
LH:10
BRDA:14,0,0,0
BRDA:14,0,1,0
BRDA:34,1,0,0
BRDA:34,1,1,0
BRDA:47,2,0,0
BRDA:47,2,1,0
BRF:6
BRH:0
end_of_record
TN:
SF:/Users/maxime_beauchemin/code/caravel/superset/assets/javascripts/SqlLab/components/ColumnElement.jsx
FN:27,(anonymous_11)
FNF:1
FNH:1
FNDA:18,(anonymous_11)
DA:1,1
DA:3,1
DA:5,1
DA:9,1
DA:14,1
DA:22,73
DA:23,73
DA:24,73
DA:25,73
DA:26,12
DA:27,18
DA:46,73
DA:57,1
LF:13
LH:13
BRDA:25,0,0,12
BRDA:25,0,1,61
BRDA:25,1,0,73
BRDA:25,1,1,12
BRF:4
BRH:4
end_of_record
TN:
SF:/Users/maxime_beauchemin/code/caravel/superset/assets/javascripts/SqlLab/components/CopyQueryTabUrl.jsx
FN:10,CopyQueryTabUrl
FNF:1
FNH:0
FNDA:0,CopyQueryTabUrl
DA:1,1
DA:2,1
DA:3,1
DA:5,1
DA:10,0
DA:12,0
DA:18,0
DA:19,0
DA:20,0
DA:21,0
DA:22,0
DA:23,0
DA:24,0
DA:26,0
DA:27,0
DA:28,0
DA:32,0
DA:38,0
DA:54,1
LF:19
LH:5
BRDA:10,0,0,0
BRDA:10,0,1,0
BRDA:20,1,0,0
BRDA:20,1,1,0
BRDA:21,2,0,0
BRDA:21,2,1,0
BRDA:22,3,0,0
BRDA:22,3,1,0
BRDA:23,4,0,0
BRDA:23,4,1,0
BRDA:24,5,0,0
BRDA:24,5,1,0
BRF:12
BRH:0
end_of_record
TN:
SF:/Users/maxime_beauchemin/code/caravel/superset/assets/javascripts/SqlLab/components/DataPreviewModal.jsx
FN:45,mapStateToProps
FN:52,mapDispatchToProps
FNF:2
FNH:0
FNDA:0,mapStateToProps
FNDA:0,mapDispatchToProps
DA:1,0
DA:2,0
DA:3,0
DA:4,0
DA:5,0
DA:7,0
DA:9,0
DA:18,0
DA:21,0
DA:22,0
DA:23,0
DA:40,0
DA:43,0
DA:46,0
DA:53,0
LF:15
LH:0
BRDA:21,0,0,0
BRDA:21,0,1,0
BRDA:21,1,0,0
BRDA:21,1,1,0
BRF:4
BRH:0
end_of_record
TN:
SF:/Users/maxime_beauchemin/code/caravel/superset/assets/javascripts/SqlLab/components/DatabaseSelect.jsx
FN:13,DatabaseSelect
FN:29,(anonymous_15)
FN:30,(anonymous_16)
FNF:3
FNH:1
FNDA:3,DatabaseSelect
FNDA:0,(anonymous_15)
FNDA:0,(anonymous_16)
DA:1,1
DA:2,1
DA:3,1
DA:5,1
DA:13,9
DA:15,3
DA:21,1
DA:24,1
DA:26,1
DA:27,1
DA:28,1
DA:29,1
DA:30,0
DA:31,0
DA:32,0
DA:33,0
DA:34,0
DA:42,4
DA:59,1
LF:19
LH:14
BRDA:13,0,0,3
BRDA:13,0,1,0
BRDA:33,1,0,0
BRDA:33,1,1,0
BRF:4
BRH:1
end_of_record
TN:
SF:/Users/maxime_beauchemin/code/caravel/superset/assets/javascripts/SqlLab/components/HighlightedSql.jsx
FN:22,HighlightedSql
FN:36,(anonymous_11)
FNF:2
FNH:2
FNDA:3,HighlightedSql
FNDA:3,(anonymous_11)
DA:1,1
DA:2,1
DA:3,1
DA:4,1
DA:5,1
DA:7,1
DA:13,1
DA:22,9
DA:24,3
DA:29,3
DA:30,3
DA:31,3
DA:32,3
DA:33,0
DA:34,0
DA:36,3
DA:37,3
DA:38,3
DA:40,0
DA:45,4
DA:46,4
DA:47,4
DA:55,1
DA:56,1
DA:57,1
DA:58,1
DA:67,1
DA:80,4
DA:90,1
DA:91,1
LF:30
LH:27
BRDA:22,0,0,3
BRDA:22,0,1,0
BRDA:30,1,0,3
BRDA:30,1,1,0
BRDA:32,2,0,0
BRDA:32,2,1,3
BRDA:37,3,0,3
BRDA:37,3,1,0
BRDA:46,4,0,3
BRDA:46,4,1,1
BRDA:57,5,0,1
BRDA:57,5,1,0
BRDA:57,6,0,1
BRDA:57,6,1,1
BRF:14
BRH:9
end_of_record
TN:
SF:/Users/maxime_beauchemin/code/caravel/superset/assets/javascripts/SqlLab/components/Link.jsx
FN:16,(anonymous_7)
FN:16,onClick
FNF:2
FNH:1
FNDA:1,(anonymous_7)
FNDA:0,onClick
DA:1,1
DA:2,1
DA:4,1
DA:13,1
DA:16,1
DA:26,20
DA:31,20
DA:40,20
DA:41,20
DA:52,0
DA:55,1
DA:56,1
LF:12
LH:11
BRDA:40,0,0,20
BRDA:40,0,1,0
BRF:2
BRH:1
end_of_record
TN:
SF:/Users/maxime_beauchemin/code/caravel/superset/assets/javascripts/SqlLab/components/QueryAutoRefresh.jsx
FN:29,(anonymous_20)
FN:35,(anonymous_21)
FN:51,mapStateToProps
FN:57,mapDispatchToProps
FNF:4
FNH:0
FNDA:0,(anonymous_20)
FNDA:0,(anonymous_21)
FNDA:0,mapStateToProps
FNDA:0,mapDispatchToProps
DA:1,1
DA:2,1
DA:3,1
DA:4,1
DA:6,1
DA:7,1
DA:8,1
DA:12,0
DA:15,0
DA:18,0
DA:19,0
DA:23,0
DA:24,0
DA:26,0
DA:27,0
DA:29,0
DA:30,0
DA:31,0
DA:33,0
DA:36,0
DA:40,0
DA:43,1
DA:47,1
DA:52,0
DA:58,0
LF:25
LH:9
BRDA:18,0,0,0
BRDA:18,0,1,0
BRDA:30,1,0,0
BRDA:30,1,1,0
BRF:4
BRH:0
end_of_record
TN:
SF:/Users/maxime_beauchemin/code/caravel/superset/assets/javascripts/SqlLab/components/QueryHistory.jsx
FN:11,(anonymous_1)
FN:11,QueryHistory
FNF:2
FNH:1
FNDA:1,(anonymous_1)
FNDA:0,QueryHistory
DA:1,1
DA:3,1
DA:4,1
DA:6,1
DA:11,1
DA:12,0
DA:13,0
DA:24,0
DA:30,1
LF:9
LH:6
BRDA:12,0,0,0
BRDA:12,0,1,0
BRF:2
BRH:0
end_of_record
TN:
SF:/Users/maxime_beauchemin/code/caravel/superset/assets/javascripts/SqlLab/components/QuerySearch.jsx
FN:16,QuerySearch
FN:38,(anonymous_15)
FN:41,(anonymous_18)
FN:81,(anonymous_31)
FN:95,(anonymous_38)
FN:117,(anonymous_41)
FN:161,(anonymous_44)
FN:171,(anonymous_45)
FN:181,(anonymous_46)
FNF:9
FNH:5
FNDA:1,QuerySearch
FNDA:0,(anonymous_15)
FNDA:0,(anonymous_18)
FNDA:6,(anonymous_31)
FNDA:0,(anonymous_38)
FNDA:0,(anonymous_41)
FNDA:30,(anonymous_44)
FNDA:35,(anonymous_45)
FNDA:15,(anonymous_46)
DA:1,1
DA:2,1
DA:3,1
DA:4,1
DA:5,1
DA:6,1
DA:7,1
DA:9,1
DA:11,1
DA:16,3
DA:18,1
DA:32,1
DA:35,0
DA:37,0
DA:38,0
DA:40,0
DA:41,0
DA:44,0
DA:45,0
DA:48,0
DA:50,0
DA:52,0
DA:54,0
DA:56,0
DA:58,0
DA:60,0
DA:62,0
DA:64,0
DA:68,1
DA:69,1
DA:72,1
DA:73,1
DA:76,1
DA:77,1
DA:80,1
DA:81,6
DA:83,1
DA:86,1
DA:87,1
DA:90,1
DA:92,1
DA:93,1
DA:94,1
DA:95,1
DA:96,0
DA:97,0
DA:98,0
DA:99,0
DA:101,0
DA:105,1
DA:106,1
DA:107,1
DA:116,1
DA:117,1
DA:118,0
DA:119,0
DA:120,0
DA:121,0
DA:123,0
DA:128,5
DA:161,30
DA:171,35
DA:181,15
DA:219,1
LF:64
LH:38
BRDA:16,0,0,1
BRDA:16,0,1,0
BRDA:44,1,0,0
BRDA:44,1,1,0
BRDA:49,2,0,0
BRDA:49,2,1,0
BRDA:49,2,2,0
BRDA:49,2,3,0
BRDA:49,2,4,0
BRDA:49,2,5,0
BRDA:49,2,6,0
BRDA:49,2,7,0
BRDA:68,3,0,1
BRDA:68,3,1,0
BRDA:72,4,0,1
BRDA:72,4,1,0
BRDA:76,5,0,1
BRDA:76,5,1,0
BRDA:86,6,0,1
BRDA:86,6,1,0
BRDA:96,7,0,0
BRDA:96,7,1,0
BRDA:108,8,0,1
BRDA:108,8,1,0
BRDA:109,9,0,0
BRDA:109,9,1,1
BRDA:110,10,0,1
BRDA:110,10,1,0
BRDA:111,11,0,1
BRDA:111,11,1,0
BRDA:112,12,0,0
BRDA:112,12,1,1
BRDA:113,13,0,0
BRDA:113,13,1,1
BRDA:118,14,0,0
BRDA:118,14,1,0
BRDA:193,15,0,5
BRDA:193,15,1,0
BRF:38
BRH:12
end_of_record
TN:
SF:/Users/maxime_beauchemin/code/caravel/superset/assets/javascripts/SqlLab/components/QueryTable.jsx
FN:25,(anonymous_7)
FN:25,onUserClicked
FN:26,(anonymous_9)
FN:26,onDbClicked
FN:31,QueryTable
FN:70,(anonymous_31)
FNF:6
FNH:4
FNDA:1,(anonymous_7)
FNDA:0,onUserClicked
FNDA:1,(anonymous_9)
FNDA:0,onDbClicked
FNDA:1,QueryTable
FNDA:2,(anonymous_31)
DA:1,1
DA:3,1
DA:4,1
DA:5,1
DA:6,1
DA:7,1
DA:8,1
DA:9,1
DA:10,1
DA:11,1
DA:12,1
DA:13,1
DA:15,1
DA:22,1
DA:25,1
DA:26,1
DA:31,3
DA:33,1
DA:34,1
DA:35,1
DA:42,2
DA:43,2
DA:44,2
DA:47,0
DA:50,0
DA:53,0
DA:57,0
DA:60,0
DA:63,0
DA:66,0
DA:69,1
DA:70,1
DA:71,2
DA:72,2
DA:73,2
DA:75,2
DA:76,2
DA:84,2
DA:92,2
DA:93,2
DA:103,2
DA:106,2
DA:107,1
DA:126,1
DA:128,2
DA:136,2
DA:137,2
DA:138,0
DA:144,2
DA:152,2
DA:178,2
DA:180,1
DA:196,1
DA:197,1
LF:54
LH:46
BRDA:31,0,0,1
BRDA:31,0,1,0
BRDA:72,1,0,2
BRDA:72,1,1,0
BRDA:106,2,0,1
BRDA:106,2,1,1
BRDA:137,3,0,0
BRDA:137,3,1,2
BRF:8
BRH:5
end_of_record
TN:
SF:/Users/maxime_beauchemin/code/caravel/superset/assets/javascripts/SqlLab/components/ResultSet.jsx
FN:31,ResultSet
FN:190,(anonymous_29)
FN:194,(anonymous_30)
FNF:3
FNH:3
FNDA:1,ResultSet
FNDA:2,(anonymous_29)
FNDA:2,(anonymous_30)
DA:1,1
DA:2,1
DA:3,1
DA:4,1
DA:6,1
DA:7,1
DA:9,1
DA:19,1
DA:31,3
DA:33,1
DA:41,0
DA:44,0
DA:51,1
DA:52,1
DA:53,1
DA:54,1
DA:60,1
DA:61,1
DA:62,1
DA:71,1
DA:72,1
DA:73,1
DA:82,1
DA:98,0
DA:101,0
DA:104,0
DA:111,0
DA:114,0
DA:117,0
DA:120,0
DA:123,0
DA:126,0
DA:129,1
DA:130,1
DA:131,1
DA:132,1
DA:133,0
DA:135,1
DA:138,1
DA:140,1
DA:141,0
DA:143,1
DA:144,0
DA:145,0
DA:146,0
DA:153,0
DA:159,1
DA:160,0
DA:161,1
DA:162,0
DA:176,1
DA:177,1
DA:178,1
DA:190,2
DA:194,2
DA:200,0
DA:201,0
DA:212,0
DA:213,0
DA:223,0
DA:226,1
DA:227,1
LF:62
LH:38
BRDA:31,0,0,1
BRDA:31,0,1,0
BRDA:41,1,0,0
BRDA:41,1,1,0
BRDA:41,2,0,0
BRDA:41,2,1,0
BRDA:41,2,2,0
BRDA:41,2,3,0
BRDA:51,3,0,1
BRDA:51,3,1,0
BRDA:51,4,0,1
BRDA:51,4,1,0
BRDA:51,4,2,0
BRDA:53,5,0,1
BRDA:53,5,1,0
BRDA:61,6,0,1
BRDA:61,6,1,0
BRDA:72,7,0,1
BRDA:72,7,1,0
BRDA:132,8,0,0
BRDA:132,8,1,1
BRDA:132,9,0,1
BRDA:132,9,1,0
BRDA:135,10,0,1
BRDA:135,10,1,0
BRDA:140,11,0,0
BRDA:140,11,1,1
BRDA:143,12,0,0
BRDA:143,12,1,1
BRDA:145,13,0,0
BRDA:145,13,1,0
BRDA:145,14,0,0
BRDA:145,14,1,0
BRDA:159,15,0,0
BRDA:159,15,1,1
BRDA:161,16,0,0
BRDA:161,16,1,1
BRDA:161,17,0,1
BRDA:161,17,1,1
BRDA:176,18,0,1
BRDA:176,18,1,0
BRDA:177,19,0,1
BRDA:177,19,1,0
BRDA:177,20,0,1
BRDA:177,20,1,1
BRDA:177,20,2,1
BRDA:200,21,0,0
BRDA:200,21,1,0
BRDA:212,22,0,0
BRDA:212,22,1,0
BRF:50
BRH:20
end_of_record
TN:
SF:/Users/maxime_beauchemin/code/caravel/superset/assets/javascripts/SqlLab/components/SouthPane.jsx
FN:45,(anonymous_14)
FN:84,mapStateToProps
FN:90,mapDispatchToProps
FNF:3
FNH:0
FNDA:0,(anonymous_14)
FNDA:0,mapStateToProps
FNDA:0,mapDispatchToProps
DA:1,1
DA:2,1
DA:3,1
DA:4,1
DA:5,1
DA:6,1
DA:7,1
DA:9,1
DA:15,1
DA:22,1
DA:28,0
DA:31,0
DA:32,0
DA:33,0
DA:34,0
DA:36,0
DA:37,0
DA:38,0
DA:42,0
DA:45,0
DA:55,0
DA:85,0
DA:91,0
DA:96,1
DA:97,1
LF:25
LH:12
BRDA:33,0,0,0
BRDA:33,0,1,0
BRDA:37,1,0,0
BRDA:37,1,1,0
BRF:4
BRH:0
end_of_record
TN:
SF:/Users/maxime_beauchemin/code/caravel/superset/assets/javascripts/SqlLab/components/SqlEditor.jsx
FN:45,SqlEditor
FNF:1
FNH:1
FNDA:1,SqlEditor
DA:1,1
DA:2,1
DA:17,1
DA:18,1
DA:20,1
DA:21,1
DA:23,1
DA:36,1
DA:45,3
DA:47,1
DA:53,0
DA:56,0
DA:57,0
DA:58,0
DA:59,0
DA:62,0
DA:63,0
DA:64,0
DA:65,0
DA:67,0
DA:69,0
DA:70,0
DA:71,0
DA:81,0
DA:82,0
DA:85,0
DA:88,0
DA:91,0
DA:94,0
DA:98,1
DA:99,1
DA:100,1
DA:101,1
DA:105,1
DA:106,1
DA:107,1
DA:108,1
DA:109,0
DA:110,0
DA:112,1
DA:113,0
DA:126,1
DA:127,0
DA:140,1
DA:145,1
DA:148,0
DA:161,1
DA:162,1
DA:164,0
DA:170,0
DA:176,1
DA:177,1
DA:178,0
DA:202,1
DA:215,1
DA:263,1
DA:264,1
LF:57
LH:30
BRDA:45,0,0,1
BRDA:45,0,1,0
BRDA:56,1,0,0
BRDA:56,1,1,0
BRDA:62,2,0,0
BRDA:62,2,1,0
BRDA:62,3,0,0
BRDA:62,3,1,0
BRDA:64,4,0,0
BRDA:64,4,1,0
BRDA:69,5,0,0
BRDA:69,5,1,0
BRDA:69,6,0,0
BRDA:69,6,1,0
BRDA:69,7,0,0
BRDA:69,7,1,0
BRDA:69,8,0,0
BRDA:69,8,1,0
BRDA:73,9,0,0
BRDA:73,9,1,0
BRDA:108,10,0,0
BRDA:108,10,1,1
BRDA:112,11,0,0
BRDA:112,11,1,1
BRDA:112,12,0,1
BRDA:112,12,1,1
BRDA:126,13,0,0
BRDA:126,13,1,1
BRDA:126,14,0,1
BRDA:126,14,1,1
BRDA:145,15,0,0
BRDA:145,15,1,1
BRDA:146,16,0,1
BRDA:146,16,1,1
BRDA:162,17,0,0
BRDA:162,17,1,1
BRDA:162,18,0,1
BRDA:162,18,1,1
BRDA:177,19,0,0
BRDA:177,19,1,1
BRDA:177,20,0,1
BRDA:177,20,1,1
BRDA:237,21,0,0
BRDA:237,21,1,1
BRF:44
BRH:18
end_of_record
TN:
SF:/Users/maxime_beauchemin/code/caravel/superset/assets/javascripts/SqlLab/components/SqlEditorLeftBar.jsx
FN:22,SqlEditorLeftBar
FN:57,(anonymous_18)
FN:58,(anonymous_19)
FN:59,(anonymous_20)
FN:76,(anonymous_25)
FN:78,(anonymous_26)
FN:110,(anonymous_33)
FN:110,valueRenderer
FN:123,(anonymous_35)
FN:123,valueRenderer
FN:146,(anonymous_37)
FNF:11
FNH:4
FNDA:1,SqlEditorLeftBar
FNDA:0,(anonymous_18)
FNDA:0,(anonymous_19)
FNDA:0,(anonymous_20)
FNDA:0,(anonymous_25)
FNDA:0,(anonymous_26)
FNDA:1,(anonymous_33)
FNDA:0,valueRenderer
FNDA:1,(anonymous_35)
FNDA:0,valueRenderer
FNDA:1,(anonymous_37)
DA:1,1
DA:2,1
DA:3,1
DA:4,1
DA:5,1
DA:6,1
DA:8,1
DA:15,1
DA:22,3
DA:24,1
DA:33,1
DA:34,1
DA:37,0
DA:38,0
DA:39,0
DA:40,0
DA:41,0
DA:43,0
DA:44,0
DA:48,0
DA:50,1
DA:51,1
DA:52,1
DA:53,0
DA:54,0
DA:55,0
DA:56,0
DA:57,0
DA:58,0
DA:59,0
DA:60,0
DA:61,0
DA:62,0
DA:67,0
DA:68,0
DA:69,0
DA:71,1
DA:72,1
DA:73,1
DA:74,0
DA:75,0
DA:76,0
DA:77,0
DA:78,0
DA:79,0
DA:80,0
DA:85,0
DA:88,0
DA:89,0
DA:91,0
DA:92,0
DA:93,0
DA:95,1
DA:96,1
DA:97,1
DA:98,0
DA:100,1
DA:101,1
DA:110,1
DA:123,1
DA:146,1
DA:164,1
DA:165,1
LF:63
LH:28
BRDA:22,0,0,1
BRDA:22,0,1,0
BRDA:37,1,0,0
BRDA:37,1,1,0
BRDA:40,2,0,0
BRDA:40,2,1,0
BRDA:51,3,0,1
BRDA:51,3,1,1
BRDA:52,4,0,0
BRDA:52,4,1,1
BRDA:53,5,0,0
BRDA:53,5,1,0
BRDA:67,6,0,0
BRDA:67,6,1,0
BRDA:72,7,0,1
BRDA:72,7,1,1
BRDA:73,8,0,0
BRDA:73,8,1,1
BRDA:97,9,0,0
BRDA:97,9,1,1
BRDA:154,10,0,1
BRDA:154,10,1,0
BRF:22
BRH:9
end_of_record
TN:
SF:/Users/maxime_beauchemin/code/caravel/superset/assets/javascripts/SqlLab/components/TabbedSqlEditors.jsx
FN:29,TabbedSqlEditors
FN:72,(anonymous_14)
FN:125,(anonymous_29)
FN:174,(anonymous_30)
FN:211,mapStateToProps
FN:221,mapDispatchToProps
FNF:6
FNH:2
FNDA:1,TabbedSqlEditors
FNDA:0,(anonymous_14)
FNDA:1,(anonymous_29)
FNDA:0,(anonymous_30)
FNDA:0,mapStateToProps
FNDA:0,mapDispatchToProps
DA:1,1
DA:2,1
DA:3,1
DA:4,1
DA:5,1
DA:6,1
DA:7,1
DA:8,1
DA:9,1
DA:11,1
DA:21,1
DA:26,1
DA:29,3
DA:31,1
DA:32,1
DA:33,1
DA:34,1
DA:35,1
DA:45,1
DA:46,0
DA:47,0
DA:54,0
DA:56,0
DA:60,0
DA:61,0
DA:62,0
DA:63,0
DA:64,0
DA:67,0
DA:68,0
DA:71,0
DA:72,0
DA:73,0
DA:74,0
DA:75,0
DA:78,0
DA:79,0
DA:84,0
DA:85,0
DA:86,0
DA:90,1
DA:91,1
DA:92,1
DA:93,1
DA:94,1
DA:97,0
DA:100,0
DA:101,0
DA:102,0
DA:109,0
DA:112,0
DA:113,0
DA:115,0
DA:119,0
DA:122,0
DA:124,1
DA:125,1
DA:126,1
DA:128,1
DA:129,1
DA:130,0
DA:132,1
DA:133,1
DA:134,0
DA:136,1
DA:139,1
DA:163,1
DA:174,0
DA:189,1
DA:208,1
DA:209,1
DA:212,0
DA:222,0
LF:73
LH:37
BRDA:29,0,0,1
BRDA:29,0,1,0
BRDA:33,1,0,0
BRDA:33,1,1,1
BRDA:45,2,0,0
BRDA:45,2,1,1
BRDA:63,3,0,0
BRDA:63,3,1,0
BRDA:67,4,0,0
BRDA:67,4,1,0
BRDA:74,5,0,0
BRDA:74,5,1,0
BRDA:74,6,0,0
BRDA:74,6,1,0
BRDA:74,6,2,0
BRDA:78,7,0,0
BRDA:78,7,1,0
BRDA:85,8,0,0
BRDA:85,8,1,0
BRDA:93,9,0,1
BRDA:93,9,1,0
BRDA:104,10,0,0
BRDA:104,10,1,0
BRDA:105,11,0,0
BRDA:105,11,1,0
BRDA:112,12,0,0
BRDA:112,12,1,0
BRDA:129,13,0,0
BRDA:129,13,1,1
BRDA:133,14,0,0
BRDA:133,14,1,1
BRDA:136,15,0,0
BRDA:136,15,1,1
BRDA:152,16,0,1
BRDA:152,16,1,1
BRDA:158,17,0,0
BRDA:158,17,1,1
BRDA:171,18,0,1
BRDA:171,18,1,1
BRF:39
BRH:12
end_of_record
TN:
SF:/Users/maxime_beauchemin/code/caravel/superset/assets/javascripts/SqlLab/components/TableElement.jsx
FN:24,TableElement
FN:101,(anonymous_21)
FN:112,(anonymous_22)
FN:137,(anonymous_27)
FN:162,(anonymous_28)
FN:162,onClick
FNF:6
FNH:6
FNDA:7,TableElement
FNDA:25,(anonymous_21)
FNDA:126,(anonymous_22)
FNDA:36,(anonymous_27)
FNDA:9,(anonymous_28)
FNDA:1,onClick
DA:1,1
DA:3,1
DA:4,1
DA:6,1
DA:7,1
DA:8,1
DA:9,1
DA:11,1
DA:17,1
DA:24,21
DA:26,7
DA:33,0
DA:40,0
DA:44,1
DA:45,1
DA:46,1
DA:48,0
DA:53,1
DA:54,1
DA:57,1
DA:61,9
DA:62,9
DA:63,9
DA:64,9
DA:65,9
DA:66,9
DA:67,9
DA:68,9
DA:69,9
DA:78,9
DA:79,9
DA:80,27
DA:82,9
DA:83,9
DA:93,9
DA:96,9
DA:97,9
DA:98,9
DA:99,9
DA:100,9
DA:101,25
DA:105,9
DA:112,126
DA:120,9
DA:123,1
DA:126,9
DA:127,9
DA:128,9
DA:129,9
DA:130,9
DA:137,36
DA:149,9
DA:162,9
DA:211,1
DA:212,1
LF:55
LH:52
BRDA:24,0,0,7
BRDA:24,0,1,0
BRDA:45,1,0,1
BRDA:45,1,1,0
BRDA:63,2,0,9
BRDA:63,2,1,0
BRDA:66,3,0,9
BRDA:66,3,1,0
BRDA:98,4,0,9
BRDA:98,4,1,0
BRDA:100,5,0,1
BRDA:100,5,1,8
BRDA:112,6,0,9
BRDA:112,6,1,9
BRDA:129,7,0,9
BRDA:129,7,1,0
BRDA:129,8,0,9
BRDA:129,8,1,9
BRDA:166,9,0,9
BRDA:166,9,1,0
BRDA:175,10,0,8
BRDA:175,10,1,1
BRDA:180,11,0,8
BRDA:180,11,1,1
BRDA:184,12,0,9
BRDA:184,12,1,9
BRF:26
BRH:19
end_of_record
TN:
SF:/Users/maxime_beauchemin/code/caravel/superset/assets/javascripts/SqlLab/components/Timer.jsx
FN:7,Timer
FNF:1
FNH:1
FNDA:1,Timer
DA:1,1
DA:2,1
DA:4,1
DA:7,3
DA:9,1
DA:14,1
DA:17,0
DA:20,1
DA:21,1
DA:25,1
DA:26,1
DA:29,1
DA:30,1
DA:31,1
DA:32,1
DA:33,1
DA:34,1
DA:39,2
DA:40,0
DA:42,2
DA:43,2
DA:44,2
DA:45,2
DA:51,2
DA:54,1
DA:57,1
LF:26
LH:24
BRDA:7,0,0,1
BRDA:7,0,1,0
BRDA:20,1,0,1
BRDA:20,1,1,0
BRDA:29,2,0,1
BRDA:29,2,1,0
BRDA:29,3,0,1
BRDA:29,3,1,1
BRDA:30,4,0,1
BRDA:30,4,1,0
BRDA:33,5,0,1
BRDA:33,5,1,0
BRDA:39,6,0,0
BRDA:39,6,1,2
BRDA:39,7,0,2
BRDA:39,7,1,2
BRDA:43,8,0,2
BRDA:43,8,1,0
BRDA:43,9,0,2
BRDA:43,9,1,2
BRF:20
BRH:13
end_of_record
TN:
SF:/Users/maxime_beauchemin/code/caravel/superset/assets/javascripts/SqlLab/components/VisualizeModal.jsx
FN:23,(anonymous_8)
FN:23,onHide
FN:27,VisualizeModal
FN:51,(anonymous_18)
FN:60,(anonymous_21)
FN:92,(anonymous_26)
FN:139,(anonymous_37)
FN:171,(anonymous_38)
FNF:8
FNH:3
FNDA:1,(anonymous_8)
FNDA:0,onHide
FNDA:2,VisualizeModal
FNDA:0,(anonymous_18)
FNDA:0,(anonymous_21)
FNDA:0,(anonymous_26)
FNDA:2,(anonymous_37)
FNDA:0,(anonymous_38)
DA:1,1
DA:2,1
DA:4,1
DA:5,1
DA:6,1
DA:8,1
DA:15,1
DA:20,1
DA:23,1
DA:27,6
DA:29,2
DA:30,2
DA:38,1
DA:41,0
DA:44,0
DA:48,0
DA:50,0
DA:51,0
DA:52,0
DA:54,0
DA:57,1
DA:58,1
DA:59,1
DA:60,1
DA:61,0
DA:62,0
DA:70,1
DA:71,0
DA:72,1
DA:73,0
DA:74,0
DA:75,0
DA:76,0
DA:77,0
DA:80,0
DA:81,0
DA:84,1
DA:87,0
DA:90,1
DA:91,1
DA:92,0
DA:93,0
DA:94,0
DA:98,1
DA:101,0
DA:108,0
DA:111,0
DA:112,0
DA:115,0
DA:116,0
DA:117,0
DA:118,0
DA:121,0
DA:122,0
DA:123,0
DA:124,0
DA:125,0
DA:127,3
DA:128,3
DA:129,2
DA:139,2
DA:171,1
DA:175,1
DA:222,1
DA:225,1
DA:226,1
LF:66
LH:32
BRDA:27,0,0,2
BRDA:27,0,1,0
BRDA:44,1,0,0
BRDA:44,1,1,0
BRDA:45,2,0,0
BRDA:45,2,1,0
BRDA:45,2,2,0
BRDA:61,3,0,0
BRDA:61,3,1,0
BRDA:70,4,0,0
BRDA:70,4,1,1
BRDA:72,5,0,0
BRDA:72,5,1,1
BRDA:76,6,0,0
BRDA:76,6,1,0
BRDA:76,7,0,0
BRDA:76,7,1,0
BRDA:80,8,0,0
BRDA:80,8,1,0
BRDA:91,9,0,0
BRDA:91,9,1,1
BRDA:91,10,0,1
BRDA:91,10,1,0
BRDA:93,11,0,0
BRDA:93,11,1,0
BRDA:122,12,0,0
BRDA:122,12,1,0
BRDA:128,13,0,2
BRDA:128,13,1,1
BRDA:128,14,0,3
BRDA:128,14,1,1
BRDA:128,14,2,1
BRDA:145,15,0,0
BRDA:145,15,1,2
BRDA:154,16,0,0
BRDA:154,16,1,2
BRDA:167,17,0,0
BRDA:167,17,1,2
BRDA:189,18,0,1
BRDA:189,18,1,0
BRF:40
BRH:14
end_of_record
TN:
SF:/Users/maxime_beauchemin/code/caravel/superset/assets/javascripts/components/Button.jsx
FN:14,Button
FNF:1
FNH:1
FNDA:3,Button
DA:1,1
DA:2,1
DA:3,1
DA:5,1
DA:9,1
DA:15,3
DA:16,3
DA:17,3
DA:18,3
DA:19,3
DA:22,3
DA:26,3
DA:27,0
DA:36,3
DA:39,1
DA:40,1
LF:16
LH:15
BRDA:26,0,0,0
BRDA:26,0,1,3
BRF:2
BRH:1
end_of_record
TN:
SF:/Users/maxime_beauchemin/code/caravel/superset/assets/javascripts/components/CopyToClipboard.jsx
FN:15,(anonymous_7)
FN:15,onCopyEnd
FN:22,CopyToClipboard
FNF:3
FNH:2
FNDA:1,(anonymous_7)
FNDA:0,onCopyEnd
FNDA:10,CopyToClipboard
DA:1,1
DA:2,1
DA:4,1
DA:13,1
DA:15,1
DA:22,30
DA:24,10
DA:29,10
DA:30,10
DA:31,10
DA:36,0
DA:40,0
DA:44,0
DA:45,0
DA:47,0
DA:48,0
DA:49,0
DA:51,0
DA:52,0
DA:54,0
DA:55,0
DA:56,0
DA:59,0
DA:62,0
DA:64,0
DA:65,0
DA:69,14
DA:70,0
DA:72,14
DA:76,14
DA:100,0
DA:115,14
DA:123,14
DA:124,14
DA:125,0
DA:127,14
DA:129,14
DA:133,1
DA:134,1
LF:39
LH:20
BRDA:22,0,0,10
BRDA:22,0,1,0
BRDA:55,1,0,0
BRDA:55,1,1,0
BRDA:69,2,0,0
BRDA:69,2,1,14
BRDA:78,3,0,14
BRDA:78,3,1,0
BRDA:124,4,0,0
BRDA:124,4,1,14
BRF:10
BRH:4
end_of_record
TN:
SF:/Users/maxime_beauchemin/code/caravel/superset/assets/javascripts/components/FaveStar.jsx
FNF:0
FNH:0
DA:1,0
DA:2,0
DA:3,0
DA:5,0
DA:13,0
DA:17,0
DA:18,0
DA:22,0
DA:27,0
DA:44,0
LF:10
LH:0
BRF:0
BRH:0
end_of_record
TN:
SF:/Users/maxime_beauchemin/code/caravel/superset/assets/javascripts/components/InfoTooltipWithTrigger.jsx
FN:10,InfoTooltipWithTrigger
FNF:1
FNH:0
FNDA:0,InfoTooltipWithTrigger
DA:1,1
DA:2,1
DA:3,1
DA:5,1
DA:10,0
DA:11,0
DA:21,1
LF:7
LH:5
BRF:0
BRH:0
end_of_record
TN:
SF:/Users/maxime_beauchemin/code/caravel/superset/assets/javascripts/components/ModalTrigger.jsx
FN:20,(anonymous_7)
FN:20,beforeOpen
FN:21,(anonymous_9)
FN:21,onExit
FN:28,ModalTrigger
FNF:5
FNH:3
FNDA:1,(anonymous_7)
FNDA:0,beforeOpen
FNDA:1,(anonymous_9)
FNDA:0,onExit
FNDA:9,ModalTrigger
DA:1,1
DA:2,1
DA:3,1
DA:4,1
DA:6,1
DA:19,1
DA:20,1
DA:21,1
DA:28,27
DA:30,9
DA:33,9
DA:34,9
DA:38,0
DA:42,1
DA:43,1
DA:44,1
DA:47,12
DA:71,12
DA:74,12
DA:75,3
DA:82,9
DA:91,1
DA:92,1
LF:23
LH:22
BRDA:28,0,0,9
BRDA:28,0,1,0
BRDA:61,1,0,12
BRDA:61,1,1,0
BRDA:74,2,0,3
BRDA:74,2,1,9
BRF:6
BRH:4
end_of_record
TN:
SF:/Users/maxime_beauchemin/code/caravel/superset/assets/javascripts/components/TooltipWrapper.jsx
FN:16,TooltipWrapper
FNF:1
FNH:0
FNDA:0,TooltipWrapper
DA:1,0
DA:2,0
DA:3,0
DA:5,0
DA:12,0
DA:16,0
DA:17,0
DA:27,0
DA:28,0
LF:9
LH:0
BRF:0
BRH:0
end_of_record
TN:
SF:/Users/maxime_beauchemin/code/caravel/superset/assets/javascripts/components/VictoryTheme.js
FNF:0
FNH:0
DA:3,0
DA:4,0
DA:7,0
DA:19,0
DA:22,0
DA:23,0
DA:24,0
DA:27,0
DA:35,0
DA:45,0
DA:46,0
DA:49,0
LF:12
LH:0
BRF:0
BRH:0
end_of_record
TN:
SF:/Users/maxime_beauchemin/code/caravel/superset/assets/javascripts/dashboard/Dashboard.jsx
FN:18,getInitialState
FN:24,(anonymous_2)
FN:37,unload
FN:43,onBeforeUnload
FN:51,renderAlert
FN:64,initDashboardView
FN:77,(anonymous_7)
FN:80,(anonymous_8)
FN:89,(anonymous_9)
FN:94,(anonymous_10)
FN:105,dashboardContainer
FN:106,(anonymous_12)
FN:106,init
FN:111,(anonymous_14)
FN:115,(anonymous_15)
FN:117,(anonymous_16)
FN:106,onChange
FN:106,onSave
FN:106,loadPreSelectFilters
FN:106,setFilter
FN:106,done
FN:106,effectiveExtraFilters
FN:106,addFilter
FN:106,readFilters
FN:106,updateFilterParamsInUrl
FN:106,bindResizeToWindowResize
FN:222,(anonymous_37)
FN:224,(anonymous_38)
FN:225,(anonymous_39)
FN:106,stopPeriodicRender
FN:106,startPeriodicRender
FN:241,(anonymous_44)
FN:241,refreshAll
FN:242,(anonymous_46)
FN:244,(anonymous_47)
FN:253,(anonymous_48)
FN:253,fetchAndRender
FN:256,(anonymous_50)
FN:106,refreshExcept
FN:265,(anonymous_53)
FN:266,(anonymous_54)
FN:270,(anonymous_55)
FN:106,clearFilters
FN:106,removeFilter
FN:283,(anonymous_60)
FN:285,(anonymous_61)
FN:106,getSlice
FN:106,getAjaxErrorMsg
FN:106,addSlicesToDashboard
FN:317,(anonymous_68)
FN:317,success
FN:317,error
FN:339,(anonymous_72)
FNF:53
FNH:0
FNDA:0,getInitialState
FNDA:0,(anonymous_2)
FNDA:0,unload
FNDA:0,onBeforeUnload
FNDA:0,renderAlert
FNDA:0,initDashboardView
FNDA:0,(anonymous_7)
FNDA:0,(anonymous_8)
FNDA:0,(anonymous_9)
FNDA:0,(anonymous_10)
FNDA:0,dashboardContainer
FNDA:0,(anonymous_12)
FNDA:0,init
FNDA:0,(anonymous_14)
FNDA:0,(anonymous_15)
FNDA:0,(anonymous_16)
FNDA:0,onChange
FNDA:0,onSave
FNDA:0,loadPreSelectFilters
FNDA:0,setFilter
FNDA:0,done
FNDA:0,effectiveExtraFilters
FNDA:0,addFilter
FNDA:0,readFilters
FNDA:0,updateFilterParamsInUrl
FNDA:0,bindResizeToWindowResize
FNDA:0,(anonymous_37)
FNDA:0,(anonymous_38)
FNDA:0,(anonymous_39)
FNDA:0,stopPeriodicRender
FNDA:0,startPeriodicRender
FNDA:0,(anonymous_44)
FNDA:0,refreshAll
FNDA:0,(anonymous_46)
FNDA:0,(anonymous_47)
FNDA:0,(anonymous_48)
FNDA:0,fetchAndRender
FNDA:0,(anonymous_50)
FNDA:0,refreshExcept
FNDA:0,(anonymous_53)
FNDA:0,(anonymous_54)
FNDA:0,(anonymous_55)
FNDA:0,clearFilters
FNDA:0,removeFilter
FNDA:0,(anonymous_60)
FNDA:0,(anonymous_61)
FNDA:0,getSlice
FNDA:0,getAjaxErrorMsg
FNDA:0,addSlicesToDashboard
FNDA:0,(anonymous_68)
FNDA:0,success
FNDA:0,error
FNDA:0,(anonymous_72)
DA:1,0
DA:2,0
DA:3,0
DA:4,0
DA:5,0
DA:6,0
DA:9,0
DA:10,0
DA:11,0
DA:12,0
DA:14,0
DA:15,0
DA:16,0
DA:19,0
DA:20,0
DA:22,0
DA:23,0
DA:24,0
DA:25,0
DA:28,0
DA:29,0
DA:31,0
DA:34,0
DA:38,0
DA:39,0
DA:40,0
DA:44,0
DA:45,0
DA:47,0
DA:52,0
DA:65,0
DA:70,0
DA:76,0
DA:78,0
DA:81,0
DA:84,0
DA:86,0
DA:89,0
DA:90,0
DA:91,0
DA:93,0
DA:94,0
DA:95,0
DA:97,0
DA:98,0
DA:101,0
DA:102,0
DA:106,0
DA:109,0
DA:110,0
DA:111,0
DA:112,0
DA:113,0
DA:114,0
DA:115,0
DA:116,0
DA:117,0
DA:118,0
DA:120,0
DA:123,0
DA:124,0
DA:125,0
DA:128,0
DA:129,0
DA:132,0
DA:133,0
DA:136,0
DA:137,0
DA:138,0
DA:139,0
DA:140,0
DA:148,0
DA:151,0
DA:152,0
DA:153,0
DA:154,0
DA:161,0
DA:170,0
DA:171,0
DA:172,0
DA:174,0
DA:178,0
DA:179,0
DA:183,0
DA:185,0
DA:186,0
DA:187,0
DA:188,0
DA:192,0
DA:194,0
DA:195,0
DA:196,0
DA:198,0
DA:199,0
DA:201,0
DA:203,0
DA:204,0
DA:206,0
DA:210,0
DA:213,0
DA:214,0
DA:215,0
DA:216,0
DA:217,0
DA:220,0
DA:221,0
DA:222,0
DA:223,0
DA:224,0
DA:225,0
DA:226,0
DA:232,0
DA:233,0
DA:234,0
DA:238,0
DA:239,0
DA:240,0
DA:241,0
DA:242,0
DA:243,0
DA:244,0
DA:245,0
DA:250,0
DA:253,0
DA:254,0
DA:255,0
DA:256,0
DA:257,0
DA:261,0
DA:264,0
DA:265,0
DA:266,0
DA:267,0
DA:268,0
DA:269,0
DA:270,0
DA:271,0
DA:277,0
DA:278,0
DA:279,0
DA:281,0
DA:282,0
DA:283,0
DA:284,0
DA:285,0
DA:286,0
DA:287,0
DA:290,0
DA:293,0
DA:294,0
DA:297,0
DA:298,0
DA:299,0
DA:300,0
DA:302,0
DA:303,0
DA:304,0
DA:306,0
DA:308,0
DA:311,0
DA:312,0
DA:316,0
DA:317,0
DA:325,0
DA:328,0
DA:329,0
DA:339,0
DA:341,0
DA:342,0
DA:344,0
DA:345,0
DA:346,0
DA:347,0
LF:173
LH:0
BRDA:23,0,0,0
BRDA:23,0,1,0
BRDA:44,1,0,0
BRDA:44,1,1,0
BRDA:93,2,0,0
BRDA:93,2,1,0
BRDA:97,3,0,0
BRDA:97,3,1,0
BRDA:112,4,0,0
BRDA:112,4,1,0
BRDA:137,5,0,0
BRDA:137,5,1,0
BRDA:153,6,0,0
BRDA:153,6,1,0
BRDA:153,7,0,0
BRDA:153,7,1,0
BRDA:171,8,0,0
BRDA:171,8,1,0
BRDA:172,9,0,0
BRDA:172,9,1,0
BRDA:172,10,0,0
BRDA:172,10,1,0
BRDA:179,11,0,0
BRDA:179,11,1,0
BRDA:180,12,0,0
BRDA:180,12,1,0
BRDA:180,12,2,0
BRDA:187,13,0,0
BRDA:187,13,1,0
BRDA:194,14,0,0
BRDA:194,14,1,0
BRDA:194,15,0,0
BRDA:194,15,1,0
BRDA:194,16,0,0
BRDA:194,16,1,0
BRDA:194,17,0,0
BRDA:194,17,1,0
BRDA:195,18,0,0
BRDA:195,18,1,0
BRDA:198,19,0,0
BRDA:198,19,1,0
BRDA:198,20,0,0
BRDA:198,20,1,0
BRDA:203,21,0,0
BRDA:203,21,1,0
BRDA:214,22,0,0
BRDA:214,22,1,0
BRDA:232,23,0,0
BRDA:232,23,1,0
BRDA:255,24,0,0
BRDA:255,24,1,0
BRDA:264,25,0,0
BRDA:264,25,1,0
BRDA:266,26,0,0
BRDA:266,26,1,0
BRDA:266,27,0,0
BRDA:266,27,1,0
BRDA:282,28,0,0
BRDA:282,28,1,0
BRDA:283,29,0,0
BRDA:283,29,1,0
BRDA:286,30,0,0
BRDA:286,30,1,0
BRDA:302,31,0,0
BRDA:302,31,1,0
BRDA:312,32,0,0
BRDA:312,32,1,0
BRDA:312,33,0,0
BRDA:312,33,1,0
BRF:69
BRH:0
end_of_record
TN:
SF:/Users/maxime_beauchemin/code/caravel/superset/assets/javascripts/dashboard/components/CodeModal.jsx
FN:15,CodeModal
FNF:1
FNH:1
FNDA:1,CodeModal
DA:1,1
DA:3,1
DA:5,1
DA:11,1
DA:15,3
DA:17,1
DA:22,0
DA:23,0
DA:24,0
DA:26,0
DA:29,1
DA:46,1
DA:47,1
LF:13
LH:9
BRDA:15,0,0,1
BRDA:15,0,1,0
BRDA:23,1,0,0
BRDA:23,1,1,0
BRF:4
BRH:1
end_of_record
TN:
SF:/Users/maxime_beauchemin/code/caravel/superset/assets/javascripts/dashboard/components/Controls.jsx
FN:18,Controls
FN:26,(anonymous_11)
FN:31,(anonymous_14)
FN:32,(anonymous_15)
FN:62,(anonymous_20)
FN:62,onChange
FN:82,(anonymous_22)
FN:82,onClick
FNF:8
FNH:0
FNDA:0,Controls
FNDA:0,(anonymous_11)
FNDA:0,(anonymous_14)
FNDA:0,(anonymous_15)
FNDA:0,(anonymous_20)
FNDA:0,onChange
FNDA:0,(anonymous_22)
FNDA:0,onClick
DA:1,0
DA:3,0
DA:5,0
DA:6,0
DA:7,0
DA:8,0
DA:9,0
DA:10,0
DA:11,0
DA:13,0
DA:18,0
DA:20,0
DA:26,0
DA:27,0
DA:30,0
DA:31,0
DA:32,0
DA:37,0
DA:41,0
DA:42,0
DA:45,0
DA:46,0
DA:47,0
DA:62,0
DA:82,0
DA:83,0
DA:100,0
LF:27
LH:0
BRDA:18,0,0,0
BRDA:18,0,1,0
BRF:2
BRH:0
end_of_record
TN:
SF:/Users/maxime_beauchemin/code/caravel/superset/assets/javascripts/dashboard/components/CssEditor.jsx
FN:20,(anonymous_7)
FN:20,onChange
FN:25,CssEditor
FNF:3
FNH:2
FNDA:1,(anonymous_7)
FNDA:0,onChange
FNDA:1,CssEditor
DA:1,1
DA:3,1
DA:4,1
DA:6,1
DA:7,1
DA:8,1
DA:11,1
DA:18,1
DA:20,1
DA:25,3
DA:27,1
DA:33,1
DA:36,0
DA:37,0
DA:40,1
DA:41,1
DA:42,1
DA:43,1
DA:45,1
DA:46,1
DA:47,1
DA:48,1
DA:49,1
DA:51,1
DA:52,0
DA:54,1
DA:58,0
DA:61,1
DA:62,1
DA:73,0
DA:76,1
DA:107,1
DA:108,1
LF:33
LH:28
BRDA:25,0,0,1
BRDA:25,0,1,0
BRDA:42,1,0,1
BRDA:42,1,1,0
BRDA:45,2,0,1
BRDA:45,2,1,0
BRDA:51,3,0,0
BRDA:51,3,1,1
BRDA:61,4,0,1
BRDA:61,4,1,0
BRF:10
BRH:5
end_of_record
TN:
SF:/Users/maxime_beauchemin/code/caravel/superset/assets/javascripts/dashboard/components/GridLayout.jsx
FN:18,(anonymous_11)
FN:49,(anonymous_14)
FN:62,(anonymous_19)
FN:65,(anonymous_20)
FN:73,(anonymous_23)
FN:96,(anonymous_26)
FNF:6
FNH:0
FNDA:0,(anonymous_11)
FNDA:0,(anonymous_14)
FNDA:0,(anonymous_19)
FNDA:0,(anonymous_20)
FNDA:0,(anonymous_23)
FNDA:0,(anonymous_26)
DA:1,0
DA:2,0
DA:3,0
DA:4,0
DA:6,0
DA:7,0
DA:8,0
DA:10,0
DA:15,0
DA:16,0
DA:18,0
DA:19,0
DA:20,0
DA:21,0
DA:22,0
DA:30,0
DA:40,0
DA:47,0
DA:48,0
DA:49,0
DA:51,0
DA:55,0
DA:56,0
DA:60,0
DA:61,0
DA:63,0
DA:66,0
DA:69,0
DA:73,0
DA:82,0
DA:83,0
DA:96,0
DA:115,0
LF:33
LH:0
BRDA:21,0,0,0
BRDA:21,0,1,0
BRDA:48,1,0,0
BRDA:48,1,1,0
BRDA:48,2,0,0
BRDA:48,2,1,0
BRF:6
BRH:0
end_of_record
TN:
SF:/Users/maxime_beauchemin/code/caravel/superset/assets/javascripts/dashboard/components/Header.jsx
FN:12,Header
FNF:1
FNH:0
FNDA:0,Header
DA:1,0
DA:3,0
DA:5,0
DA:8,0
DA:12,0
DA:14,0
DA:18,0
DA:19,0
DA:37,0
DA:38,0
LF:10
LH:0
BRDA:12,0,0,0
BRDA:12,0,1,0
BRDA:28,1,0,0
BRDA:28,1,1,0
BRF:4
BRH:0
end_of_record
TN:
SF:/Users/maxime_beauchemin/code/caravel/superset/assets/javascripts/dashboard/components/RefreshIntervalModal.jsx
FN:14,(anonymous_7)
FN:14,onChange
FN:23,(anonymous_9)
FN:26,RefreshIntervalModal
FN:44,(anonymous_14)
FN:44,onChange
FNF:6
FNH:4
FNDA:1,(anonymous_7)
FNDA:0,onChange
FNDA:5,(anonymous_9)
FNDA:1,RefreshIntervalModal
FNDA:1,(anonymous_14)
FNDA:0,onChange
DA:1,1
DA:3,1
DA:4,1
DA:6,1
DA:12,1
DA:14,1
DA:17,1
DA:23,5
DA:26,3
DA:28,1
DA:32,1
DA:33,1
DA:44,1
DA:45,0
DA:46,0
DA:55,1
DA:56,1
LF:17
LH:15
BRDA:26,0,0,1
BRDA:26,0,1,0
BRF:2
BRH:1
end_of_record
TN:
SF:/Users/maxime_beauchemin/code/caravel/superset/assets/javascripts/dashboard/components/SaveModal.jsx
FN:16,SaveModal
FN:43,(anonymous_15)
FN:43,success
FN:43,error
FN:74,(anonymous_21)
FN:108,(anonymous_24)
FN:108,ref
FN:140,(anonymous_26)
FN:140,onClick
FNF:9
FNH:0
FNDA:0,SaveModal
FNDA:0,(anonymous_15)
FNDA:0,success
FNDA:0,error
FNDA:0,(anonymous_21)
FNDA:0,(anonymous_24)
FNDA:0,ref
FNDA:0,(anonymous_26)
FNDA:0,onClick
DA:1,0
DA:3,0
DA:4,0
DA:5,0
DA:7,0
DA:9,0
DA:16,0
DA:18,0
DA:24,0
DA:25,0
DA:26,0
DA:27,0
DA:30,0
DA:35,0
DA:41,0
DA:42,0
DA:43,0
DA:50,0
DA:51,0
DA:52,0
DA:53,0
DA:55,0
DA:62,0
DA:63,0
DA:64,0
DA:72,0
DA:73,0
DA:74,0
DA:75,0
DA:76,0
DA:77,0
DA:78,0
DA:81,0
DA:82,0
DA:87,0
DA:88,0
DA:89,0
DA:90,0
DA:91,0
DA:92,0
DA:93,0
DA:94,0
DA:99,0
DA:100,0
DA:101,0
DA:105,0
DA:106,0
DA:108,0
DA:140,0
DA:150,0
LF:50
LH:0
BRDA:16,0,0,0
BRDA:16,0,1,0
BRDA:52,1,0,0
BRDA:52,1,1,0
BRDA:77,2,0,0
BRDA:77,2,1,0
BRDA:88,3,0,0
BRDA:88,3,1,0
BRDA:91,4,0,0
BRDA:91,4,1,0
BRDA:92,5,0,0
BRDA:92,5,1,0
BRF:12
BRH:0
end_of_record
TN:
SF:/Users/maxime_beauchemin/code/caravel/superset/assets/javascripts/dashboard/components/SliceAdder.jsx
FN:13,SliceAdder
FN:42,(anonymous_11)
FN:42,success
FN:44,(anonymous_13)
FN:57,(anonymous_14)
FN:57,error
FN:102,(anonymous_26)
FN:146,(anonymous_27)
FN:146,dataFormat
FNF:9
FNH:0
FNDA:0,SliceAdder
FNDA:0,(anonymous_11)
FNDA:0,success
FNDA:0,(anonymous_13)
FNDA:0,(anonymous_14)
FNDA:0,error
FNDA:0,(anonymous_26)
FNDA:0,(anonymous_27)
FNDA:0,dataFormat
DA:1,0
DA:2,0
DA:3,0
DA:4,0
DA:5,0
DA:7,0
DA:13,0
DA:15,0
DA:21,0
DA:27,0
DA:28,0
DA:30,0
DA:37,0
DA:38,0
DA:39,0
DA:42,0
DA:44,0
DA:51,0
DA:57,0
DA:58,0
DA:59,0
DA:67,0
DA:71,0
DA:75,0
DA:76,0
DA:77,0
DA:81,0
DA:82,0
DA:83,0
DA:84,0
DA:85,0
DA:87,0
DA:90,0
DA:91,0
DA:92,0
DA:93,0
DA:95,0
DA:99,0
DA:100,0
DA:101,0
DA:102,0
DA:103,0
DA:107,0
DA:146,0
DA:164,0
DA:177,0
LF:46
LH:0
BRDA:13,0,0,0
BRDA:13,0,1,0
BRDA:81,1,0,0
BRDA:81,1,1,0
BRDA:82,2,0,0
BRDA:82,2,1,0
BRDA:84,3,0,0
BRDA:84,3,1,0
BRDA:90,4,0,0
BRDA:90,4,1,0
BRDA:92,5,0,0
BRDA:92,5,1,0
BRDA:99,6,0,0
BRDA:99,6,1,0
BRDA:100,7,0,0
BRDA:100,7,1,0
BRDA:101,8,0,0
BRDA:101,8,1,0
BRDA:110,9,0,0
BRDA:110,9,1,0
BRDA:111,10,0,0
BRDA:111,10,1,0
BRDA:113,11,0,0
BRDA:113,11,1,0
BRDA:116,12,0,0
BRDA:116,12,1,0
BRF:26
BRH:0
end_of_record
TN:
SF:/Users/maxime_beauchemin/code/caravel/superset/assets/javascripts/dashboard/components/SliceCell.jsx
FN:9,SliceCell
FN:51,(anonymous_2)
FN:51,onClick
FNF:3
FNH:2
FNDA:1,SliceCell
FNDA:1,(anonymous_2)
FNDA:0,onClick
DA:1,1
DA:3,1
DA:9,3
DA:10,1
DA:51,1
DA:83,1
LF:6
LH:6
BRDA:25,0,0,1
BRDA:25,0,1,0
BRDA:62,1,0,0
BRDA:62,1,1,1
BRDA:61,2,0,1
BRDA:61,2,1,1
BRF:6
BRH:4
end_of_record
TN:
SF:/Users/maxime_beauchemin/code/caravel/superset/assets/javascripts/explore/explore.jsx
FN:28,(anonymous_1)
FN:28,getPanelClass
FN:32,prepForm
FN:34,(anonymous_4)
FN:34,fixId
FN:35,(anonymous_6)
FN:39,(anonymous_7)
FN:42,(anonymous_8)
FN:45,(anonymous_9)
FN:51,(anonymous_10)
FN:53,(anonymous_11)
FN:60,query
FN:80,saveSlice
FN:112,initExploreView
FN:113,getCollapsedFieldsets
FN:124,toggleFieldset
FN:164,(anonymous_17)
FN:168,(anonymous_18)
FN:176,formatViz
FN:203,addFilter
FN:213,(anonymous_21)
FN:221,setFilters
FN:222,(anonymous_23)
FN:233,(anonymous_24)
FN:241,(anonymous_25)
FN:244,(anonymous_26)
FN:248,createChoices
FN:249,(anonymous_28)
FN:261,initSelectionToValue
FN:268,(anonymous_30)
FN:296,prepSaveDialog
FN:297,(anonymous_32)
FN:297,setButtonsState
FN:306,(anonymous_34)
FN:314,(anonymous_35)
FN:321,(anonymous_36)
FN:325,(anonymous_37)
FN:330,(anonymous_38)
FN:332,(anonymous_39)
FN:340,renderExploreActions
FN:351,initComponents
FN:356,(anonymous_42)
FN:356,onQuery
FN:365,(anonymous_44)
FN:365,done
FN:380,(anonymous_46)
FN:380,error
FN:388,(anonymous_48)
FNF:48
FNH:0
FNDA:0,(anonymous_1)
FNDA:0,getPanelClass
FNDA:0,prepForm
FNDA:0,(anonymous_4)
FNDA:0,fixId
FNDA:0,(anonymous_6)
FNDA:0,(anonymous_7)
FNDA:0,(anonymous_8)
FNDA:0,(anonymous_9)
FNDA:0,(anonymous_10)
FNDA:0,(anonymous_11)
FNDA:0,query
FNDA:0,saveSlice
FNDA:0,initExploreView
FNDA:0,getCollapsedFieldsets
FNDA:0,toggleFieldset
FNDA:0,(anonymous_17)
FNDA:0,(anonymous_18)
FNDA:0,formatViz
FNDA:0,addFilter
FNDA:0,(anonymous_21)
FNDA:0,setFilters
FNDA:0,(anonymous_23)
FNDA:0,(anonymous_24)
FNDA:0,(anonymous_25)
FNDA:0,(anonymous_26)
FNDA:0,createChoices
FNDA:0,(anonymous_28)
FNDA:0,initSelectionToValue
FNDA:0,(anonymous_30)
FNDA:0,prepSaveDialog
FNDA:0,(anonymous_32)
FNDA:0,setButtonsState
FNDA:0,(anonymous_34)
FNDA:0,(anonymous_35)
FNDA:0,(anonymous_36)
FNDA:0,(anonymous_37)
FNDA:0,(anonymous_38)
FNDA:0,(anonymous_39)
FNDA:0,renderExploreActions
FNDA:0,initComponents
FNDA:0,(anonymous_42)
FNDA:0,onQuery
FNDA:0,(anonymous_44)
FNDA:0,done
FNDA:0,(anonymous_46)
FNDA:0,error
FNDA:0,(anonymous_48)
DA:6,0
DA:7,0
DA:8,0
DA:9,0
DA:11,0
DA:12,0
DA:13,0
DA:14,0
DA:16,0
DA:18,0
DA:20,0
DA:23,0
DA:24,0
DA:26,0
DA:28,0
DA:29,0
DA:34,0
DA:35,0
DA:36,0
DA:39,0
DA:40,0
DA:41,0
DA:43,0
DA:46,0
DA:51,0
DA:52,0
DA:53,0
DA:54,0
DA:55,0
DA:61,0
DA:62,0
DA:63,0
DA:65,0
DA:66,0
DA:67,0
DA:69,0
DA:70,0
DA:72,0
DA:74,0
DA:76,0
DA:77,0
DA:81,0
DA:82,0
DA:83,0
DA:84,0
DA:85,0
DA:89,0
DA:91,0
DA:93,0
DA:94,0
DA:95,0
DA:99,0
DA:100,0
DA:101,0
DA:105,0
DA:107,0
DA:108,0
DA:109,0
DA:114,0
DA:116,0
DA:117,0
DA:119,0
DA:121,0
DA:125,0
DA:126,0
DA:127,0
DA:128,0
DA:130,0
DA:131,0
DA:132,0
DA:134,0
DA:136,0
DA:137,0
DA:140,0
DA:141,0
DA:142,0
DA:145,0
DA:146,0
DA:148,0
DA:151,0
DA:152,0
DA:153,0
DA:154,0
DA:155,0
DA:159,0
DA:162,0
DA:164,0
DA:165,0
DA:168,0
DA:169,0
DA:172,0
DA:173,0
DA:174,0
DA:177,0
DA:178,0
DA:179,0
DA:185,0
DA:188,0
DA:191,0
DA:196,0
DA:199,0
DA:200,0
DA:201,0
DA:204,0
DA:205,0
DA:206,0
DA:207,0
DA:208,0
DA:209,0
DA:210,0
DA:212,0
DA:213,0
DA:214,0
DA:222,0
DA:223,0
DA:224,0
DA:225,0
DA:226,0
DA:231,0
DA:233,0
DA:235,0
DA:238,0
DA:241,0
DA:242,0
DA:244,0
DA:245,0
DA:249,0
DA:250,0
DA:252,0
DA:253,0
DA:258,0
DA:262,0
DA:268,0
DA:269,0
DA:270,0
DA:271,0
DA:272,0
DA:273,0
DA:274,0
DA:278,0
DA:279,0
DA:282,0
DA:286,0
DA:293,0
DA:297,0
DA:298,0
DA:299,0
DA:300,0
DA:302,0
DA:305,0
DA:306,0
DA:307,0
DA:308,0
DA:309,0
DA:311,0
DA:315,0
DA:316,0
DA:320,0
DA:321,0
DA:322,0
DA:323,0
DA:325,0
DA:326,0
DA:327,0
DA:330,0
DA:332,0
DA:333,0
DA:334,0
DA:337,0
DA:341,0
DA:342,0
DA:352,0
DA:353,0
DA:356,0
DA:360,0
DA:363,0
DA:365,0
DA:366,0
DA:367,0
DA:368,0
DA:369,0
DA:370,0
DA:377,0
DA:380,0
DA:381,0
DA:382,0
DA:385,0
DA:388,0
DA:389,0
DA:391,0
DA:393,0
DA:397,0
DA:399,0
DA:401,0
LF:194
LH:0
BRDA:29,0,0,0
BRDA:29,0,1,0
BRDA:62,1,0,0
BRDA:62,1,1,0
BRDA:66,2,0,0
BRDA:66,2,1,0
BRDA:72,3,0,0
BRDA:72,3,1,0
BRDA:82,4,0,0
BRDA:82,4,1,0
BRDA:84,5,0,0
BRDA:84,5,1,0
BRDA:94,6,0,0
BRDA:94,6,1,0
BRDA:94,7,0,0
BRDA:94,7,1,0
BRDA:100,8,0,0
BRDA:100,8,1,0
BRDA:100,9,0,0
BRDA:100,9,1,0
BRDA:116,10,0,0
BRDA:116,10,1,0
BRDA:116,11,0,0
BRDA:116,11,1,0
BRDA:130,12,0,0
BRDA:130,12,1,0
BRDA:131,13,0,0
BRDA:131,13,1,0
BRDA:141,14,0,0
BRDA:141,14,1,0
BRDA:145,15,0,0
BRDA:145,15,1,0
BRDA:154,16,0,0
BRDA:154,16,1,0
BRDA:154,17,0,0
BRDA:154,17,1,0
BRDA:154,17,2,0
BRDA:207,18,0,0
BRDA:207,18,1,0
BRDA:225,19,0,0
BRDA:225,19,1,0
BRDA:235,20,0,0
BRDA:235,20,1,0
BRDA:252,21,0,0
BRDA:252,21,1,0
BRDA:278,22,0,0
BRDA:278,22,1,0
BRDA:299,23,0,0
BRDA:299,23,1,0
BRDA:299,24,0,0
BRDA:299,24,1,0
BRDA:369,25,0,0
BRDA:369,25,1,0
BRDA:369,26,0,0
BRDA:369,26,1,0
BRF:55
BRH:0
end_of_record
TN:
SF:/Users/maxime_beauchemin/code/caravel/superset/assets/javascripts/explore/components/DisplayQueryButton.jsx
FN:9,DisplayQueryButton
FNF:1
FNH:0
FNDA:0,DisplayQueryButton
DA:1,1
DA:2,1
DA:4,1
DA:9,0
DA:11,0
DA:14,0
DA:18,0
DA:24,0
DA:25,0
DA:37,1
LF:10
LH:4
BRDA:9,0,0,0
BRDA:9,0,1,0
BRF:2
BRH:0
end_of_record
TN:
SF:/Users/maxime_beauchemin/code/caravel/superset/assets/javascripts/explore/components/EmbedCodeButton.jsx
FN:10,EmbedCodeButton
FNF:1
FNH:1
FNDA:2,EmbedCodeButton
DA:1,1
DA:2,1
DA:3,1
DA:5,1
DA:10,6
DA:12,2
DA:16,2
DA:20,0
DA:21,0
DA:22,0
DA:23,0
DA:24,0
DA:28,4
DA:30,4
DA:40,3
DA:41,3
DA:93,3
DA:108,1
LF:18
LH:13
BRDA:10,0,0,2
BRDA:10,0,1,0
BRF:2
BRH:1
end_of_record
TN:
SF:/Users/maxime_beauchemin/code/caravel/superset/assets/javascripts/explore/components/ExploreActionButtons.jsx
FN:12,ExploreActionButtons
FNF:1
FNH:1
FNDA:1,ExploreActionButtons
DA:1,1
DA:2,1
DA:3,1
DA:4,1
DA:5,1
DA:7,1
DA:12,2
DA:13,1
DA:16,1
DA:45,1
LF:10
LH:10
BRF:0
BRH:0
end_of_record
TN:
SF:/Users/maxime_beauchemin/code/caravel/superset/assets/javascripts/explore/components/QueryAndSaveBtns.jsx
FN:11,(anonymous_1)
FN:11,onSave
FN:14,QueryAndSaveBtns
FNF:3
FNH:2
FNDA:1,(anonymous_1)
FNDA:0,onSave
FNDA:3,QueryAndSaveBtns
DA:1,1
DA:2,1
DA:4,1
DA:10,1
DA:11,1
DA:14,9
DA:15,3
DA:19,3
DA:37,1
DA:38,1
LF:10
LH:10
BRF:0
BRH:0
end_of_record
TN:
SF:/Users/maxime_beauchemin/code/caravel/superset/assets/javascripts/explore/components/URLShortLinkButton.jsx
FN:11,URLShortLinkButton
FNF:1
FNH:0
FNDA:0,URLShortLinkButton
DA:1,1
DA:2,1
DA:3,1
DA:4,1
DA:6,1
DA:11,0
DA:13,0
DA:19,0
DA:25,0
DA:26,0
DA:30,0
DA:41,0
DA:57,1
LF:13
LH:6
BRDA:11,0,0,0
BRDA:11,0,1,0
BRF:2
BRH:0
end_of_record
TN:
SF:/Users/maxime_beauchemin/code/caravel/superset/assets/javascripts/explorev2/exploreUtils.js
FN:2,formatFilters
FN:15,getParamObject
FN:23,(anonymous_2)
FNF:3
FNH:0
FNDA:0,formatFilters
FNDA:0,getParamObject
FNDA:0,(anonymous_2)
DA:5,0
DA:6,0
DA:7,0
DA:8,0
DA:9,0
DA:10,0
DA:12,0
DA:16,0
DA:23,0
DA:25,0
DA:27,0
DA:30,0
DA:31,0
DA:32,0
LF:14
LH:0
BRDA:25,0,0,0
BRDA:25,0,1,0
BRDA:25,1,0,0
BRDA:25,1,1,0
BRDA:25,1,2,0
BRDA:26,2,0,0
BRDA:26,2,1,0
BRF:7
BRH:0
end_of_record
TN:
SF:/Users/maxime_beauchemin/code/caravel/superset/assets/javascripts/explorev2/index.jsx
FN:34,parseFilters
FN:53,getFilters
FNF:2
FNH:0
FNDA:0,parseFilters
FNDA:0,getFilters
DA:2,0
DA:3,0
DA:4,0
DA:5,0
DA:6,0
DA:7,0
DA:10,0
DA:11,0
DA:12,0
DA:14,0
DA:16,0
DA:17,0
DA:19,0
DA:21,0
DA:31,0
DA:32,0
DA:34,0
DA:35,0
DA:36,0
DA:37,0
DA:38,0
DA:46,0
DA:47,0
DA:48,0
DA:50,0
DA:54,0
DA:55,0
DA:57,0
DA:60,0
DA:63,0
DA:67,0
LF:31
LH:0
BRDA:34,0,0,0
BRDA:34,0,1,0
BRDA:34,1,0,0
BRDA:34,1,1,0
BRDA:37,2,0,0
BRDA:37,2,1,0
BRDA:37,3,0,0
BRDA:37,3,1,0
BRDA:54,4,0,0
BRDA:54,4,1,0
BRF:10
BRH:0
end_of_record
TN:
SF:/Users/maxime_beauchemin/code/caravel/superset/assets/javascripts/explorev2/actions/exploreActions.js
FN:6,setFieldOptions
FN:11,setDatasourceType
FN:16,fetchStarted
FN:21,fetchSucceeded
FN:26,fetchFailed
FN:30,fetchFieldOptions
FN:31,(anonymous_6)
FN:40,(anonymous_7)
FN:40,success
FN:37,(anonymous_9)
FN:37,error
FN:55,toggleFaveStar
FN:60,fetchFaveStar
FN:61,(anonymous_13)
FN:63,(anonymous_14)
FN:72,saveFaveStar
FN:73,(anonymous_16)
FN:82,addFilter
FN:87,removeFilter
FN:92,changeFilter
FN:97,setFieldValue
FN:102,updateChart
FN:107,chartUpdateStarted
FN:112,chartUpdateFailed
FN:116,updateExplore
FN:117,(anonymous_25)
FN:128,(anonymous_26)
FN:128,success
FN:122,(anonymous_28)
FN:122,error
FN:139,removeControlPanelAlert
FN:144,removeChartAlert
FN:149,fetchDashboardsSucceeded
FN:154,fetchDashboardsFailed
FN:158,fetchDashboards
FN:159,(anonymous_35)
FN:161,(anonymous_36)
FN:176,saveSliceFailed
FN:181,removeSaveModalAlert
FN:185,saveSlice
FN:186,(anonymous_40)
FN:187,(anonymous_41)
FNF:42
FNH:2
FNDA:0,setFieldOptions
FNDA:0,setDatasourceType
FNDA:0,fetchStarted
FNDA:0,fetchSucceeded
FNDA:0,fetchFailed
FNDA:0,fetchFieldOptions
FNDA:0,(anonymous_6)
FNDA:0,(anonymous_7)
FNDA:0,success
FNDA:0,(anonymous_9)
FNDA:0,error
FNDA:0,toggleFaveStar
FNDA:0,fetchFaveStar
FNDA:0,(anonymous_13)
FNDA:0,(anonymous_14)
FNDA:0,saveFaveStar
FNDA:0,(anonymous_16)
FNDA:1,addFilter
FNDA:0,removeFilter
FNDA:0,changeFilter
FNDA:2,setFieldValue
FNDA:0,updateChart
FNDA:0,chartUpdateStarted
FNDA:0,chartUpdateFailed
FNDA:0,updateExplore
FNDA:0,(anonymous_25)
FNDA:0,(anonymous_26)
FNDA:0,success
FNDA:0,(anonymous_28)
FNDA:0,error
FNDA:0,removeControlPanelAlert
FNDA:0,removeChartAlert
FNDA:0,fetchDashboardsSucceeded
FNDA:0,fetchDashboardsFailed
FNDA:0,fetchDashboards
FNDA:0,(anonymous_35)
FNDA:0,(anonymous_36)
FNDA:0,saveSliceFailed
FNDA:0,removeSaveModalAlert
FNDA:0,saveSlice
FNDA:0,(anonymous_40)
FNDA:0,(anonymous_41)
DA:2,1
DA:3,1
DA:5,1
DA:7,0
DA:10,1
DA:12,0
DA:15,1
DA:17,0
DA:20,1
DA:22,0
DA:25,1
DA:27,0
DA:31,0
DA:32,0
DA:34,0
DA:35,0
DA:36,0
DA:37,0
DA:40,0
DA:41,0
DA:42,0
DA:45,0
DA:49,0
DA:54,1
DA:56,0
DA:59,1
DA:61,0
DA:62,0
DA:63,0
DA:64,0
DA:65,0
DA:71,1
DA:73,0
DA:74,0
DA:75,0
DA:76,0
DA:77,0
DA:81,1
DA:83,1
DA:86,1
DA:88,0
DA:91,1
DA:93,0
DA:96,1
DA:98,2
DA:101,1
DA:103,0
DA:106,1
DA:108,0
DA:111,1
DA:113,0
DA:117,0
DA:118,0
DA:119,0
DA:122,0
DA:128,0
DA:129,0
DA:132,0
DA:138,1
DA:140,0
DA:143,1
DA:145,0
DA:148,1
DA:150,0
DA:153,1
DA:155,0
DA:159,0
DA:160,0
DA:161,0
DA:162,0
DA:163,0
DA:164,0
DA:165,0
DA:167,0
DA:169,0
DA:175,1
DA:177,0
DA:180,1
DA:182,0
DA:186,0
DA:187,0
DA:188,0
DA:190,0
DA:192,0
LF:84
LH:25
BRDA:34,0,0,0
BRDA:34,0,1,0
BRDA:64,1,0,0
BRDA:64,1,1,0
BRDA:74,2,0,0
BRDA:74,2,1,0
BRDA:162,3,0,0
BRDA:162,3,1,0
BRDA:188,4,0,0
BRDA:188,4,1,0
BRF:10
BRH:0
end_of_record
TN:
SF:/Users/maxime_beauchemin/code/caravel/superset/assets/javascripts/explorev2/components/ChartContainer.jsx
FN:32,ChartContainer
FN:68,(anonymous_19)
FN:68,jsonEndpoint
FN:71,(anonymous_21)
FN:71,html
FN:76,(anonymous_23)
FN:76,css
FN:82,(anonymous_25)
FN:82,height
FN:84,(anonymous_27)
FN:84,show
FN:86,(anonymous_29)
FN:86,get
FN:88,(anonymous_31)
FN:88,find
FN:92,(anonymous_33)
FN:92,width
FN:94,(anonymous_35)
FN:94,height
FN:98,(anonymous_37)
FN:98,setFilter
FN:103,(anonymous_39)
FN:103,getFilters
FN:108,(anonymous_41)
FN:108,done
FN:112,(anonymous_43)
FN:112,clearError
FN:57,(anonymous_45)
FN:57,error
FN:121,(anonymous_47)
FN:121,d3format
FN:166,(anonymous_57)
FN:166,ref
FN:225,mapStateToProps
FN:245,(anonymous_62)
FNF:35
FNH:0
FNDA:0,ChartContainer
FNDA:0,(anonymous_19)
FNDA:0,jsonEndpoint
FNDA:0,(anonymous_21)
FNDA:0,html
FNDA:0,(anonymous_23)
FNDA:0,css
FNDA:0,(anonymous_25)
FNDA:0,height
FNDA:0,(anonymous_27)
FNDA:0,show
FNDA:0,(anonymous_29)
FNDA:0,get
FNDA:0,(anonymous_31)
FNDA:0,find
FNDA:0,(anonymous_33)
FNDA:0,width
FNDA:0,(anonymous_35)
FNDA:0,height
FNDA:0,(anonymous_37)
FNDA:0,setFilter
FNDA:0,(anonymous_39)
FNDA:0,getFilters
FNDA:0,(anonymous_41)
FNDA:0,done
FNDA:0,(anonymous_43)
FNDA:0,clearError
FNDA:0,(anonymous_45)
FNDA:0,error
FNDA:0,(anonymous_47)
FNDA:0,d3format
FNDA:0,(anonymous_57)
FNDA:0,ref
FNDA:0,mapStateToProps
FNDA:0,(anonymous_62)
DA:1,0
DA:2,0
DA:3,0
DA:4,0
DA:5,0
DA:6,0
DA:7,0
DA:8,0
DA:9,0
DA:11,0
DA:32,0
DA:34,0
DA:41,0
DA:45,0
DA:49,0
DA:53,0
DA:56,0
DA:57,0
DA:68,0
DA:71,0
DA:73,0
DA:76,0
DA:80,0
DA:82,0
DA:84,0
DA:86,0
DA:88,0
DA:92,0
DA:94,0
DA:98,0
DA:103,0
DA:108,0
DA:112,0
DA:118,0
DA:121,0
DA:123,0
DA:124,0
DA:130,0
DA:134,0
DA:138,0
DA:139,0
DA:140,0
DA:142,0
DA:144,0
DA:147,0
DA:148,0
DA:149,0
DA:160,0
DA:161,0
DA:163,0
DA:166,0
DA:174,0
DA:223,0
DA:226,0
DA:245,0
LF:55
LH:0
BRDA:32,0,0,0
BRDA:32,0,1,0
BRDA:139,1,0,0
BRDA:139,1,1,0
BRDA:148,2,0,0
BRDA:148,2,1,0
BRDA:160,3,0,0
BRDA:160,3,1,0
BRDA:185,4,0,0
BRDA:185,4,1,0
BRF:10
BRH:0
end_of_record
TN:
SF:/Users/maxime_beauchemin/code/caravel/superset/assets/javascripts/explorev2/components/CheckboxField.jsx
FN:17,(anonymous_7)
FN:17,onChange
FNF:2
FNH:1
FNDA:1,(anonymous_7)
FNDA:0,onChange
DA:1,1
DA:2,1
DA:3,1
DA:5,1
DA:13,1
DA:17,1
DA:22,1
DA:25,2
DA:37,1
DA:38,1
LF:10
LH:10
BRF:0
BRH:0
end_of_record
TN:
SF:/Users/maxime_beauchemin/code/caravel/superset/assets/javascripts/explorev2/components/ControlLabelWithTooltip.jsx
FN:14,ControlLabelWithTooltip
FNF:1
FNH:0
FNDA:0,ControlLabelWithTooltip
DA:1,1
DA:2,1
DA:3,1
DA:5,1
DA:10,1
DA:14,0
DA:15,0
DA:25,1
DA:26,1
LF:9
LH:7
BRDA:18,0,0,0
BRDA:18,0,1,0
BRF:2
BRH:0
end_of_record
TN:
SF:/Users/maxime_beauchemin/code/caravel/superset/assets/javascripts/explorev2/components/ControlPanelSection.jsx
FNF:0
FNH:0
DA:1,1
DA:2,1
DA:3,1
DA:5,1
DA:12,1
DA:19,0
DA:20,0
DA:21,0
DA:22,0
DA:23,0
DA:30,0
DA:34,0
DA:42,1
DA:43,1
LF:14
LH:7
BRDA:22,0,0,0
BRDA:22,0,1,0
BRDA:26,1,0,0
BRDA:26,1,1,0
BRF:4
BRH:0
end_of_record
TN:
SF:/Users/maxime_beauchemin/code/caravel/superset/assets/javascripts/explorev2/components/ControlPanelsContainer.jsx
FN:78,(anonymous_26)
FN:84,(anonymous_27)
FN:96,(anonymous_28)
FN:120,mapStateToProps
FN:128,mapDispatchToProps
FNF:5
FNH:3
FNDA:6,(anonymous_26)
FNDA:11,(anonymous_27)
FNDA:2,(anonymous_28)
FNDA:0,mapStateToProps
FNDA:0,mapDispatchToProps
DA:2,1
DA:3,1
DA:4,1
DA:5,1
DA:6,1
DA:7,1
DA:8,1
DA:9,1
DA:10,1
DA:12,1
DA:24,1
DA:25,1
DA:26,1
DA:27,0
DA:32,0
DA:33,0
DA:34,0
DA:41,0
DA:45,1
DA:49,1
DA:51,1
DA:55,11
DA:56,11
DA:59,0
DA:62,1
DA:63,1
DA:78,6
DA:84,11
DA:96,2
DA:118,1
DA:121,0
DA:129,0
LF:32
LH:24
BRDA:26,0,0,0
BRDA:26,0,1,1
BRDA:32,1,0,0
BRDA:32,1,1,0
BRDA:33,2,0,0
BRDA:33,2,1,0
BRDA:50,3,0,0
BRDA:50,3,1,1
BRDA:65,4,0,1
BRDA:65,4,1,0
BRDA:75,5,0,1
BRDA:75,5,1,1
BRF:12
BRH:5
end_of_record
TN:
SF:/Users/maxime_beauchemin/code/caravel/superset/assets/javascripts/explorev2/components/ExploreViewContainer.jsx
FN:23,ExploreViewContainer
FN:36,(anonymous_15)
FN:132,mapStateToProps
FN:139,mapDispatchToProps
FNF:4
FNH:0
FNDA:0,ExploreViewContainer
FNDA:0,(anonymous_15)
FNDA:0,mapStateToProps
FNDA:0,mapDispatchToProps
DA:2,0
DA:3,0
DA:4,0
DA:5,0
DA:6,0
DA:7,0
DA:8,0
DA:9,0
DA:10,0
DA:11,0
DA:13,0
DA:15,0
DA:23,0
DA:25,0
DA:32,0
DA:35,0
DA:36,0
DA:40,0
DA:41,0
DA:46,0
DA:50,0
DA:51,0
DA:53,0
DA:54,0
DA:56,0
DA:57,0
DA:61,0
DA:62,0
DA:66,0
DA:68,0
DA:69,0
DA:73,0
DA:77,0
DA:81,0
DA:85,0
DA:130,0
DA:133,0
DA:140,0
LF:38
LH:0
BRDA:23,0,0,0
BRDA:23,0,1,0
BRDA:37,1,0,0
BRDA:37,1,1,0
BRDA:40,2,0,0
BRDA:40,2,1,0
BRDA:94,3,0,0
BRDA:94,3,1,0
BRF:8
BRH:0
end_of_record
TN:
SF:/Users/maxime_beauchemin/code/caravel/superset/assets/javascripts/explorev2/components/FieldSet.jsx
FN:29,(anonymous_8)
FN:29,onChange
FNF:2
FNH:1
FNDA:1,(anonymous_8)
FNDA:0,onChange
DA:1,1
DA:2,1
DA:3,1
DA:4,1
DA:5,1
DA:6,1
DA:8,1
DA:24,1
DA:29,1
DA:34,0
DA:41,0
DA:48,0
DA:56,0
DA:63,0
DA:64,0
DA:70,0
DA:72,0
DA:73,0
DA:74,0
DA:75,0
DA:76,0
DA:77,0
DA:78,0
DA:79,0
DA:82,0
DA:86,1
DA:87,1
LF:27
LH:11
BRDA:72,0,0,0
BRDA:72,0,1,0
BRDA:74,1,0,0
BRDA:74,1,1,0
BRDA:76,2,0,0
BRDA:76,2,1,0
BRDA:78,3,0,0
BRDA:78,3,1,0
BRF:8
BRH:0
end_of_record
TN:
SF:/Users/maxime_beauchemin/code/caravel/superset/assets/javascripts/explorev2/components/FieldSetRow.jsx
FN:16,(anonymous_8)
FN:16,onChange
FN:33,(anonymous_16)
FNF:3
FNH:2
FNDA:1,(anonymous_8)
FNDA:0,onChange
FNDA:4,(anonymous_16)
DA:1,1
DA:2,1
DA:4,1
DA:6,1
DA:14,1
DA:16,1
DA:20,8
DA:21,4
DA:22,4
DA:23,4
DA:24,0
DA:25,0
DA:27,4
DA:29,2
DA:30,2
DA:31,2
DA:34,4
DA:35,4
DA:51,1
DA:52,1
LF:20
LH:18
BRDA:23,0,0,0
BRDA:23,0,1,4
BRF:2
BRH:1
end_of_record
TN:
SF:/Users/maxime_beauchemin/code/caravel/superset/assets/javascripts/explorev2/components/Filter.jsx
FN:19,Filter
FN:50,(anonymous_19)
FN:62,(anonymous_20)
FNF:3
FNH:3
FNDA:2,Filter
FNDA:2,(anonymous_19)
FNDA:4,(anonymous_20)
DA:1,1
DA:3,1
DA:4,1
DA:6,1
DA:13,1
DA:19,6
DA:21,2
DA:23,2
DA:28,0
DA:29,0
DA:32,0
DA:33,0
DA:36,0
DA:39,0
DA:42,2
DA:50,2
DA:62,4
DA:91,1
DA:92,1
LF:19
LH:13
BRDA:19,0,0,2
BRDA:19,0,1,0
BRDA:22,1,0,2
BRDA:22,1,1,0
BRDA:28,2,0,0
BRDA:28,2,1,0
BRDA:32,3,0,0
BRDA:32,3,1,0
BRF:8
BRH:2
end_of_record
TN:
SF:/Users/maxime_beauchemin/code/caravel/superset/assets/javascripts/explorev2/components/Filters.jsx
FN:34,(anonymous_13)
FN:71,mapStateToProps
FN:79,(anonymous_15)
FNF:3
FNH:1
FNDA:2,(anonymous_13)
FNDA:0,mapStateToProps
FNDA:0,(anonymous_15)
DA:1,1
DA:3,1
DA:4,1
DA:5,1
DA:6,1
DA:8,1
DA:15,1
DA:23,0
DA:31,2
DA:32,2
DA:33,2
DA:34,2
DA:36,2
DA:37,2
DA:38,2
DA:49,2
DA:68,1
DA:69,1
DA:72,0
DA:79,0
LF:20
LH:17
BRDA:37,0,0,2
BRDA:37,0,1,0
BRF:2
BRH:1
end_of_record
TN:
SF:/Users/maxime_beauchemin/code/caravel/superset/assets/javascripts/explorev2/components/SaveModal.js
FN:21,SaveModal
FN:224,mapStateToProps
FN:234,(anonymous_24)
FNF:3
FNH:1
FNDA:1,SaveModal
FNDA:0,mapStateToProps
FNDA:0,(anonymous_24)
DA:2,1
DA:3,1
DA:4,1
DA:5,1
DA:6,1
DA:7,1
DA:9,1
DA:21,3
DA:23,1
DA:34,0
DA:37,0
DA:39,0
DA:40,0
DA:42,0
DA:43,0
DA:44,0
DA:46,0
DA:47,0
DA:49,0
DA:53,0
DA:56,0
DA:59,0
DA:60,0
DA:61,0
DA:63,0
DA:64,0
DA:66,0
DA:67,0
DA:68,0
DA:69,0
DA:70,0
DA:71,0
DA:72,0
DA:74,0
DA:76,0
DA:79,0
DA:80,0
DA:81,0
DA:82,0
DA:84,0
DA:85,0
DA:86,0
DA:87,0
DA:89,0
DA:90,0
DA:92,0
DA:93,0
DA:94,0
DA:95,0
DA:97,0
DA:98,0
DA:100,0
DA:102,0
DA:103,0
DA:105,0
DA:106,0
DA:107,0
DA:110,0
DA:111,0
DA:113,0
DA:116,1
DA:222,1
DA:225,0
DA:234,0
LF:64
LH:11
BRDA:21,0,0,1
BRDA:21,0,1,0
BRDA:38,1,0,0
BRDA:38,1,1,0
BRDA:38,1,2,0
BRDA:38,1,3,0
BRDA:68,2,0,0
BRDA:68,2,1,0
BRDA:70,3,0,0
BRDA:70,3,1,0
BRDA:83,4,0,0
BRDA:83,4,1,0
BRDA:83,4,2,0
BRDA:85,5,0,0
BRDA:85,5,1,0
BRDA:93,6,0,0
BRDA:93,6,1,0
BRDA:110,7,0,0
BRDA:110,7,1,0
BRDA:128,8,0,1
BRDA:128,8,1,1
BRDA:128,8,2,0
BRDA:130,9,0,0
BRDA:130,9,1,0
BRF:24
BRH:3
end_of_record
TN:
SF:/Users/maxime_beauchemin/code/caravel/superset/assets/javascripts/explorev2/components/SelectField.jsx
FN:24,(anonymous_7)
FN:24,onChange
FN:32,(anonymous_13)
FN:41,(anonymous_16)
FN:44,(anonymous_17)
FNF:5
FNH:3
FNDA:1,(anonymous_7)
FNDA:0,onChange
FNDA:0,(anonymous_13)
FNDA:8,(anonymous_16)
FNDA:2,(anonymous_17)
DA:1,1
DA:2,1
DA:3,1
DA:4,1
DA:7,1
DA:18,1
DA:24,1
DA:29,1
DA:31,1
DA:32,0
DA:34,1
DA:35,0
DA:37,1
DA:41,8
DA:42,4
DA:44,2
DA:45,1
DA:46,1
DA:50,4
DA:60,4
DA:63,4
DA:75,1
DA:76,1
LF:23
LH:21
BRDA:29,0,0,1
BRDA:29,0,1,0
BRDA:31,1,0,0
BRDA:31,1,1,1
BRDA:32,2,0,0
BRDA:32,2,1,0
BRDA:34,3,0,0
BRDA:34,3,1,1
BRDA:34,4,0,1
BRDA:34,4,1,0
BRDA:42,5,0,1
BRDA:42,5,1,3
BRDA:45,6,0,1
BRDA:45,6,1,0
BRDA:61,7,0,1
BRDA:61,7,1,3
BRF:16
BRH:9
end_of_record
TN:
SF:/Users/maxime_beauchemin/code/caravel/superset/assets/javascripts/explorev2/components/SqlClause.jsx
FN:45,mapStateToProps
FN:49,mapDispatchToProps
FNF:2
FNH:0
FNDA:0,mapStateToProps
FNDA:0,mapDispatchToProps
DA:1,0
DA:2,0
DA:3,0
DA:4,0
DA:6,0
DA:12,0
DA:15,0
DA:43,0
DA:46,0
DA:50,0
LF:10
LH:0
BRF:0
BRH:0
end_of_record
TN:
SF:/Users/maxime_beauchemin/code/caravel/superset/assets/javascripts/explorev2/components/TextAreaField.jsx
FN:16,(anonymous_7)
FN:16,onChange
FNF:2
FNH:1
FNDA:1,(anonymous_7)
FNDA:0,onChange
DA:1,1
DA:2,1
DA:3,1
DA:5,1
DA:13,1
DA:16,1
DA:22,1
DA:25,2
DA:39,1
DA:40,1
LF:10
LH:10
BRF:0
BRH:0
end_of_record
TN:
SF:/Users/maxime_beauchemin/code/caravel/superset/assets/javascripts/explorev2/components/TextField.jsx
FN:16,(anonymous_7)
FN:16,onChange
FNF:2
FNH:1
FNDA:1,(anonymous_7)
FNDA:0,onChange
DA:1,1
DA:2,1
DA:3,1
DA:5,1
DA:13,1
DA:16,1
DA:22,0
DA:25,0
DA:42,1
DA:43,1
LF:10
LH:8
BRF:0
BRH:0
end_of_record
TN:
SF:/Users/maxime_beauchemin/code/caravel/superset/assets/javascripts/explorev2/reducers/exploreReducer.js
FN:5,(anonymous_2)
FN:5,exploreReducer
FN:6,(anonymous_4)
FN:6,(anonymous_5)
FN:6,(anonymous_6)
FN:6,(anonymous_7)
FN:6,(anonymous_8)
FN:6,(anonymous_9)
FN:6,(anonymous_10)
FN:6,(anonymous_11)
FN:45,(anonymous_12)
FN:6,(anonymous_13)
FN:6,(anonymous_14)
FN:6,(anonymous_15)
FN:6,(anonymous_16)
FN:6,(anonymous_17)
FN:6,(anonymous_18)
FN:6,(anonymous_19)
FN:6,(anonymous_20)
FN:6,(anonymous_21)
FN:6,(anonymous_22)
FN:6,(anonymous_23)
FNF:22
FNH:4
FNDA:1,(anonymous_2)
FNDA:3,exploreReducer
FNDA:0,(anonymous_4)
FNDA:0,(anonymous_5)
FNDA:0,(anonymous_6)
FNDA:0,(anonymous_7)
FNDA:0,(anonymous_8)
FNDA:0,(anonymous_9)
FNDA:0,(anonymous_10)
FNDA:0,(anonymous_11)
FNDA:0,(anonymous_12)
FNDA:0,(anonymous_13)
FNDA:1,(anonymous_14)
FNDA:0,(anonymous_15)
FNDA:0,(anonymous_16)
FNDA:2,(anonymous_17)
FNDA:0,(anonymous_18)
FNDA:0,(anonymous_19)
FNDA:0,(anonymous_20)
FNDA:0,(anonymous_21)
FNDA:0,(anonymous_22)
FNDA:0,(anonymous_23)
DA:1,1
DA:2,1
DA:3,1
DA:5,1
DA:6,3
DA:8,0
DA:12,0
DA:16,0
DA:21,0
DA:28,0
DA:32,0
DA:36,0
DA:41,0
DA:42,0
DA:43,0
DA:45,0
DA:46,0
DA:47,0
DA:49,0
DA:52,0
DA:56,0
DA:59,1
DA:60,1
DA:65,1
DA:68,0
DA:69,0
DA:76,0
DA:77,0
DA:78,0
DA:80,0
DA:87,2
DA:90,2
DA:91,0
DA:92,0
DA:93,0
DA:94,0
DA:96,2
DA:97,0
DA:99,2
DA:101,2
DA:108,0
DA:116,0
DA:125,0
DA:128,0
DA:131,0
DA:134,0
DA:137,0
DA:140,3
DA:141,3
DA:143,0
LF:50
LH:15
BRDA:46,0,0,0
BRDA:46,0,1,0
BRDA:88,1,0,0
BRDA:88,1,1,2
BRDA:90,2,0,0
BRDA:90,2,1,2
BRDA:96,3,0,0
BRDA:96,3,1,2
BRDA:100,4,0,1
BRDA:100,4,1,1
BRDA:140,5,0,3
BRDA:140,5,1,0
BRF:12
BRH:6
end_of_record
TN:
SF:/Users/maxime_beauchemin/code/caravel/superset/assets/javascripts/explorev2/stores/fields.js
FNF:0
FNH:0
DA:1,1
DA:2,1
DA:4,1
DA:14,1
DA:17,1
DA:26,1
DA:28,1
DA:30,1
DA:38,1
DA:40,1
DA:992,1
LF:11
LH:11
BRF:0
BRH:0
end_of_record
TN:
SF:/Users/maxime_beauchemin/code/caravel/superset/assets/javascripts/explorev2/stores/store.js
FN:5,defaultFormData
FN:13,(anonymous_2)
FN:14,(anonymous_3)
FN:15,(anonymous_4)
FN:23,defaultViz
FN:39,initialState
FNF:6
FNH:6
FNDA:5,defaultFormData
FNDA:26,(anonymous_2)
FNDA:63,(anonymous_3)
FNDA:97,(anonymous_4)
FNDA:3,defaultViz
FNDA:3,initialState
DA:2,1
DA:3,1
DA:5,10
DA:6,5
DA:12,5
DA:13,5
DA:14,26
DA:15,63
DA:16,97
DA:20,5
DA:23,3
DA:24,3
DA:39,6
DA:40,3
LF:14
LH:14
BRDA:5,0,0,3
BRDA:5,0,1,2
BRDA:5,1,0,5
BRDA:5,1,1,3
BRDA:5,2,0,3
BRDA:5,2,1,2
BRDA:5,3,0,5
BRDA:5,3,1,3
BRDA:23,4,0,3
BRDA:23,4,1,0
BRDA:23,5,0,3
BRDA:23,5,1,3
BRDA:39,6,0,3
BRDA:39,6,1,0
BRDA:39,7,0,3
BRDA:39,7,1,3
BRDA:39,8,0,0
BRDA:39,8,1,3
BRDA:39,9,0,3
BRDA:39,9,1,0
BRF:20
BRH:16
end_of_record
TN:
SF:/Users/maxime_beauchemin/code/caravel/superset/assets/javascripts/explorev2/stores/visTypes.js
FN:696,sectionsToRender
FNF:1
FNH:1
FNDA:6,sectionsToRender
DA:1,1
DA:71,1
DA:697,6
DA:698,6
DA:700,12
DA:701,6
DA:703,6
LF:7
LH:7
BRDA:699,0,0,5
BRDA:699,0,1,1
BRF:2
BRH:2
end_of_record
TN:
SF:/Users/maxime_beauchemin/code/caravel/superset/assets/javascripts/modules/colors.js
FN:51,(anonymous_1)
FN:54,(anonymous_2)
FN:69,(anonymous_3)
FN:69,colorScalerFactory
FN:81,(anonymous_5)
FNF:5
FNH:0
FNDA:0,(anonymous_1)
FNDA:0,(anonymous_2)
FNDA:0,(anonymous_3)
FNDA:0,colorScalerFactory
FNDA:0,(anonymous_5)
DA:1,0
DA:2,0
DA:5,0
DA:29,0
DA:51,0
DA:53,0
DA:54,0
DA:55,0
DA:56,0
DA:58,0
DA:60,0
DA:61,0
DA:62,0
DA:65,0
DA:69,0
DA:71,0
DA:73,0
DA:75,0
DA:76,0
DA:77,0
DA:79,0
DA:80,0
DA:81,0
DA:82,0
DA:84,0
LF:25
LH:0
BRDA:55,0,0,0
BRDA:55,0,1,0
BRDA:61,1,0,0
BRDA:61,1,1,0
BRDA:71,2,0,0
BRDA:71,2,1,0
BRDA:76,3,0,0
BRDA:76,3,1,0
BRF:8
BRH:0
end_of_record
TN:
SF:/Users/maxime_beauchemin/code/caravel/superset/assets/javascripts/modules/dates.js
FN:5,UTC
FN:18,(anonymous_2)
FN:25,(anonymous_3)
FN:32,(anonymous_4)
FN:39,(anonymous_5)
FN:46,(anonymous_6)
FN:53,(anonymous_7)
FN:60,(anonymous_8)
FN:65,(anonymous_9)
FN:65,formatDate
FN:70,(anonymous_11)
FN:70,timeFormatFactory
FN:72,(anonymous_13)
FN:77,(anonymous_14)
FN:77,fDuration
FN:83,(anonymous_16)
FN:83,now
FN:88,(anonymous_18)
FN:88,epochTimeXHoursAgo
FN:95,(anonymous_20)
FN:95,epochTimeXDaysAgo
FN:102,(anonymous_22)
FN:102,epochTimeXYearsAgo
FNF:23
FNH:9
FNDA:0,UTC
FNDA:0,(anonymous_2)
FNDA:0,(anonymous_3)
FNDA:0,(anonymous_4)
FNDA:0,(anonymous_5)
FNDA:0,(anonymous_6)
FNDA:0,(anonymous_7)
FNDA:0,(anonymous_8)
FNDA:1,(anonymous_9)
FNDA:0,formatDate
FNDA:1,(anonymous_11)
FNDA:0,timeFormatFactory
FNDA:0,(anonymous_13)
FNDA:1,(anonymous_14)
FNDA:3,fDuration
FNDA:1,(anonymous_16)
FNDA:4,now
FNDA:1,(anonymous_18)
FNDA:0,epochTimeXHoursAgo
FNDA:1,(anonymous_20)
FNDA:0,epochTimeXDaysAgo
FNDA:1,(anonymous_22)
FNDA:0,epochTimeXYearsAgo
DA:1,1
DA:3,1
DA:6,0
DA:15,1
DA:19,0
DA:26,0
DA:33,0
DA:40,0
DA:47,0
DA:54,0
DA:61,0
DA:65,1
DA:66,0
DA:68,0
DA:70,1
DA:71,0
DA:72,0
DA:73,0
DA:74,0
DA:77,3
DA:78,3
DA:79,3
DA:80,3
DA:83,1
DA:85,4
DA:88,1
DA:89,0
DA:95,1
DA:96,0
DA:102,1
DA:103,0
LF:31
LH:14
BRDA:54,0,0,0
BRDA:54,0,1,0
BRDA:77,1,0,0
BRDA:77,1,1,3
BRDA:77,2,0,3
BRDA:77,2,1,0
BRF:6
BRH:2
end_of_record
TN:
SF:/Users/maxime_beauchemin/code/caravel/superset/assets/javascripts/modules/superset.js
FN:9,(anonymous_1)
FN:11,getParam
FN:18,initFavStars
FN:21,show
FN:32,(anonymous_5)
FN:36,(anonymous_6)
FN:42,(anonymous_7)
FN:56,(anonymous_8)
FN:56,Slice
FN:65,(anonymous_10)
FN:65,stopwatch
FN:71,(anonymous_12)
FN:71,always
FN:76,(anonymous_14)
FN:76,querystring
FN:76,getWidgetHeader
FN:76,render_template
FN:76,jsonEndpoint
FN:76,d3format
FN:76,done
FN:76,getErrorMsg
FN:76,error
FN:76,clearError
FN:76,width
FN:76,height
FN:76,bindResizeToWindowResize
FN:201,(anonymous_38)
FN:203,(anonymous_39)
FN:76,render
FN:76,resize
FN:76,addFilter
FN:76,setFilter
FN:76,getFilters
FN:76,clearFilter
FN:76,removeFilter
FNF:35
FNH:0
FNDA:0,(anonymous_1)
FNDA:0,getParam
FNDA:0,initFavStars
FNDA:0,show
FNDA:0,(anonymous_5)
FNDA:0,(anonymous_6)
FNDA:0,(anonymous_7)
FNDA:0,(anonymous_8)
FNDA:0,Slice
FNDA:0,(anonymous_10)
FNDA:0,stopwatch
FNDA:0,(anonymous_12)
FNDA:0,always
FNDA:0,(anonymous_14)
FNDA:0,querystring
FNDA:0,getWidgetHeader
FNDA:0,render_template
FNDA:0,jsonEndpoint
FNDA:0,d3format
FNDA:0,done
FNDA:0,getErrorMsg
FNDA:0,error
FNDA:0,clearError
FNDA:0,width
FNDA:0,height
FNDA:0,bindResizeToWindowResize
FNDA:0,(anonymous_38)
FNDA:0,(anonymous_39)
FNDA:0,render
FNDA:0,resize
FNDA:0,addFilter
FNDA:0,setFilter
FNDA:0,getFilters
FNDA:0,clearFilter
FNDA:0,removeFilter
DA:1,0
DA:2,0
DA:3,0
DA:6,0
DA:9,0
DA:10,0
DA:13,0
DA:14,0
DA:15,0
DA:16,0
DA:19,0
DA:22,0
DA:23,0
DA:25,0
DA:28,0
DA:33,0
DA:34,0
DA:35,0
DA:36,0
DA:37,0
DA:38,0
DA:43,0
DA:44,0
DA:45,0
DA:46,0
DA:47,0
DA:49,0
DA:51,0
DA:52,0
DA:56,0
DA:57,0
DA:58,0
DA:59,0
DA:60,0
DA:61,0
DA:62,0
DA:63,0
DA:64,0
DA:65,0
DA:66,0
DA:67,0
DA:68,0
DA:70,0
DA:71,0
DA:73,0
DA:74,0
DA:76,0
DA:82,0
DA:83,0
DA:84,0
DA:85,0
DA:86,0
DA:87,0
DA:88,0
DA:89,0
DA:90,0
DA:92,0
DA:94,0
DA:97,0
DA:100,0
DA:104,0
DA:107,0
DA:108,0
DA:109,0
DA:110,0
DA:111,0
DA:112,0
DA:117,0
DA:118,0
DA:122,0
DA:124,0
DA:125,0
DA:126,0
DA:127,0
DA:129,0
DA:130,0
DA:133,0
DA:134,0
DA:135,0
DA:136,0
DA:137,0
DA:140,0
DA:141,0
DA:143,0
DA:144,0
DA:145,0
DA:146,0
DA:147,0
DA:149,0
DA:152,0
DA:155,0
DA:156,0
DA:157,0
DA:158,0
DA:159,0
DA:160,0
DA:161,0
DA:162,0
DA:167,0
DA:168,0
DA:169,0
DA:170,0
DA:171,0
DA:174,0
DA:175,0
DA:176,0
DA:177,0
DA:178,0
DA:179,0
DA:180,0
DA:183,0
DA:186,0
DA:189,0
DA:190,0
DA:191,0
DA:192,0
DA:193,0
DA:195,0
DA:196,0
DA:199,0
DA:200,0
DA:201,0
DA:202,0
DA:203,0
DA:204,0
DA:209,0
DA:210,0
DA:212,0
DA:214,0
DA:215,0
DA:216,0
DA:217,0
DA:218,0
DA:219,0
DA:220,0
DA:221,0
DA:224,0
DA:225,0
DA:226,0
DA:227,0
DA:228,0
DA:231,0
DA:234,0
DA:237,0
DA:240,0
DA:243,0
DA:246,0
DA:247,0
DA:250,0
DA:256,0
LF:150
LH:0
BRDA:16,0,0,0
BRDA:16,0,1,0
BRDA:22,1,0,0
BRDA:22,1,1,0
BRDA:37,2,0,0
BRDA:37,2,1,0
BRDA:46,3,0,0
BRDA:46,3,1,0
BRDA:84,4,0,0
BRDA:84,4,1,0
BRDA:89,5,0,0
BRDA:89,5,1,0
BRDA:129,6,0,0
BRDA:129,6,1,0
BRDA:140,7,0,0
BRDA:140,7,1,0
BRDA:144,8,0,0
BRDA:144,8,1,0
BRDA:147,9,0,0
BRDA:147,9,1,0
BRDA:161,10,0,0
BRDA:161,10,1,0
BRDA:168,11,0,0
BRDA:168,11,1,0
BRDA:170,12,0,0
BRDA:170,12,1,0
BRDA:192,13,0,0
BRDA:192,13,1,0
BRDA:209,14,0,0
BRDA:209,14,1,0
BRF:30
BRH:0
end_of_record
TN:
SF:/Users/maxime_beauchemin/code/caravel/superset/assets/javascripts/modules/utils.js
FN:12,wrapSvgText
FN:15,(anonymous_1)
FN:65,showModal
FN:76,showApiMessage
FN:87,toggleCheckbox
FN:89,(anonymous_5)
FN:100,(anonymous_6)
FN:100,fixDataTableBodyHeight
FN:105,d3format
FN:119,(anonymous_9)
FN:119,done
FN:120,(anonymous_11)
FN:120,error
FN:121,(anonymous_13)
FN:121,always
FN:122,(anonymous_15)
FN:122,addFiler
FN:123,(anonymous_17)
FN:123,setFilter
FN:124,(anonymous_19)
FN:124,getFilters
FN:125,(anonymous_21)
FN:125,clearFilter
FN:126,(anonymous_23)
FN:126,removeFilter
FN:130,formatSelectOptionsForRange
FN:141,formatSelectOptions
FN:142,(anonymous_27)
FN:147,slugify
FN:157,getAjaxErrorMsg
FNF:30
FNH:13
FNDA:0,wrapSvgText
FNDA:0,(anonymous_1)
FNDA:0,showModal
FNDA:0,showApiMessage
FNDA:0,toggleCheckbox
FNDA:0,(anonymous_5)
FNDA:1,(anonymous_6)
FNDA:0,fixDataTableBodyHeight
FNDA:0,d3format
FNDA:1,(anonymous_9)
FNDA:0,done
FNDA:1,(anonymous_11)
FNDA:0,error
FNDA:1,(anonymous_13)
FNDA:0,always
FNDA:1,(anonymous_15)
FNDA:0,addFiler
FNDA:1,(anonymous_17)
FNDA:0,setFilter
FNDA:1,(anonymous_19)
FNDA:0,getFilters
FNDA:1,(anonymous_21)
FNDA:0,clearFilter
FNDA:1,(anonymous_23)
FNDA:0,removeFilter
FNDA:2,formatSelectOptionsForRange
FNDA:26,formatSelectOptions
FNDA:186,(anonymous_27)
FNDA:4,slugify
FNDA:0,getAjaxErrorMsg
DA:2,1
DA:3,1
DA:13,0
DA:15,0
DA:16,0
DA:17,0
DA:18,0
DA:19,0
DA:20,0
DA:21,0
DA:22,0
DA:23,0
DA:25,0
DA:29,0
DA:30,0
DA:31,0
DA:32,0
DA:33,0
DA:34,0
DA:35,0
DA:37,0
DA:38,0
DA:39,0
DA:43,0
DA:46,0
DA:47,0
DA:67,0
DA:68,0
DA:69,0
DA:70,0
DA:71,0
DA:72,0
DA:78,0
DA:81,0
DA:82,0
DA:88,0
DA:89,0
DA:90,0
DA:91,0
DA:92,0
DA:100,1
DA:101,0
DA:102,0
DA:106,0
DA:108,0
DA:109,0
DA:110,0
DA:112,0
DA:117,1
DA:119,1
DA:120,1
DA:121,1
DA:122,1
DA:123,1
DA:124,1
DA:125,1
DA:126,1
DA:134,2
DA:135,2
DA:136,100
DA:138,2
DA:142,186
DA:149,4
DA:158,0
DA:159,0
LF:65
LH:18
BRDA:34,0,0,0
BRDA:34,0,1,0
BRDA:46,1,0,0
BRDA:46,1,1,0
BRDA:46,2,0,0
BRDA:46,2,1,0
BRDA:67,3,0,0
BRDA:67,3,1,0
BRDA:68,4,0,0
BRDA:68,4,1,0
BRDA:69,5,0,0
BRDA:69,5,1,0
BRDA:70,6,0,0
BRDA:70,6,1,0
BRDA:71,7,0,0
BRDA:71,7,1,0
BRDA:81,8,0,0
BRDA:81,8,1,0
BRDA:91,9,0,0
BRDA:91,9,1,0
BRDA:91,10,0,0
BRDA:91,10,1,0
BRDA:108,11,0,0
BRDA:108,11,1,0
BRDA:109,12,0,0
BRDA:109,12,1,0
BRDA:159,13,0,0
BRDA:159,13,1,0
BRDA:159,14,0,0
BRDA:159,14,1,0
BRF:30
BRH:0
end_of_record
TN:
SF:/Users/maxime_beauchemin/code/caravel/superset/assets/javascripts/profile/index.jsx
FNF:0
FNH:0
DA:1,0
DA:2,0
DA:3,0
DA:5,0
DA:7,0
DA:9,0
DA:10,0
DA:11,0
DA:14,0
DA:15,0
DA:17,0
DA:18,0
LF:12
LH:0
BRF:0
BRH:0
end_of_record
TN:
SF:/Users/maxime_beauchemin/code/caravel/superset/assets/javascripts/profile/components/App.jsx
FN:13,App
FNF:1
FNH:1
FNDA:2,App
DA:1,1
DA:2,1
DA:3,1
DA:4,1
DA:5,1
DA:6,1
DA:7,1
DA:9,1
DA:14,2
DA:51,1
LF:10
LH:10
BRF:0
BRH:0
end_of_record
TN:
SF:/Users/maxime_beauchemin/code/caravel/superset/assets/javascripts/profile/components/CreatedContent.jsx
FN:10,CreatedContent
FN:20,(anonymous_11)
FN:20,mutator
FN:20,(anonymous_13)
FN:37,(anonymous_16)
FN:37,mutator
FN:37,(anonymous_18)
FNF:7
FNH:3
FNDA:4,CreatedContent
FNDA:4,(anonymous_11)
FNDA:0,mutator
FNDA:0,(anonymous_13)
FNDA:4,(anonymous_16)
FNDA:0,mutator
FNDA:0,(anonymous_18)
DA:1,1
DA:2,1
DA:3,1
DA:5,1
DA:10,12
DA:12,4
DA:20,4
DA:25,4
DA:37,4
DA:42,4
DA:54,4
DA:65,1
LF:12
LH:12
BRDA:10,0,0,4
BRDA:10,0,1,0
BRF:2
BRH:1
end_of_record
TN:
SF:/Users/maxime_beauchemin/code/caravel/superset/assets/javascripts/profile/components/Favorites.jsx
FN:10,Favorites
FN:20,(anonymous_11)
FN:20,mutator
FN:20,(anonymous_13)
FN:38,(anonymous_16)
FN:38,mutator
FN:38,(anonymous_18)
FNF:7
FNH:3
FNDA:4,Favorites
FNDA:4,(anonymous_11)
FNDA:0,mutator
FNDA:0,(anonymous_13)
FNDA:4,(anonymous_16)
FNDA:0,mutator
FNDA:0,(anonymous_18)
DA:1,1
DA:2,1
DA:3,1
DA:5,1
DA:10,12
DA:12,4
DA:20,4
DA:26,4
DA:38,4
DA:43,4
DA:55,4
DA:66,1
LF:12
LH:12
BRDA:10,0,0,4
BRDA:10,0,1,0
BRF:2
BRH:1
end_of_record
TN:
SF:/Users/maxime_beauchemin/code/caravel/superset/assets/javascripts/profile/components/RecentActivity.jsx
FN:11,RecentActivity
FN:19,(anonymous_11)
FN:24,(anonymous_14)
FN:24,mutator
FN:25,(anonymous_16)
FNF:5
FNH:2
FNDA:3,RecentActivity
FNDA:0,(anonymous_11)
FNDA:3,(anonymous_14)
FNDA:0,mutator
FNDA:0,(anonymous_16)
DA:1,1
DA:2,1
DA:3,1
DA:4,1
DA:6,1
DA:11,9
DA:13,3
DA:18,3
DA:19,3
DA:20,0
DA:24,3
DA:25,0
DA:32,3
DA:44,1
LF:14
LH:12
BRDA:11,0,0,3
BRDA:11,0,1,0
BRF:2
BRH:1
end_of_record
TN:
SF:/Users/maxime_beauchemin/code/caravel/superset/assets/javascripts/profile/components/Security.jsx
FN:7,Security
FN:14,(anonymous_2)
FN:23,(anonymous_3)
FN:34,(anonymous_4)
FNF:4
FNH:4
FNDA:8,Security
FNDA:16,(anonymous_2)
FNDA:21,(anonymous_3)
FNDA:14,(anonymous_4)
DA:1,1
DA:2,1
DA:4,1
DA:7,8
DA:8,8
DA:14,16
DA:23,21
DA:34,14
DA:41,1
LF:9
LH:9
BRDA:18,0,0,8
BRDA:18,0,1,7
BRDA:29,1,0,8
BRDA:29,1,1,7
BRF:4
BRH:4
end_of_record
TN:
SF:/Users/maxime_beauchemin/code/caravel/superset/assets/javascripts/profile/components/TableLoader.jsx
FN:13,TableLoader
FN:21,(anonymous_11)
FN:33,(anonymous_14)
FN:45,(anonymous_15)
FN:47,(anonymous_16)
FNF:5
FNH:1
FNDA:19,TableLoader
FNDA:0,(anonymous_11)
FNDA:0,(anonymous_14)
FNDA:0,(anonymous_15)
FNDA:0,(anonymous_16)
DA:1,1
DA:2,1
DA:3,1
DA:4,1
DA:6,1
DA:13,57
DA:15,19
DA:20,19
DA:21,19
DA:22,0
DA:23,0
DA:24,0
DA:26,0
DA:30,19
DA:31,19
DA:32,19
DA:33,0
DA:35,19
DA:36,19
DA:37,19
DA:38,19
DA:39,19
DA:41,0
DA:45,0
DA:48,0
DA:49,0
DA:54,0
DA:64,1
LF:28
LH:18
BRDA:13,0,0,19
BRDA:13,0,1,0
BRDA:23,1,0,0
BRDA:23,1,1,0
BRDA:32,2,0,0
BRDA:32,2,1,19
BRDA:32,3,0,19
BRDA:32,3,1,3
BRDA:38,4,0,19
BRDA:38,4,1,0
BRDA:48,5,0,0
BRDA:48,5,1,0
BRF:12
BRH:5
end_of_record
TN:
SF:/Users/maxime_beauchemin/code/caravel/superset/assets/javascripts/profile/components/UserInfo.jsx
FN:9,(anonymous_1)
FN:9,UserInfo
FNF:2
FNH:2
FNDA:1,(anonymous_1)
FNDA:7,UserInfo
DA:1,1
DA:2,1
DA:3,1
DA:4,1
DA:6,1
DA:9,7
DA:47,1
LF:7
LH:7
BRF:0
BRH:0
end_of_record
