TN:
SF:/Users/maxime_beauchemin/code/caravel/superset/assets/javascripts/common.js
FN:3,(anonymous_0)
FN:4,(anonymous_1)
FNF:2
FNH:0
FNDA:0,(anonymous_0)
FNDA:0,(anonymous_1)
DA:1,0
DA:2,0
DA:3,0
DA:4,0
DA:5,0
DA:6,0
DA:7,0
DA:8,0
LF:8
LH:0
BRF:0
BRH:0
end_of_record
TN:
SF:/Users/maxime_beauchemin/code/caravel/superset/assets/javascripts/css-theme.js
FNF:0
FNH:0
DA:1,0
DA:2,0
LF:2
LH:0
BRF:0
BRH:0
end_of_record
TN:
SF:/Users/maxime_beauchemin/code/caravel/superset/assets/javascripts/index.jsx
FN:5,App
FNF:1
FNH:0
FNDA:0,App
DA:1,0
DA:2,0
DA:3,0
DA:6,0
DA:14,0
LF:5
LH:0
BRF:0
BRH:0
end_of_record
TN:
SF:/Users/maxime_beauchemin/code/caravel/superset/assets/javascripts/reduxUtils.js
FN:5,addToObject
FN:16,alterInObject
FN:22,alterInArr
FN:27,(anonymous_6)
FN:37,removeFromArr
FN:39,(anonymous_8)
FN:47,getFromArr
FN:49,(anonymous_10)
FN:57,addToArr
FN:67,enhancer
FN:78,areArraysShallowEqual
FN:98,areObjectsEqual
FNF:12
FNH:0
FNDA:0,addToObject
FNDA:0,alterInObject
FNDA:0,alterInArr
FNDA:0,(anonymous_6)
FNDA:0,removeFromArr
FNDA:0,(anonymous_8)
FNDA:0,getFromArr
FNDA:0,(anonymous_10)
FNDA:0,addToArr
FNDA:0,enhancer
FNDA:0,areArraysShallowEqual
FNDA:0,areObjectsEqual
DA:1,0
DA:2,0
DA:3,0
DA:6,0
DA:7,0
DA:9,0
DA:10,0
DA:12,0
DA:13,0
DA:17,0
DA:18,0
DA:19,0
DA:25,0
DA:26,0
DA:27,0
DA:28,0
DA:29,0
DA:31,0
DA:34,0
DA:37,0
DA:38,0
DA:39,0
DA:40,0
DA:41,0
DA:44,0
DA:48,0
DA:49,0
DA:50,0
DA:51,0
DA:54,0
DA:58,0
DA:59,0
DA:60,0
DA:62,0
DA:63,0
DA:64,0
DA:68,0
DA:69,0
DA:71,0
DA:73,0
DA:75,0
DA:83,0
DA:84,0
DA:86,0
DA:87,0
DA:89,0
DA:90,0
DA:91,0
DA:92,0
DA:95,0
DA:99,0
DA:100,0
DA:102,0
DA:103,0
DA:105,0
DA:106,0
DA:107,0
DA:109,0
DA:110,0
DA:113,0
LF:60
LH:0
BRDA:9,0,0,0
BRDA:9,0,1,0
BRDA:28,1,0,0
BRDA:28,1,1,0
BRDA:37,2,0,0
BRDA:37,2,1,0
BRDA:37,3,0,0
BRDA:37,3,1,0
BRDA:40,4,0,0
BRDA:40,4,1,0
BRDA:50,5,0,0
BRDA:50,5,1,0
BRDA:59,6,0,0
BRDA:59,6,1,0
BRDA:69,7,0,0
BRDA:69,7,1,0
BRDA:71,8,0,0
BRDA:71,8,1,0
BRDA:83,9,0,0
BRDA:83,9,1,0
BRDA:83,10,0,0
BRDA:83,10,1,0
BRDA:86,11,0,0
BRDA:86,11,1,0
BRDA:91,12,0,0
BRDA:91,12,1,0
BRDA:99,13,0,0
BRDA:99,13,1,0
BRDA:99,14,0,0
BRDA:99,14,1,0
BRDA:102,15,0,0
BRDA:102,15,1,0
BRDA:106,16,0,0
BRDA:106,16,1,0
BRDA:109,17,0,0
BRDA:109,17,1,0
BRF:36
BRH:0
end_of_record
TN:
SF:/Users/maxime_beauchemin/code/caravel/superset/assets/javascripts/standalone.js
FN:12,(anonymous_0)
FNF:1
FNH:0
FNDA:0,(anonymous_0)
DA:1,0
DA:3,0
DA:4,0
DA:5,0
DA:7,0
DA:9,0
DA:12,0
DA:13,0
DA:14,0
DA:15,0
DA:16,0
LF:11
LH:0
BRF:0
BRH:0
end_of_record
TN:
SF:/Users/maxime_beauchemin/code/caravel/superset/assets/javascripts/superset-select2.js
FNF:0
FNH:0
DA:1,0
DA:2,0
DA:3,0
DA:4,0
DA:5,0
LF:5
LH:0
BRF:0
BRH:0
end_of_record
TN:
SF:/Users/maxime_beauchemin/code/caravel/superset/assets/javascripts/welcome.js
FN:13,modelViewTable
FN:18,(anonymous_2)
FN:20,(anonymous_3)
FN:21,(anonymous_4)
FN:26,(anonymous_5)
FN:55,(anonymous_6)
FNF:6
FNH:0
FNDA:0,modelViewTable
FNDA:0,(anonymous_2)
FNDA:0,(anonymous_3)
FNDA:0,(anonymous_4)
FNDA:0,(anonymous_5)
FNDA:0,(anonymous_6)
DA:1,0
DA:3,0
DA:4,0
DA:5,0
DA:7,0
DA:8,0
DA:9,0
DA:10,0
DA:12,0
DA:15,0
DA:16,0
DA:17,0
DA:18,0
DA:19,0
DA:20,0
DA:21,0
DA:22,0
DA:24,0
DA:26,0
DA:27,0
DA:29,0
DA:30,0
DA:31,0
DA:42,0
DA:43,0
DA:44,0
DA:45,0
DA:47,0
DA:48,0
DA:49,0
DA:50,0
DA:51,0
DA:52,0
DA:55,0
DA:56,0
LF:35
LH:0
BRF:0
BRH:0
end_of_record
TN:
SF:/Users/maxime_beauchemin/code/caravel/superset/assets/javascripts/SqlLab/actions.js
FN:38,resetState
FN:42,startQuery
FN:53,querySuccess
FN:57,queryFailed
FN:61,stopQuery
FN:65,clearQueryResults
FN:69,removeDataPreview
FN:73,requestQueryResults
FN:77,fetchQueryResults
FN:78,(anonymous_10)
FN:81,(anonymous_11)
FN:81,success
FN:81,error
FN:95,runQuery
FN:96,(anonymous_16)
FN:111,(anonymous_17)
FN:111,success
FN:111,error
FN:141,setDatabases
FN:145,addQueryEditor
FN:150,cloneQueryToNewTab
FN:154,setNetworkStatus
FN:158,addAlert
FN:164,removeAlert
FN:168,setActiveQueryEditor
FN:172,setActiveSouthPaneTab
FN:176,removeQueryEditor
FN:180,removeQuery
FN:184,queryEditorSetDb
FN:188,queryEditorSetSchema
FN:192,queryEditorSetAutorun
FN:196,queryEditorSetTitle
FN:200,queryEditorSetSql
FN:204,queryEditorSetSelectedText
FN:208,mergeTable
FN:212,addTable
FN:213,(anonymous_39)
FN:215,(anonymous_40)
FN:238,(anonymous_41)
FN:248,(anonymous_42)
FN:261,changeDataPreviewId
FN:265,reFetchQueryResults
FN:266,(anonymous_45)
FN:282,expandTable
FN:286,collapseTable
FN:290,removeTable
FN:294,refreshQueries
FNF:47
FNH:0
FNDA:0,resetState
FNDA:0,startQuery
FNDA:0,querySuccess
FNDA:0,queryFailed
FNDA:0,stopQuery
FNDA:0,clearQueryResults
FNDA:0,removeDataPreview
FNDA:0,requestQueryResults
FNDA:0,fetchQueryResults
FNDA:0,(anonymous_10)
FNDA:0,(anonymous_11)
FNDA:0,success
FNDA:0,error
FNDA:0,runQuery
FNDA:0,(anonymous_16)
FNDA:0,(anonymous_17)
FNDA:0,success
FNDA:0,error
FNDA:0,setDatabases
FNDA:0,addQueryEditor
FNDA:0,cloneQueryToNewTab
FNDA:0,setNetworkStatus
FNDA:0,addAlert
FNDA:0,removeAlert
FNDA:0,setActiveQueryEditor
FNDA:0,setActiveSouthPaneTab
FNDA:0,removeQueryEditor
FNDA:0,removeQuery
FNDA:0,queryEditorSetDb
FNDA:0,queryEditorSetSchema
FNDA:0,queryEditorSetAutorun
FNDA:0,queryEditorSetTitle
FNDA:0,queryEditorSetSql
FNDA:0,queryEditorSetSelectedText
FNDA:0,mergeTable
FNDA:0,addTable
FNDA:0,(anonymous_39)
FNDA:0,(anonymous_40)
FNDA:0,(anonymous_41)
FNDA:0,(anonymous_42)
FNDA:0,changeDataPreviewId
FNDA:0,reFetchQueryResults
FNDA:0,(anonymous_45)
FNDA:0,expandTable
FNDA:0,collapseTable
FNDA:0,removeTable
FNDA:0,refreshQueries
DA:1,0
DA:2,0
DA:3,0
DA:5,0
DA:6,0
DA:7,0
DA:8,0
DA:9,0
DA:10,0
DA:11,0
DA:12,0
DA:13,0
DA:14,0
DA:15,0
DA:16,0
DA:17,0
DA:18,0
DA:19,0
DA:20,0
DA:21,0
DA:22,0
DA:23,0
DA:24,0
DA:25,0
DA:26,0
DA:27,0
DA:28,0
DA:29,0
DA:30,0
DA:31,0
DA:32,0
DA:33,0
DA:34,0
DA:35,0
DA:36,0
DA:39,0
DA:43,0
DA:50,0
DA:54,0
DA:58,0
DA:62,0
DA:66,0
DA:70,0
DA:74,0
DA:78,0
DA:79,0
DA:80,0
DA:81,0
DA:86,0
DA:89,0
DA:96,0
DA:97,0
DA:98,0
DA:99,0
DA:111,0
DA:117,0
DA:118,0
DA:122,0
DA:123,0
DA:124,0
DA:126,0
DA:127,0
DA:130,0
DA:131,0
DA:132,0
DA:133,0
DA:135,0
DA:142,0
DA:146,0
DA:147,0
DA:151,0
DA:155,0
DA:159,0
DA:160,0
DA:161,0
DA:165,0
DA:169,0
DA:173,0
DA:177,0
DA:181,0
DA:185,0
DA:189,0
DA:193,0
DA:197,0
DA:201,0
DA:205,0
DA:209,0
DA:213,0
DA:214,0
DA:215,0
DA:216,0
DA:227,0
DA:236,0
DA:239,0
DA:247,0
DA:248,0
DA:249,0
DA:255,0
DA:256,0
DA:262,0
DA:266,0
DA:267,0
DA:277,0
DA:278,0
DA:283,0
DA:287,0
DA:291,0
DA:295,0
LF:108
LH:0
BRDA:44,0,0,0
BRDA:44,0,1,0
BRDA:47,1,0,0
BRDA:47,1,1,0
BRDA:117,2,0,0
BRDA:117,2,1,0
BRDA:126,3,0,0
BRDA:126,3,1,0
BRDA:130,4,0,0
BRDA:130,4,1,0
BRDA:130,5,0,0
BRDA:130,5,1,0
BRDA:132,6,0,0
BRDA:132,6,1,0
BRF:14
BRH:0
end_of_record
TN:
SF:/Users/maxime_beauchemin/code/caravel/superset/assets/javascripts/SqlLab/constants.js
FNF:0
FNH:0
DA:1,0
DA:10,0
DA:16,0
LF:3
LH:0
BRF:0
BRH:0
end_of_record
TN:
SF:/Users/maxime_beauchemin/code/caravel/superset/assets/javascripts/SqlLab/index.jsx
FNF:0
FNH:0
DA:1,0
DA:2,0
DA:3,0
DA:5,0
DA:6,0
DA:7,0
DA:8,0
DA:9,0
DA:10,0
DA:11,0
DA:13,0
DA:16,0
DA:18,0
DA:22,0
DA:24,0
LF:15
LH:0
BRF:0
BRH:0
end_of_record
TN:
SF:/Users/maxime_beauchemin/code/caravel/superset/assets/javascripts/SqlLab/reducers.js
FN:29,(anonymous_3)
FN:29,sqlLabReducer
FN:30,(anonymous_5)
FN:30,(anonymous_6)
FN:38,(anonymous_7)
FN:30,(anonymous_8)
FN:54,(anonymous_9)
FN:56,(anonymous_10)
FN:63,(anonymous_11)
FN:30,(anonymous_12)
FN:30,(anonymous_13)
FN:30,(anonymous_14)
FN:78,(anonymous_15)
FN:30,(anonymous_16)
FN:30,(anonymous_17)
FN:30,(anonymous_18)
FN:117,(anonymous_19)
FN:30,(anonymous_20)
FN:30,(anonymous_21)
FN:30,(anonymous_22)
FN:30,(anonymous_23)
FN:30,(anonymous_24)
FN:30,(anonymous_25)
FN:30,(anonymous_26)
FN:30,(anonymous_27)
FN:30,(anonymous_28)
FN:181,(anonymous_29)
FN:30,(anonymous_30)
FN:30,(anonymous_31)
FN:30,(anonymous_32)
FN:30,(anonymous_33)
FN:30,(anonymous_34)
FN:30,(anonymous_35)
FN:30,(anonymous_36)
FN:30,(anonymous_37)
FN:30,(anonymous_38)
FN:215,(anonymous_39)
FN:30,(anonymous_40)
FN:30,(anonymous_41)
FN:30,(anonymous_42)
FNF:40
FNH:0
FNDA:0,(anonymous_3)
FNDA:0,sqlLabReducer
FNDA:0,(anonymous_5)
FNDA:0,(anonymous_6)
FNDA:0,(anonymous_7)
FNDA:0,(anonymous_8)
FNDA:0,(anonymous_9)
FNDA:0,(anonymous_10)
FNDA:0,(anonymous_11)
FNDA:0,(anonymous_12)
FNDA:0,(anonymous_13)
FNDA:0,(anonymous_14)
FNDA:0,(anonymous_15)
FNDA:0,(anonymous_16)
FNDA:0,(anonymous_17)
FNDA:0,(anonymous_18)
FNDA:0,(anonymous_19)
FNDA:0,(anonymous_20)
FNDA:0,(anonymous_21)
FNDA:0,(anonymous_22)
FNDA:0,(anonymous_23)
FNDA:0,(anonymous_24)
FNDA:0,(anonymous_25)
FNDA:0,(anonymous_26)
FNDA:0,(anonymous_27)
FNDA:0,(anonymous_28)
FNDA:0,(anonymous_29)
FNDA:0,(anonymous_30)
FNDA:0,(anonymous_31)
FNDA:0,(anonymous_32)
FNDA:0,(anonymous_33)
FNDA:0,(anonymous_34)
FNDA:0,(anonymous_35)
FNDA:0,(anonymous_36)
FNDA:0,(anonymous_37)
FNDA:0,(anonymous_38)
FNDA:0,(anonymous_39)
FNDA:0,(anonymous_40)
FNDA:0,(anonymous_41)
FNDA:0,(anonymous_42)
DA:1,0
DA:2,0
DA:3,0
DA:4,0
DA:7,0
DA:17,0
DA:29,0
DA:30,0
DA:32,0
DA:33,0
DA:34,0
DA:35,0
DA:38,0
DA:40,0
DA:49,0
DA:52,0
DA:54,0
DA:55,0
DA:56,0
DA:57,0
DA:58,0
DA:59,0
DA:62,0
DA:63,0
DA:64,0
DA:65,0
DA:68,0
DA:69,0
DA:70,0
DA:73,0
DA:76,0
DA:77,0
DA:78,0
DA:79,0
DA:84,0
DA:87,0
DA:88,0
DA:89,0
DA:91,0
DA:93,0
DA:95,0
DA:96,0
DA:97,0
DA:98,0
DA:100,0
DA:103,0
DA:106,0
DA:107,0
DA:108,0
DA:109,0
DA:113,0
DA:114,0
DA:116,0
DA:117,0
DA:118,0
DA:119,0
DA:121,0
DA:124,0
DA:128,0
DA:131,0
DA:134,0
DA:135,0
DA:136,0
DA:137,0
DA:138,0
DA:139,0
DA:140,0
DA:143,0
DA:145,0
DA:146,0
DA:147,0
DA:150,0
DA:153,0
DA:154,0
DA:155,0
DA:158,0
DA:161,0
DA:162,0
DA:163,0
DA:165,0
DA:174,0
DA:177,0
DA:178,0
DA:181,0
DA:182,0
DA:183,0
DA:184,0
DA:185,0
DA:187,0
DA:190,0
DA:193,0
DA:196,0
DA:199,0
DA:202,0
DA:205,0
DA:208,0
DA:211,0
DA:214,0
DA:215,0
DA:216,0
DA:218,0
DA:221,0
DA:224,0
DA:225,0
DA:227,0
DA:230,0
DA:232,0
DA:233,0
DA:234,0
DA:235,0
DA:238,0
DA:239,0
DA:242,0
DA:243,0
DA:245,0
DA:246,0
DA:249,0
DA:250,0
DA:252,0
LF:119
LH:0
BRDA:43,0,0,0
BRDA:43,0,1,0
BRDA:44,1,0,0
BRDA:44,1,1,0
BRDA:58,2,0,0
BRDA:58,2,1,0
BRDA:79,3,0,0
BRDA:79,3,1,0
BRDA:80,4,0,0
BRDA:80,4,1,0
BRDA:80,4,2,0
BRDA:80,4,3,0
BRDA:87,5,0,0
BRDA:87,5,1,0
BRDA:88,6,0,0
BRDA:88,6,1,0
BRDA:97,7,0,0
BRDA:97,7,1,0
BRDA:118,8,0,0
BRDA:118,8,1,0
BRDA:135,9,0,0
BRDA:135,9,1,0
BRDA:137,10,0,0
BRDA:137,10,1,0
BRDA:162,11,0,0
BRDA:162,11,1,0
BRDA:182,12,0,0
BRDA:182,12,1,0
BRDA:224,13,0,0
BRDA:224,13,1,0
BRDA:235,14,0,0
BRDA:235,14,1,0
BRDA:236,15,0,0
BRDA:236,15,1,0
BRDA:242,16,0,0
BRDA:242,16,1,0
BRDA:249,17,0,0
BRDA:249,17,1,0
BRF:38
BRH:0
end_of_record
TN:
SF:/Users/maxime_beauchemin/code/caravel/superset/assets/javascripts/SqlLab/components/AceEditorWrapper.jsx
FN:21,(anonymous_7)
FN:21,onBlur
FN:22,(anonymous_9)
FN:22,onAltEnter
FN:27,AceEditorWrapper
FN:56,(anonymous_25)
FN:56,exec
FN:61,(anonymous_27)
FN:71,(anonymous_30)
FN:74,(anonymous_31)
FN:78,(anonymous_32)
FNF:11
FNH:0
FNDA:0,(anonymous_7)
FNDA:0,onBlur
FNDA:0,(anonymous_9)
FNDA:0,onAltEnter
FNDA:0,AceEditorWrapper
FNDA:0,(anonymous_25)
FNDA:0,exec
FNDA:0,(anonymous_27)
FNDA:0,(anonymous_30)
FNDA:0,(anonymous_31)
FNDA:0,(anonymous_32)
DA:1,0
DA:2,0
DA:3,0
DA:4,0
DA:5,0
DA:6,0
DA:7,0
DA:9,0
DA:11,0
DA:20,0
DA:21,0
DA:22,0
DA:27,0
DA:29,0
DA:35,0
DA:36,0
DA:39,0
DA:40,0
DA:44,0
DA:47,0
DA:50,0
DA:52,0
DA:53,0
DA:56,0
DA:57,0
DA:60,0
DA:61,0
DA:62,0
DA:68,0
DA:69,0
DA:70,0
DA:71,0
DA:72,0
DA:73,0
DA:74,0
DA:75,0
DA:78,0
DA:81,0
DA:82,0
DA:85,0
DA:86,0
DA:90,0
DA:108,0
DA:109,0
LF:44
LH:0
BRDA:27,0,0,0
BRDA:27,0,1,0
BRDA:39,1,0,0
BRDA:39,1,1,0
BRDA:70,2,0,0
BRDA:70,2,1,0
BRDA:73,3,0,0
BRDA:73,3,1,0
BRDA:85,4,0,0
BRDA:85,4,1,0
BRF:10
BRH:0
end_of_record
TN:
SF:/Users/maxime_beauchemin/code/caravel/superset/assets/javascripts/SqlLab/components/Alerts.jsx
FN:9,(anonymous_13)
FNF:1
FNH:0
FNDA:0,(anonymous_13)
DA:1,0
DA:2,0
DA:6,0
DA:8,0
DA:9,0
DA:23,0
DA:29,0
LF:7
LH:0
BRF:0
BRH:0
end_of_record
TN:
SF:/Users/maxime_beauchemin/code/caravel/superset/assets/javascripts/SqlLab/components/App.jsx
FN:13,App
FN:64,mapStateToProps
FN:69,mapDispatchToProps
FNF:3
FNH:0
FNDA:0,App
FNDA:0,mapStateToProps
FNDA:0,mapDispatchToProps
DA:1,0
DA:2,0
DA:4,0
DA:5,0
DA:6,0
DA:7,0
DA:9,0
DA:10,0
DA:13,0
DA:15,0
DA:20,0
DA:23,0
DA:26,0
DA:29,0
DA:30,0
DA:31,0
DA:41,0
DA:48,0
DA:59,0
DA:65,0
DA:70,0
LF:21
LH:0
BRDA:13,0,0,0
BRDA:13,0,1,0
BRDA:30,1,0,0
BRDA:30,1,1,0
BRF:4
BRH:0
end_of_record
TN:
SF:/Users/maxime_beauchemin/code/caravel/superset/assets/javascripts/SqlLab/components/ColumnElement.jsx
FN:27,(anonymous_11)
FNF:1
FNH:0
FNDA:0,(anonymous_11)
DA:1,0
DA:3,0
DA:5,0
DA:9,0
DA:14,0
DA:22,0
DA:23,0
DA:24,0
DA:25,0
DA:26,0
DA:27,0
DA:46,0
DA:57,0
LF:13
LH:0
BRDA:25,0,0,0
BRDA:25,0,1,0
BRDA:25,1,0,0
BRDA:25,1,1,0
BRF:4
BRH:0
end_of_record
TN:
SF:/Users/maxime_beauchemin/code/caravel/superset/assets/javascripts/SqlLab/components/CopyQueryTabUrl.jsx
FN:10,CopyQueryTabUrl
FNF:1
FNH:0
FNDA:0,CopyQueryTabUrl
DA:1,0
DA:2,0
DA:3,0
DA:5,0
DA:10,0
DA:12,0
DA:18,0
DA:19,0
DA:20,0
DA:21,0
DA:22,0
DA:23,0
DA:24,0
DA:26,0
DA:27,0
DA:28,0
DA:32,0
DA:38,0
DA:50,0
LF:19
LH:0
BRDA:10,0,0,0
BRDA:10,0,1,0
BRDA:20,1,0,0
BRDA:20,1,1,0
BRDA:21,2,0,0
BRDA:21,2,1,0
BRDA:22,3,0,0
BRDA:22,3,1,0
BRDA:23,4,0,0
BRDA:23,4,1,0
BRDA:24,5,0,0
BRDA:24,5,1,0
BRF:12
BRH:0
end_of_record
TN:
SF:/Users/maxime_beauchemin/code/caravel/superset/assets/javascripts/SqlLab/components/DataPreviewModal.jsx
FN:45,mapStateToProps
FN:52,mapDispatchToProps
FNF:2
FNH:0
FNDA:0,mapStateToProps
FNDA:0,mapDispatchToProps
DA:1,0
DA:2,0
DA:3,0
DA:4,0
DA:5,0
DA:7,0
DA:9,0
DA:18,0
DA:21,0
DA:22,0
DA:23,0
DA:40,0
DA:43,0
DA:46,0
DA:53,0
LF:15
LH:0
BRDA:21,0,0,0
BRDA:21,0,1,0
BRDA:21,1,0,0
BRDA:21,1,1,0
BRF:4
BRH:0
end_of_record
TN:
SF:/Users/maxime_beauchemin/code/caravel/superset/assets/javascripts/SqlLab/components/DatabaseSelect.jsx
FN:6,DatabaseSelect
FN:22,(anonymous_15)
FN:23,(anonymous_16)
FNF:3
FNH:0
FNDA:0,DatabaseSelect
FNDA:0,(anonymous_15)
FNDA:0,(anonymous_16)
DA:1,0
DA:2,0
DA:3,0
DA:6,0
DA:8,0
DA:14,0
DA:17,0
DA:19,0
DA:20,0
DA:21,0
DA:22,0
DA:23,0
DA:24,0
DA:25,0
DA:29,0
DA:46,0
LF:16
LH:0
BRDA:6,0,0,0
BRDA:6,0,1,0
BRF:2
BRH:0
end_of_record
TN:
SF:/Users/maxime_beauchemin/code/caravel/superset/assets/javascripts/SqlLab/components/HighlightedSql.jsx
FN:22,HighlightedSql
FN:36,(anonymous_11)
FNF:2
FNH:0
FNDA:0,HighlightedSql
FNDA:0,(anonymous_11)
DA:1,0
DA:2,0
DA:3,0
DA:4,0
DA:5,0
DA:7,0
DA:13,0
DA:22,0
DA:24,0
DA:29,0
DA:30,0
DA:31,0
DA:32,0
DA:33,0
DA:34,0
DA:36,0
DA:37,0
DA:38,0
DA:40,0
DA:45,0
DA:46,0
DA:47,0
DA:55,0
DA:56,0
DA:57,0
DA:58,0
DA:67,0
DA:80,0
DA:90,0
DA:91,0
LF:30
LH:0
BRDA:22,0,0,0
BRDA:22,0,1,0
BRDA:30,1,0,0
BRDA:30,1,1,0
BRDA:32,2,0,0
BRDA:32,2,1,0
BRDA:37,3,0,0
BRDA:37,3,1,0
BRDA:46,4,0,0
BRDA:46,4,1,0
BRDA:57,5,0,0
BRDA:57,5,1,0
BRDA:57,6,0,0
BRDA:57,6,1,0
BRF:14
BRH:0
end_of_record
TN:
SF:/Users/maxime_beauchemin/code/caravel/superset/assets/javascripts/SqlLab/components/Link.jsx
FN:16,(anonymous_7)
FN:16,onClick
FNF:2
FNH:0
FNDA:0,(anonymous_7)
FNDA:0,onClick
DA:1,0
DA:2,0
DA:4,0
DA:13,0
DA:16,0
DA:26,0
DA:31,0
DA:40,0
DA:41,0
DA:52,0
DA:55,0
DA:56,0
LF:12
LH:0
BRDA:40,0,0,0
BRDA:40,0,1,0
BRF:2
BRH:0
end_of_record
TN:
SF:/Users/maxime_beauchemin/code/caravel/superset/assets/javascripts/SqlLab/components/QueryAutoRefresh.jsx
FN:29,(anonymous_20)
FN:35,(anonymous_21)
FN:51,mapStateToProps
FN:57,mapDispatchToProps
FNF:4
FNH:0
FNDA:0,(anonymous_20)
FNDA:0,(anonymous_21)
FNDA:0,mapStateToProps
FNDA:0,mapDispatchToProps
DA:1,0
DA:2,0
DA:3,0
DA:4,0
DA:6,0
DA:7,0
DA:8,0
DA:12,0
DA:15,0
DA:18,0
DA:19,0
DA:23,0
DA:24,0
DA:26,0
DA:27,0
DA:29,0
DA:30,0
DA:31,0
DA:33,0
DA:36,0
DA:40,0
DA:43,0
DA:47,0
DA:52,0
DA:58,0
LF:25
LH:0
BRDA:18,0,0,0
BRDA:18,0,1,0
BRDA:30,1,0,0
BRDA:30,1,1,0
BRF:4
BRH:0
end_of_record
TN:
SF:/Users/maxime_beauchemin/code/caravel/superset/assets/javascripts/SqlLab/components/QueryHistory.jsx
FN:11,(anonymous_1)
FN:11,QueryHistory
FNF:2
FNH:0
FNDA:0,(anonymous_1)
FNDA:0,QueryHistory
DA:1,0
DA:3,0
DA:4,0
DA:6,0
DA:11,0
DA:12,0
DA:13,0
DA:24,0
DA:30,0
LF:9
LH:0
BRDA:12,0,0,0
BRDA:12,0,1,0
BRF:2
BRH:0
end_of_record
TN:
SF:/Users/maxime_beauchemin/code/caravel/superset/assets/javascripts/SqlLab/components/QuerySearch.jsx
FN:16,QuerySearch
FN:35,(anonymous_13)
FN:38,(anonymous_16)
FN:78,(anonymous_29)
FN:92,(anonymous_36)
FN:113,(anonymous_39)
FN:157,(anonymous_42)
FN:167,(anonymous_43)
FN:177,(anonymous_44)
FNF:9
FNH:0
FNDA:0,QuerySearch
FNDA:0,(anonymous_13)
FNDA:0,(anonymous_16)
FNDA:0,(anonymous_29)
FNDA:0,(anonymous_36)
FNDA:0,(anonymous_39)
FNDA:0,(anonymous_42)
FNDA:0,(anonymous_43)
FNDA:0,(anonymous_44)
DA:1,0
DA:2,0
DA:3,0
DA:4,0
DA:5,0
DA:6,0
DA:7,0
DA:9,0
DA:11,0
DA:16,0
DA:18,0
DA:31,0
DA:32,0
DA:34,0
DA:35,0
DA:37,0
DA:38,0
DA:41,0
DA:42,0
DA:45,0
DA:47,0
DA:49,0
DA:51,0
DA:53,0
DA:55,0
DA:57,0
DA:59,0
DA:61,0
DA:65,0
DA:66,0
DA:69,0
DA:70,0
DA:73,0
DA:74,0
DA:77,0
DA:78,0
DA:80,0
DA:83,0
DA:84,0
DA:87,0
DA:89,0
DA:90,0
DA:91,0
DA:92,0
DA:93,0
DA:94,0
DA:95,0
DA:96,0
DA:98,0
DA:102,0
DA:103,0
DA:112,0
DA:113,0
DA:114,0
DA:115,0
DA:116,0
DA:117,0
DA:119,0
DA:124,0
DA:157,0
DA:167,0
DA:177,0
DA:202,0
LF:63
LH:0
BRDA:16,0,0,0
BRDA:16,0,1,0
BRDA:41,1,0,0
BRDA:41,1,1,0
BRDA:46,2,0,0
BRDA:46,2,1,0
BRDA:46,2,2,0
BRDA:46,2,3,0
BRDA:46,2,4,0
BRDA:46,2,5,0
BRDA:46,2,6,0
BRDA:46,2,7,0
BRDA:65,3,0,0
BRDA:65,3,1,0
BRDA:69,4,0,0
BRDA:69,4,1,0
BRDA:73,5,0,0
BRDA:73,5,1,0
BRDA:83,6,0,0
BRDA:83,6,1,0
BRDA:93,7,0,0
BRDA:93,7,1,0
BRDA:104,8,0,0
BRDA:104,8,1,0
BRDA:105,9,0,0
BRDA:105,9,1,0
BRDA:106,10,0,0
BRDA:106,10,1,0
BRDA:107,11,0,0
BRDA:107,11,1,0
BRDA:108,12,0,0
BRDA:108,12,1,0
BRDA:109,13,0,0
BRDA:109,13,1,0
BRDA:114,14,0,0
BRDA:114,14,1,0
BRF:36
BRH:0
end_of_record
TN:
SF:/Users/maxime_beauchemin/code/caravel/superset/assets/javascripts/SqlLab/components/QueryTable.jsx
FN:25,(anonymous_7)
FN:25,onUserClicked
FN:26,(anonymous_9)
FN:26,onDbClicked
FN:31,QueryTable
FN:71,(anonymous_31)
FNF:6
FNH:0
FNDA:0,(anonymous_7)
FNDA:0,onUserClicked
FNDA:0,(anonymous_9)
FNDA:0,onDbClicked
FNDA:0,QueryTable
FNDA:0,(anonymous_31)
DA:1,0
DA:3,0
DA:4,0
DA:5,0
DA:6,0
DA:7,0
DA:8,0
DA:9,0
DA:10,0
DA:11,0
DA:12,0
DA:13,0
DA:15,0
DA:22,0
DA:25,0
DA:26,0
DA:31,0
DA:33,0
DA:34,0
DA:35,0
DA:42,0
DA:43,0
DA:44,0
DA:47,0
DA:50,0
DA:51,0
DA:54,0
DA:58,0
DA:61,0
DA:64,0
DA:67,0
DA:70,0
DA:71,0
DA:72,0
DA:73,0
DA:74,0
DA:76,0
DA:77,0
DA:85,0
DA:93,0
DA:94,0
DA:97,0
DA:98,0
DA:117,0
DA:119,0
DA:127,0
DA:128,0
DA:129,0
DA:135,0
DA:143,0
DA:169,0
DA:179,0
DA:181,0
DA:197,0
DA:198,0
LF:55
LH:0
BRDA:31,0,0,0
BRDA:31,0,1,0
BRDA:73,1,0,0
BRDA:73,1,1,0
BRDA:97,2,0,0
BRDA:97,2,1,0
BRDA:128,3,0,0
BRDA:128,3,1,0
BRF:8
BRH:0
end_of_record
TN:
SF:/Users/maxime_beauchemin/code/caravel/superset/assets/javascripts/SqlLab/components/ResultSet.jsx
FN:31,ResultSet
FN:190,(anonymous_29)
FN:194,(anonymous_30)
FNF:3
FNH:0
FNDA:0,ResultSet
FNDA:0,(anonymous_29)
FNDA:0,(anonymous_30)
DA:1,0
DA:2,0
DA:3,0
DA:4,0
DA:6,0
DA:7,0
DA:9,0
DA:19,0
DA:31,0
DA:33,0
DA:41,0
DA:44,0
DA:51,0
DA:52,0
DA:53,0
DA:54,0
DA:60,0
DA:61,0
DA:62,0
DA:71,0
DA:72,0
DA:73,0
DA:82,0
DA:98,0
DA:101,0
DA:104,0
DA:111,0
DA:114,0
DA:117,0
DA:120,0
DA:123,0
DA:126,0
DA:129,0
DA:130,0
DA:131,0
DA:132,0
DA:133,0
DA:135,0
DA:138,0
DA:140,0
DA:141,0
DA:143,0
DA:144,0
DA:145,0
DA:146,0
DA:153,0
DA:159,0
DA:160,0
DA:161,0
DA:162,0
DA:176,0
DA:177,0
DA:178,0
DA:190,0
DA:194,0
DA:200,0
DA:201,0
DA:212,0
DA:213,0
DA:222,0
DA:225,0
DA:226,0
LF:62
LH:0
BRDA:31,0,0,0
BRDA:31,0,1,0
BRDA:41,1,0,0
BRDA:41,1,1,0
BRDA:41,2,0,0
BRDA:41,2,1,0
BRDA:41,2,2,0
BRDA:41,2,3,0
BRDA:51,3,0,0
BRDA:51,3,1,0
BRDA:51,4,0,0
BRDA:51,4,1,0
BRDA:51,4,2,0
BRDA:53,5,0,0
BRDA:53,5,1,0
BRDA:61,6,0,0
BRDA:61,6,1,0
BRDA:72,7,0,0
BRDA:72,7,1,0
BRDA:132,8,0,0
BRDA:132,8,1,0
BRDA:132,9,0,0
BRDA:132,9,1,0
BRDA:135,10,0,0
BRDA:135,10,1,0
BRDA:140,11,0,0
BRDA:140,11,1,0
BRDA:143,12,0,0
BRDA:143,12,1,0
BRDA:145,13,0,0
BRDA:145,13,1,0
BRDA:145,14,0,0
BRDA:145,14,1,0
BRDA:159,15,0,0
BRDA:159,15,1,0
BRDA:161,16,0,0
BRDA:161,16,1,0
BRDA:161,17,0,0
BRDA:161,17,1,0
BRDA:176,18,0,0
BRDA:176,18,1,0
BRDA:177,19,0,0
BRDA:177,19,1,0
BRDA:177,20,0,0
BRDA:177,20,1,0
BRDA:177,20,2,0
BRDA:200,21,0,0
BRDA:200,21,1,0
BRDA:212,22,0,0
BRDA:212,22,1,0
BRF:50
BRH:0
end_of_record
TN:
SF:/Users/maxime_beauchemin/code/caravel/superset/assets/javascripts/SqlLab/components/SouthPane.jsx
FN:51,(anonymous_16)
FN:90,mapStateToProps
FN:96,mapDispatchToProps
FNF:3
FNH:0
FNDA:0,(anonymous_16)
FNDA:0,mapStateToProps
FNDA:0,mapDispatchToProps
DA:1,0
DA:2,0
DA:3,0
DA:4,0
DA:5,0
DA:6,0
DA:7,0
DA:8,0
DA:10,0
DA:16,0
DA:23,0
DA:29,0
DA:32,0
DA:37,0
DA:38,0
DA:39,0
DA:40,0
DA:42,0
DA:43,0
DA:44,0
DA:48,0
DA:51,0
DA:61,0
DA:91,0
DA:97,0
DA:102,0
DA:103,0
LF:27
LH:0
BRDA:32,0,0,0
BRDA:32,0,1,0
BRDA:32,0,2,0
BRDA:39,1,0,0
BRDA:39,1,1,0
BRDA:43,2,0,0
BRDA:43,2,1,0
BRF:7
BRH:0
end_of_record
TN:
SF:/Users/maxime_beauchemin/code/caravel/superset/assets/javascripts/SqlLab/components/SqlEditor.jsx
FN:44,SqlEditor
FNF:1
FNH:0
FNDA:0,SqlEditor
DA:1,0
DA:2,0
DA:17,0
DA:18,0
DA:20,0
DA:21,0
DA:23,0
DA:35,0
DA:44,0
DA:46,0
DA:52,0
DA:55,0
DA:56,0
DA:57,0
DA:58,0
DA:61,0
DA:62,0
DA:63,0
DA:64,0
DA:66,0
DA:68,0
DA:69,0
DA:70,0
DA:80,0
DA:81,0
DA:84,0
DA:87,0
DA:90,0
DA:93,0
DA:97,0
DA:98,0
DA:99,0
DA:100,0
DA:104,0
DA:105,0
DA:106,0
DA:107,0
DA:108,0
DA:109,0
DA:111,0
DA:112,0
DA:125,0
DA:126,0
DA:139,0
DA:144,0
DA:147,0
DA:160,0
DA:161,0
DA:163,0
DA:169,0
DA:175,0
DA:176,0
DA:177,0
DA:201,0
DA:214,0
DA:255,0
DA:256,0
LF:57
LH:0
BRDA:44,0,0,0
BRDA:44,0,1,0
BRDA:55,1,0,0
BRDA:55,1,1,0
BRDA:61,2,0,0
BRDA:61,2,1,0
BRDA:61,3,0,0
BRDA:61,3,1,0
BRDA:63,4,0,0
BRDA:63,4,1,0
BRDA:68,5,0,0
BRDA:68,5,1,0
BRDA:68,6,0,0
BRDA:68,6,1,0
BRDA:68,7,0,0
BRDA:68,7,1,0
BRDA:68,8,0,0
BRDA:68,8,1,0
BRDA:72,9,0,0
BRDA:72,9,1,0
BRDA:107,10,0,0
BRDA:107,10,1,0
BRDA:111,11,0,0
BRDA:111,11,1,0
BRDA:111,12,0,0
BRDA:111,12,1,0
BRDA:125,13,0,0
BRDA:125,13,1,0
BRDA:125,14,0,0
BRDA:125,14,1,0
BRDA:144,15,0,0
BRDA:144,15,1,0
BRDA:145,16,0,0
BRDA:145,16,1,0
BRDA:161,17,0,0
BRDA:161,17,1,0
BRDA:161,18,0,0
BRDA:161,18,1,0
BRDA:176,19,0,0
BRDA:176,19,1,0
BRDA:176,20,0,0
BRDA:176,20,1,0
BRDA:229,21,0,0
BRDA:229,21,1,0
BRF:44
BRH:0
end_of_record
TN:
SF:/Users/maxime_beauchemin/code/caravel/superset/assets/javascripts/SqlLab/components/SqlEditorLeftBar.jsx
FN:22,SqlEditorLeftBar
FN:57,(anonymous_18)
FN:58,(anonymous_19)
FN:59,(anonymous_20)
FN:76,(anonymous_25)
FN:78,(anonymous_26)
FN:110,(anonymous_33)
FN:110,valueRenderer
FN:123,(anonymous_35)
FN:123,valueRenderer
FN:146,(anonymous_37)
FNF:11
FNH:0
FNDA:0,SqlEditorLeftBar
FNDA:0,(anonymous_18)
FNDA:0,(anonymous_19)
FNDA:0,(anonymous_20)
FNDA:0,(anonymous_25)
FNDA:0,(anonymous_26)
FNDA:0,(anonymous_33)
FNDA:0,valueRenderer
FNDA:0,(anonymous_35)
FNDA:0,valueRenderer
FNDA:0,(anonymous_37)
DA:1,0
DA:2,0
DA:3,0
DA:4,0
DA:5,0
DA:6,0
DA:8,0
DA:15,0
DA:22,0
DA:24,0
DA:33,0
DA:34,0
DA:37,0
DA:38,0
DA:39,0
DA:40,0
DA:41,0
DA:43,0
DA:44,0
DA:48,0
DA:50,0
DA:51,0
DA:52,0
DA:53,0
DA:54,0
DA:55,0
DA:56,0
DA:57,0
DA:58,0
DA:59,0
DA:60,0
DA:61,0
DA:62,0
DA:67,0
DA:68,0
DA:69,0
DA:71,0
DA:72,0
DA:73,0
DA:74,0
DA:75,0
DA:76,0
DA:77,0
DA:78,0
DA:79,0
DA:80,0
DA:85,0
DA:88,0
DA:89,0
DA:91,0
DA:92,0
DA:93,0
DA:95,0
DA:96,0
DA:97,0
DA:98,0
DA:100,0
DA:101,0
DA:110,0
DA:123,0
DA:146,0
DA:164,0
DA:165,0
LF:63
LH:0
BRDA:22,0,0,0
BRDA:22,0,1,0
BRDA:37,1,0,0
BRDA:37,1,1,0
BRDA:40,2,0,0
BRDA:40,2,1,0
BRDA:51,3,0,0
BRDA:51,3,1,0
BRDA:52,4,0,0
BRDA:52,4,1,0
BRDA:53,5,0,0
BRDA:53,5,1,0
BRDA:67,6,0,0
BRDA:67,6,1,0
BRDA:72,7,0,0
BRDA:72,7,1,0
BRDA:73,8,0,0
BRDA:73,8,1,0
BRDA:97,9,0,0
BRDA:97,9,1,0
BRDA:154,10,0,0
BRDA:154,10,1,0
BRF:22
BRH:0
end_of_record
TN:
SF:/Users/maxime_beauchemin/code/caravel/superset/assets/javascripts/SqlLab/components/TabbedSqlEditors.jsx
FN:28,TabbedSqlEditors
FN:113,(anonymous_28)
FN:127,(anonymous_29)
FN:171,(anonymous_30)
FN:208,mapStateToProps
FN:218,mapDispatchToProps
FNF:6
FNH:0
FNDA:0,TabbedSqlEditors
FNDA:0,(anonymous_28)
FNDA:0,(anonymous_29)
FNDA:0,(anonymous_30)
FNDA:0,mapStateToProps
FNDA:0,mapDispatchToProps
DA:1,0
DA:2,0
DA:3,0
DA:4,0
DA:5,0
DA:6,0
DA:7,0
DA:8,0
DA:9,0
DA:11,0
DA:20,0
DA:25,0
DA:28,0
DA:30,0
DA:31,0
DA:32,0
DA:33,0
DA:34,0
DA:43,0
DA:44,0
DA:45,0
DA:52,0
DA:54,0
DA:58,0
DA:59,0
DA:60,0
DA:61,0
DA:62,0
DA:63,0
DA:64,0
DA:67,0
DA:72,0
DA:73,0
DA:74,0
DA:78,0
DA:79,0
DA:80,0
DA:81,0
DA:82,0
DA:85,0
DA:88,0
DA:89,0
DA:90,0
DA:97,0
DA:100,0
DA:101,0
DA:103,0
DA:107,0
DA:110,0
DA:112,0
DA:113,0
DA:114,0
DA:116,0
DA:117,0
DA:118,0
DA:120,0
DA:121,0
DA:122,0
DA:124,0
DA:126,0
DA:127,0
DA:128,0
DA:129,0
DA:130,0
DA:135,0
DA:161,0
DA:171,0
DA:186,0
DA:205,0
DA:206,0
DA:209,0
DA:219,0
LF:72
LH:0
BRDA:28,0,0,0
BRDA:28,0,1,0
BRDA:32,1,0,0
BRDA:32,1,1,0
BRDA:43,2,0,0
BRDA:43,2,1,0
BRDA:60,3,0,0
BRDA:60,3,1,0
BRDA:60,4,0,0
BRDA:60,4,1,0
BRDA:63,5,0,0
BRDA:63,5,1,0
BRDA:73,6,0,0
BRDA:73,6,1,0
BRDA:81,7,0,0
BRDA:81,7,1,0
BRDA:92,8,0,0
BRDA:92,8,1,0
BRDA:93,9,0,0
BRDA:93,9,1,0
BRDA:100,10,0,0
BRDA:100,10,1,0
BRDA:117,11,0,0
BRDA:117,11,1,0
BRDA:121,12,0,0
BRDA:121,12,1,0
BRDA:124,13,0,0
BRDA:124,13,1,0
BRDA:129,14,0,0
BRDA:129,14,1,0
BRDA:129,15,0,0
BRDA:129,15,1,0
BRDA:129,15,2,0
BRDA:148,16,0,0
BRDA:148,16,1,0
BRDA:156,17,0,0
BRDA:156,17,1,0
BRDA:169,18,0,0
BRDA:169,18,1,0
BRF:39
BRH:0
end_of_record
TN:
SF:/Users/maxime_beauchemin/code/caravel/superset/assets/javascripts/SqlLab/components/TableElement.jsx
FN:24,TableElement
FN:101,(anonymous_21)
FN:112,(anonymous_22)
FN:137,(anonymous_27)
FN:162,(anonymous_28)
FN:162,onClick
FNF:6
FNH:0
FNDA:0,TableElement
FNDA:0,(anonymous_21)
FNDA:0,(anonymous_22)
FNDA:0,(anonymous_27)
FNDA:0,(anonymous_28)
FNDA:0,onClick
DA:1,0
DA:3,0
DA:4,0
DA:6,0
DA:7,0
DA:8,0
DA:9,0
DA:11,0
DA:17,0
DA:24,0
DA:26,0
DA:33,0
DA:40,0
DA:44,0
DA:45,0
DA:46,0
DA:48,0
DA:53,0
DA:54,0
DA:57,0
DA:61,0
DA:62,0
DA:63,0
DA:64,0
DA:65,0
DA:66,0
DA:67,0
DA:68,0
DA:69,0
DA:78,0
DA:79,0
DA:80,0
DA:82,0
DA:83,0
DA:93,0
DA:96,0
DA:97,0
DA:98,0
DA:99,0
DA:100,0
DA:101,0
DA:105,0
DA:112,0
DA:120,0
DA:123,0
DA:126,0
DA:127,0
DA:128,0
DA:129,0
DA:130,0
DA:137,0
DA:149,0
DA:162,0
DA:211,0
DA:212,0
LF:55
LH:0
BRDA:24,0,0,0
BRDA:24,0,1,0
BRDA:45,1,0,0
BRDA:45,1,1,0
BRDA:63,2,0,0
BRDA:63,2,1,0
BRDA:66,3,0,0
BRDA:66,3,1,0
BRDA:98,4,0,0
BRDA:98,4,1,0
BRDA:100,5,0,0
BRDA:100,5,1,0
BRDA:112,6,0,0
BRDA:112,6,1,0
BRDA:129,7,0,0
BRDA:129,7,1,0
BRDA:129,8,0,0
BRDA:129,8,1,0
BRDA:166,9,0,0
BRDA:166,9,1,0
BRDA:175,10,0,0
BRDA:175,10,1,0
BRDA:180,11,0,0
BRDA:180,11,1,0
BRDA:184,12,0,0
BRDA:184,12,1,0
BRF:26
BRH:0
end_of_record
TN:
SF:/Users/maxime_beauchemin/code/caravel/superset/assets/javascripts/SqlLab/components/Timer.jsx
FN:7,Timer
FNF:1
FNH:0
FNDA:0,Timer
DA:1,0
DA:2,0
DA:4,0
DA:7,0
DA:9,0
DA:14,0
DA:17,0
DA:20,0
DA:21,0
DA:25,0
DA:26,0
DA:29,0
DA:30,0
DA:31,0
DA:32,0
DA:33,0
DA:34,0
DA:39,0
DA:40,0
DA:42,0
DA:43,0
DA:44,0
DA:45,0
DA:51,0
DA:54,0
DA:57,0
LF:26
LH:0
BRDA:7,0,0,0
BRDA:7,0,1,0
BRDA:20,1,0,0
BRDA:20,1,1,0
BRDA:29,2,0,0
BRDA:29,2,1,0
BRDA:29,3,0,0
BRDA:29,3,1,0
BRDA:30,4,0,0
BRDA:30,4,1,0
BRDA:33,5,0,0
BRDA:33,5,1,0
BRDA:39,6,0,0
BRDA:39,6,1,0
BRDA:39,7,0,0
BRDA:39,7,1,0
BRDA:43,8,0,0
BRDA:43,8,1,0
BRDA:43,9,0,0
BRDA:43,9,1,0
BRF:20
BRH:0
end_of_record
TN:
SF:/Users/maxime_beauchemin/code/caravel/superset/assets/javascripts/SqlLab/components/VisualizeModal.jsx
FN:23,(anonymous_8)
FN:23,onHide
FN:27,VisualizeModal
FN:51,(anonymous_18)
FN:60,(anonymous_21)
FN:92,(anonymous_26)
FN:131,(anonymous_37)
FN:163,(anonymous_38)
FNF:8
FNH:0
FNDA:0,(anonymous_8)
FNDA:0,onHide
FNDA:0,VisualizeModal
FNDA:0,(anonymous_18)
FNDA:0,(anonymous_21)
FNDA:0,(anonymous_26)
FNDA:0,(anonymous_37)
FNDA:0,(anonymous_38)
DA:1,0
DA:2,0
DA:4,0
DA:5,0
DA:6,0
DA:8,0
DA:15,0
DA:20,0
DA:23,0
DA:27,0
DA:29,0
DA:30,0
DA:38,0
DA:41,0
DA:44,0
DA:48,0
DA:50,0
DA:51,0
DA:52,0
DA:54,0
DA:57,0
DA:58,0
DA:59,0
DA:60,0
DA:61,0
DA:62,0
DA:70,0
DA:71,0
DA:72,0
DA:73,0
DA:74,0
DA:75,0
DA:76,0
DA:77,0
DA:80,0
DA:81,0
DA:84,0
DA:87,0
DA:90,0
DA:91,0
DA:92,0
DA:93,0
DA:94,0
DA:98,0
DA:101,0
DA:108,0
DA:111,0
DA:112,0
DA:115,0
DA:116,0
DA:117,0
DA:118,0
DA:121,0
DA:122,0
DA:123,0
DA:124,0
DA:125,0
DA:127,0
DA:128,0
DA:129,0
DA:131,0
DA:163,0
DA:167,0
DA:214,0
DA:217,0
DA:218,0
LF:66
LH:0
BRDA:27,0,0,0
BRDA:27,0,1,0
BRDA:44,1,0,0
BRDA:44,1,1,0
BRDA:45,2,0,0
BRDA:45,2,1,0
BRDA:45,2,2,0
BRDA:61,3,0,0
BRDA:61,3,1,0
BRDA:70,4,0,0
BRDA:70,4,1,0
BRDA:72,5,0,0
BRDA:72,5,1,0
BRDA:76,6,0,0
BRDA:76,6,1,0
BRDA:76,7,0,0
BRDA:76,7,1,0
BRDA:80,8,0,0
BRDA:80,8,1,0
BRDA:91,9,0,0
BRDA:91,9,1,0
BRDA:91,10,0,0
BRDA:91,10,1,0
BRDA:93,11,0,0
BRDA:93,11,1,0
BRDA:122,12,0,0
BRDA:122,12,1,0
BRDA:128,13,0,0
BRDA:128,13,1,0
BRDA:137,14,0,0
BRDA:137,14,1,0
BRDA:146,15,0,0
BRDA:146,15,1,0
BRDA:159,16,0,0
BRDA:159,16,1,0
BRDA:181,17,0,0
BRDA:181,17,1,0
BRF:37
BRH:0
end_of_record
TN:
SF:/Users/maxime_beauchemin/code/caravel/superset/assets/javascripts/components/Button.jsx
FN:14,Button
FNF:1
FNH:0
FNDA:0,Button
DA:1,1
DA:2,1
DA:3,1
DA:5,1
DA:9,1
DA:15,0
DA:16,0
DA:17,0
DA:18,0
DA:19,0
DA:22,0
DA:26,0
DA:27,0
DA:36,0
DA:39,1
DA:40,1
LF:16
LH:7
BRDA:26,0,0,0
BRDA:26,0,1,0
BRF:2
BRH:0
end_of_record
TN:
SF:/Users/maxime_beauchemin/code/caravel/superset/assets/javascripts/components/CopyToClipboard.jsx
FN:15,(anonymous_7)
FN:15,onCopyEnd
FN:22,CopyToClipboard
FNF:3
FNH:1
FNDA:1,(anonymous_7)
FNDA:0,onCopyEnd
FNDA:0,CopyToClipboard
DA:1,1
DA:2,1
DA:4,1
DA:13,1
DA:15,1
DA:22,0
DA:24,0
DA:29,0
DA:30,0
DA:31,0
DA:36,0
DA:40,0
DA:44,0
DA:45,0
DA:47,0
DA:48,0
DA:49,0
DA:51,0
DA:52,0
DA:54,0
DA:55,0
DA:56,0
DA:59,0
DA:62,0
DA:64,0
DA:65,0
DA:69,0
DA:70,0
DA:72,0
DA:76,0
DA:100,0
DA:113,0
DA:121,0
DA:122,0
DA:123,0
DA:125,0
DA:127,0
DA:131,1
DA:132,1
LF:39
LH:7
BRDA:22,0,0,0
BRDA:22,0,1,0
BRDA:55,1,0,0
BRDA:55,1,1,0
BRDA:69,2,0,0
BRDA:69,2,1,0
BRDA:78,3,0,0
BRDA:78,3,1,0
BRDA:122,4,0,0
BRDA:122,4,1,0
BRF:10
BRH:0
end_of_record
TN:
SF:/Users/maxime_beauchemin/code/caravel/superset/assets/javascripts/components/InfoTooltipWithTrigger.jsx
FN:10,InfoTooltipWithTrigger
FNF:1
FNH:0
FNDA:0,InfoTooltipWithTrigger
DA:1,0
DA:2,0
DA:3,0
DA:5,0
DA:10,0
DA:11,0
DA:21,0
LF:7
LH:0
BRF:0
BRH:0
end_of_record
TN:
SF:/Users/maxime_beauchemin/code/caravel/superset/assets/javascripts/components/ModalTrigger.jsx
FN:19,(anonymous_7)
FN:19,beforeOpen
FN:20,(anonymous_9)
FN:20,onExit
FN:27,ModalTrigger
FNF:5
FNH:2
FNDA:1,(anonymous_7)
FNDA:0,beforeOpen
FNDA:1,(anonymous_9)
FNDA:0,onExit
FNDA:0,ModalTrigger
DA:1,1
DA:2,1
DA:3,1
DA:4,1
DA:6,1
DA:18,1
DA:19,1
DA:20,1
DA:27,0
DA:29,0
DA:32,0
DA:33,0
DA:37,0
DA:41,0
DA:42,0
DA:43,0
DA:46,0
DA:65,0
DA:68,0
DA:69,0
DA:76,0
DA:85,1
DA:86,1
LF:23
LH:10
BRDA:27,0,0,0
BRDA:27,0,1,0
BRDA:68,1,0,0
BRDA:68,1,1,0
BRF:4
BRH:0
end_of_record
TN:
SF:/Users/maxime_beauchemin/code/caravel/superset/assets/javascripts/components/VictoryTheme.js
FNF:0
FNH:0
DA:3,0
DA:4,0
DA:7,0
DA:19,0
DA:22,0
DA:23,0
DA:24,0
DA:27,0
DA:35,0
DA:45,0
DA:46,0
DA:49,0
LF:12
LH:0
BRF:0
BRH:0
end_of_record
TN:
SF:/Users/maxime_beauchemin/code/caravel/superset/assets/javascripts/dashboard/Dashboard.jsx
FN:17,getInitialState
FN:22,(anonymous_2)
FN:34,initDashboardView
FN:47,(anonymous_4)
FN:50,(anonymous_5)
FN:59,(anonymous_6)
FN:64,(anonymous_7)
FN:75,dashboardContainer
FN:76,(anonymous_9)
FN:76,init
FN:81,(anonymous_11)
FN:85,(anonymous_12)
FN:87,(anonymous_13)
FN:76,loadPreSelectFilters
FN:76,setFilter
FN:76,done
FN:76,effectiveExtraFilters
FN:76,addFilter
FN:76,readFilters
FN:76,updateFilterParamsInUrl
FN:76,bindResizeToWindowResize
FN:184,(anonymous_30)
FN:186,(anonymous_31)
FN:187,(anonymous_32)
FN:76,stopPeriodicRender
FN:76,startPeriodicRender
FN:203,(anonymous_37)
FN:203,refreshAll
FN:204,(anonymous_39)
FN:206,(anonymous_40)
FN:215,(anonymous_41)
FN:215,fetchAndRender
FN:218,(anonymous_43)
FN:76,refreshExcept
FN:227,(anonymous_46)
FN:228,(anonymous_47)
FN:232,(anonymous_48)
FN:76,clearFilters
FN:76,removeFilter
FN:245,(anonymous_53)
FN:247,(anonymous_54)
FN:76,getSlice
FN:76,getAjaxErrorMsg
FN:76,addSlicesToDashboard
FN:279,(anonymous_61)
FN:279,success
FN:279,error
FN:301,(anonymous_65)
FNF:48
FNH:0
FNDA:0,getInitialState
FNDA:0,(anonymous_2)
FNDA:0,initDashboardView
FNDA:0,(anonymous_4)
FNDA:0,(anonymous_5)
FNDA:0,(anonymous_6)
FNDA:0,(anonymous_7)
FNDA:0,dashboardContainer
FNDA:0,(anonymous_9)
FNDA:0,init
FNDA:0,(anonymous_11)
FNDA:0,(anonymous_12)
FNDA:0,(anonymous_13)
FNDA:0,loadPreSelectFilters
FNDA:0,setFilter
FNDA:0,done
FNDA:0,effectiveExtraFilters
FNDA:0,addFilter
FNDA:0,readFilters
FNDA:0,updateFilterParamsInUrl
FNDA:0,bindResizeToWindowResize
FNDA:0,(anonymous_30)
FNDA:0,(anonymous_31)
FNDA:0,(anonymous_32)
FNDA:0,stopPeriodicRender
FNDA:0,startPeriodicRender
FNDA:0,(anonymous_37)
FNDA:0,refreshAll
FNDA:0,(anonymous_39)
FNDA:0,(anonymous_40)
FNDA:0,(anonymous_41)
FNDA:0,fetchAndRender
FNDA:0,(anonymous_43)
FNDA:0,refreshExcept
FNDA:0,(anonymous_46)
FNDA:0,(anonymous_47)
FNDA:0,(anonymous_48)
FNDA:0,clearFilters
FNDA:0,removeFilter
FNDA:0,(anonymous_53)
FNDA:0,(anonymous_54)
FNDA:0,getSlice
FNDA:0,getAjaxErrorMsg
FNDA:0,addSlicesToDashboard
FNDA:0,(anonymous_61)
FNDA:0,success
FNDA:0,error
FNDA:0,(anonymous_65)
DA:1,0
DA:2,0
DA:3,0
DA:4,0
DA:5,0
DA:6,0
DA:8,0
DA:9,0
DA:10,0
DA:11,0
DA:13,0
DA:14,0
DA:15,0
DA:18,0
DA:19,0
DA:21,0
DA:22,0
DA:23,0
DA:25,0
DA:26,0
DA:28,0
DA:31,0
DA:35,0
DA:40,0
DA:46,0
DA:48,0
DA:51,0
DA:54,0
DA:56,0
DA:59,0
DA:60,0
DA:61,0
DA:63,0
DA:64,0
DA:65,0
DA:67,0
DA:68,0
DA:71,0
DA:72,0
DA:76,0
DA:79,0
DA:80,0
DA:81,0
DA:82,0
DA:83,0
DA:84,0
DA:85,0
DA:86,0
DA:87,0
DA:88,0
DA:90,0
DA:93,0
DA:94,0
DA:95,0
DA:98,0
DA:99,0
DA:100,0
DA:101,0
DA:102,0
DA:110,0
DA:113,0
DA:114,0
DA:115,0
DA:116,0
DA:123,0
DA:132,0
DA:133,0
DA:134,0
DA:136,0
DA:140,0
DA:141,0
DA:145,0
DA:147,0
DA:148,0
DA:149,0
DA:150,0
DA:154,0
DA:156,0
DA:157,0
DA:158,0
DA:160,0
DA:161,0
DA:163,0
DA:165,0
DA:166,0
DA:168,0
DA:172,0
DA:175,0
DA:176,0
DA:177,0
DA:178,0
DA:179,0
DA:182,0
DA:183,0
DA:184,0
DA:185,0
DA:186,0
DA:187,0
DA:188,0
DA:194,0
DA:195,0
DA:196,0
DA:200,0
DA:201,0
DA:202,0
DA:203,0
DA:204,0
DA:205,0
DA:206,0
DA:207,0
DA:212,0
DA:215,0
DA:216,0
DA:217,0
DA:218,0
DA:219,0
DA:223,0
DA:226,0
DA:227,0
DA:228,0
DA:229,0
DA:230,0
DA:231,0
DA:232,0
DA:233,0
DA:239,0
DA:240,0
DA:241,0
DA:243,0
DA:244,0
DA:245,0
DA:246,0
DA:247,0
DA:248,0
DA:249,0
DA:252,0
DA:255,0
DA:256,0
DA:259,0
DA:260,0
DA:261,0
DA:262,0
DA:264,0
DA:265,0
DA:266,0
DA:268,0
DA:270,0
DA:273,0
DA:274,0
DA:278,0
DA:279,0
DA:287,0
DA:290,0
DA:291,0
DA:301,0
DA:303,0
DA:304,0
DA:306,0
DA:307,0
DA:308,0
DA:309,0
LF:161
LH:0
BRDA:63,0,0,0
BRDA:63,0,1,0
BRDA:67,1,0,0
BRDA:67,1,1,0
BRDA:82,2,0,0
BRDA:82,2,1,0
BRDA:99,3,0,0
BRDA:99,3,1,0
BRDA:115,4,0,0
BRDA:115,4,1,0
BRDA:115,5,0,0
BRDA:115,5,1,0
BRDA:133,6,0,0
BRDA:133,6,1,0
BRDA:134,7,0,0
BRDA:134,7,1,0
BRDA:134,8,0,0
BRDA:134,8,1,0
BRDA:141,9,0,0
BRDA:141,9,1,0
BRDA:142,10,0,0
BRDA:142,10,1,0
BRDA:142,10,2,0
BRDA:149,11,0,0
BRDA:149,11,1,0
BRDA:156,12,0,0
BRDA:156,12,1,0
BRDA:156,13,0,0
BRDA:156,13,1,0
BRDA:156,14,0,0
BRDA:156,14,1,0
BRDA:156,15,0,0
BRDA:156,15,1,0
BRDA:157,16,0,0
BRDA:157,16,1,0
BRDA:160,17,0,0
BRDA:160,17,1,0
BRDA:160,18,0,0
BRDA:160,18,1,0
BRDA:165,19,0,0
BRDA:165,19,1,0
BRDA:176,20,0,0
BRDA:176,20,1,0
BRDA:194,21,0,0
BRDA:194,21,1,0
BRDA:217,22,0,0
BRDA:217,22,1,0
BRDA:226,23,0,0
BRDA:226,23,1,0
BRDA:228,24,0,0
BRDA:228,24,1,0
BRDA:228,25,0,0
BRDA:228,25,1,0
BRDA:244,26,0,0
BRDA:244,26,1,0
BRDA:245,27,0,0
BRDA:245,27,1,0
BRDA:248,28,0,0
BRDA:248,28,1,0
BRDA:264,29,0,0
BRDA:264,29,1,0
BRDA:274,30,0,0
BRDA:274,30,1,0
BRDA:274,31,0,0
BRDA:274,31,1,0
BRF:65
BRH:0
end_of_record
TN:
SF:/Users/maxime_beauchemin/code/caravel/superset/assets/javascripts/dashboard/components/CodeModal.jsx
FN:15,CodeModal
FNF:1
FNH:0
FNDA:0,CodeModal
DA:1,1
DA:3,1
DA:5,1
DA:11,1
DA:15,0
DA:17,0
DA:22,0
DA:23,0
DA:24,0
DA:26,0
DA:29,0
DA:46,1
DA:47,1
LF:13
LH:6
BRDA:15,0,0,0
BRDA:15,0,1,0
BRDA:23,1,0,0
BRDA:23,1,1,0
BRF:4
BRH:0
end_of_record
TN:
SF:/Users/maxime_beauchemin/code/caravel/superset/assets/javascripts/dashboard/components/Controls.jsx
FN:17,Controls
FN:25,(anonymous_11)
FN:30,(anonymous_14)
FN:31,(anonymous_15)
FN:42,(anonymous_18)
FN:55,(anonymous_19)
FN:55,success
FN:55,error
FN:97,(anonymous_27)
FN:97,onChange
FN:117,(anonymous_29)
FN:117,onClick
FNF:12
FNH:0
FNDA:0,Controls
FNDA:0,(anonymous_11)
FNDA:0,(anonymous_14)
FNDA:0,(anonymous_15)
FNDA:0,(anonymous_18)
FNDA:0,(anonymous_19)
FNDA:0,success
FNDA:0,error
FNDA:0,(anonymous_27)
FNDA:0,onChange
FNDA:0,(anonymous_29)
FNDA:0,onClick
DA:1,0
DA:2,1
DA:4,1
DA:5,1
DA:6,1
DA:7,1
DA:8,1
DA:9,1
DA:10,1
DA:12,0
DA:17,0
DA:19,0
DA:25,0
DA:26,0
DA:29,0
DA:30,0
DA:31,0
DA:36,0
DA:40,0
DA:41,0
DA:42,0
DA:43,0
DA:44,0
DA:45,0
DA:46,0
DA:49,0
DA:50,0
DA:55,0
DA:62,0
DA:68,0
DA:69,0
DA:77,0
DA:80,0
DA:81,0
DA:82,0
DA:97,0
DA:117,0
DA:118,0
DA:135,0
LF:39
LH:8
BRDA:17,0,0,0
BRDA:17,0,1,0
BRDA:45,1,0,0
BRDA:45,1,1,0
BRF:4
BRH:0
end_of_record
TN:
SF:/Users/maxime_beauchemin/code/caravel/superset/assets/javascripts/dashboard/components/CssEditor.jsx
FN:20,(anonymous_7)
FN:20,onChange
FN:25,CssEditor
FNF:3
FNH:1
FNDA:1,(anonymous_7)
FNDA:0,onChange
FNDA:0,CssEditor
DA:1,1
DA:3,1
DA:4,1
DA:6,1
DA:7,1
DA:8,1
DA:11,1
DA:18,1
DA:20,1
DA:25,0
DA:27,0
DA:33,0
DA:36,0
DA:37,0
DA:40,0
DA:41,0
DA:42,0
DA:43,0
DA:45,0
DA:46,0
DA:47,0
DA:48,0
DA:49,0
DA:51,0
DA:52,0
DA:54,0
DA:58,0
DA:61,0
DA:62,0
DA:73,0
DA:76,0
DA:107,1
DA:108,1
LF:33
LH:11
BRDA:25,0,0,0
BRDA:25,0,1,0
BRDA:42,1,0,0
BRDA:42,1,1,0
BRDA:45,2,0,0
BRDA:45,2,1,0
BRDA:51,3,0,0
BRDA:51,3,1,0
BRDA:61,4,0,0
BRDA:61,4,1,0
BRF:10
BRH:0
end_of_record
TN:
SF:/Users/maxime_beauchemin/code/caravel/superset/assets/javascripts/dashboard/components/GridLayout.jsx
FN:18,(anonymous_11)
FN:49,(anonymous_14)
FN:60,(anonymous_19)
FN:63,(anonymous_20)
FN:70,(anonymous_23)
FN:93,(anonymous_26)
FNF:6
FNH:0
FNDA:0,(anonymous_11)
FNDA:0,(anonymous_14)
FNDA:0,(anonymous_19)
FNDA:0,(anonymous_20)
FNDA:0,(anonymous_23)
FNDA:0,(anonymous_26)
DA:1,0
DA:2,0
DA:3,0
DA:4,0
DA:6,0
DA:7,0
DA:8,0
DA:10,0
DA:15,0
DA:16,0
DA:18,0
DA:19,0
DA:20,0
DA:21,0
DA:22,0
DA:30,0
DA:40,0
DA:47,0
DA:48,0
DA:49,0
DA:54,0
DA:58,0
DA:59,0
DA:61,0
DA:64,0
DA:70,0
DA:79,0
DA:80,0
DA:93,0
DA:112,0
LF:30
LH:0
BRDA:21,0,0,0
BRDA:21,0,1,0
BRDA:48,1,0,0
BRDA:48,1,1,0
BRDA:48,2,0,0
BRDA:48,2,1,0
BRF:6
BRH:0
end_of_record
TN:
SF:/Users/maxime_beauchemin/code/caravel/superset/assets/javascripts/dashboard/components/Header.jsx
FN:12,Header
FNF:1
FNH:0
FNDA:0,Header
DA:1,0
DA:3,0
DA:5,0
DA:8,0
DA:12,0
DA:14,0
DA:18,0
DA:19,0
DA:32,0
DA:33,0
LF:10
LH:0
BRDA:12,0,0,0
BRDA:12,0,1,0
BRF:2
BRH:0
end_of_record
TN:
SF:/Users/maxime_beauchemin/code/caravel/superset/assets/javascripts/dashboard/components/RefreshIntervalModal.jsx
FN:14,(anonymous_7)
FN:14,onChange
FN:23,(anonymous_9)
FN:26,RefreshIntervalModal
FN:44,(anonymous_14)
FN:44,onChange
FNF:6
FNH:2
FNDA:1,(anonymous_7)
FNDA:0,onChange
FNDA:5,(anonymous_9)
FNDA:0,RefreshIntervalModal
FNDA:0,(anonymous_14)
FNDA:0,onChange
DA:1,1
DA:3,1
DA:4,1
DA:6,1
DA:12,1
DA:14,1
DA:17,1
DA:23,5
DA:26,0
DA:28,0
DA:32,0
DA:33,0
DA:44,0
DA:45,0
DA:46,0
DA:55,1
DA:56,1
LF:17
LH:10
BRDA:26,0,0,0
BRDA:26,0,1,0
BRF:2
BRH:0
end_of_record
TN:
SF:/Users/maxime_beauchemin/code/caravel/superset/assets/javascripts/dashboard/components/SliceAdder.jsx
FN:13,SliceAdder
FN:42,(anonymous_11)
FN:42,success
FN:44,(anonymous_13)
FN:57,(anonymous_14)
FN:57,error
FN:102,(anonymous_26)
FN:146,(anonymous_27)
FN:146,dataFormat
FNF:9
FNH:0
FNDA:0,SliceAdder
FNDA:0,(anonymous_11)
FNDA:0,success
FNDA:0,(anonymous_13)
FNDA:0,(anonymous_14)
FNDA:0,error
FNDA:0,(anonymous_26)
FNDA:0,(anonymous_27)
FNDA:0,dataFormat
DA:1,1
DA:2,1
DA:3,1
DA:4,1
DA:5,1
DA:7,0
DA:13,0
DA:15,0
DA:21,0
DA:27,0
DA:28,0
DA:30,0
DA:37,0
DA:38,0
DA:39,0
DA:42,0
DA:44,0
DA:51,0
DA:57,0
DA:58,0
DA:59,0
DA:67,0
DA:71,0
DA:75,0
DA:76,0
DA:77,0
DA:81,0
DA:82,0
DA:83,0
DA:84,0
DA:85,0
DA:87,0
DA:90,0
DA:91,0
DA:92,0
DA:93,0
DA:95,0
DA:99,0
DA:100,0
DA:101,0
DA:102,0
DA:103,0
DA:107,0
DA:146,0
DA:164,0
DA:177,0
LF:46
LH:5
BRDA:13,0,0,0
BRDA:13,0,1,0
BRDA:81,1,0,0
BRDA:81,1,1,0
BRDA:82,2,0,0
BRDA:82,2,1,0
BRDA:84,3,0,0
BRDA:84,3,1,0
BRDA:90,4,0,0
BRDA:90,4,1,0
BRDA:92,5,0,0
BRDA:92,5,1,0
BRDA:99,6,0,0
BRDA:99,6,1,0
BRDA:100,7,0,0
BRDA:100,7,1,0
BRDA:101,8,0,0
BRDA:101,8,1,0
BRDA:110,9,0,0
BRDA:110,9,1,0
BRDA:111,10,0,0
BRDA:111,10,1,0
BRDA:113,11,0,0
BRDA:113,11,1,0
BRDA:116,12,0,0
BRDA:116,12,1,0
BRF:26
BRH:0
end_of_record
TN:
SF:/Users/maxime_beauchemin/code/caravel/superset/assets/javascripts/dashboard/components/SliceCell.jsx
FN:9,SliceCell
FN:51,(anonymous_2)
FN:51,onClick
FNF:3
FNH:0
FNDA:0,SliceCell
FNDA:0,(anonymous_2)
FNDA:0,onClick
DA:1,0
DA:3,0
DA:9,0
DA:10,0
DA:51,0
DA:83,0
LF:6
LH:0
BRDA:25,0,0,0
BRDA:25,0,1,0
BRDA:62,1,0,0
BRDA:62,1,1,0
BRDA:61,2,0,0
BRDA:61,2,1,0
BRF:6
BRH:0
end_of_record
TN:
SF:/Users/maxime_beauchemin/code/caravel/superset/assets/javascripts/explore/explore.jsx
FN:28,(anonymous_1)
FN:28,getPanelClass
FN:32,prepForm
FN:34,(anonymous_4)
FN:34,fixId
FN:35,(anonymous_6)
FN:39,(anonymous_7)
FN:42,(anonymous_8)
FN:45,(anonymous_9)
FN:51,(anonymous_10)
FN:53,(anonymous_11)
FN:60,query
FN:79,saveSlice
FN:111,initExploreView
FN:112,getCollapsedFieldsets
FN:123,toggleFieldset
FN:163,(anonymous_17)
FN:167,(anonymous_18)
FN:175,formatViz
FN:202,addFilter
FN:212,(anonymous_21)
FN:220,setFilters
FN:221,(anonymous_23)
FN:232,(anonymous_24)
FN:240,(anonymous_25)
FN:243,(anonymous_26)
FN:247,createChoices
FN:248,(anonymous_28)
FN:260,initSelectionToValue
FN:267,(anonymous_30)
FN:295,prepSaveDialog
FN:296,(anonymous_32)
FN:296,setButtonsState
FN:305,(anonymous_34)
FN:313,(anonymous_35)
FN:320,(anonymous_36)
FN:324,(anonymous_37)
FN:329,(anonymous_38)
FN:331,(anonymous_39)
FN:339,renderExploreActions
FN:350,initComponents
FN:355,(anonymous_42)
FN:355,onQuery
FN:364,(anonymous_44)
FN:364,done
FN:379,(anonymous_46)
FN:379,error
FN:387,(anonymous_48)
FNF:48
FNH:0
FNDA:0,(anonymous_1)
FNDA:0,getPanelClass
FNDA:0,prepForm
FNDA:0,(anonymous_4)
FNDA:0,fixId
FNDA:0,(anonymous_6)
FNDA:0,(anonymous_7)
FNDA:0,(anonymous_8)
FNDA:0,(anonymous_9)
FNDA:0,(anonymous_10)
FNDA:0,(anonymous_11)
FNDA:0,query
FNDA:0,saveSlice
FNDA:0,initExploreView
FNDA:0,getCollapsedFieldsets
FNDA:0,toggleFieldset
FNDA:0,(anonymous_17)
FNDA:0,(anonymous_18)
FNDA:0,formatViz
FNDA:0,addFilter
FNDA:0,(anonymous_21)
FNDA:0,setFilters
FNDA:0,(anonymous_23)
FNDA:0,(anonymous_24)
FNDA:0,(anonymous_25)
FNDA:0,(anonymous_26)
FNDA:0,createChoices
FNDA:0,(anonymous_28)
FNDA:0,initSelectionToValue
FNDA:0,(anonymous_30)
FNDA:0,prepSaveDialog
FNDA:0,(anonymous_32)
FNDA:0,setButtonsState
FNDA:0,(anonymous_34)
FNDA:0,(anonymous_35)
FNDA:0,(anonymous_36)
FNDA:0,(anonymous_37)
FNDA:0,(anonymous_38)
FNDA:0,(anonymous_39)
FNDA:0,renderExploreActions
FNDA:0,initComponents
FNDA:0,(anonymous_42)
FNDA:0,onQuery
FNDA:0,(anonymous_44)
FNDA:0,done
FNDA:0,(anonymous_46)
FNDA:0,error
FNDA:0,(anonymous_48)
DA:6,0
DA:7,0
DA:8,0
DA:9,0
DA:11,0
DA:12,0
DA:13,0
DA:14,0
DA:16,0
DA:18,0
DA:20,0
DA:23,0
DA:24,0
DA:26,0
DA:28,0
DA:29,0
DA:34,0
DA:35,0
DA:36,0
DA:39,0
DA:40,0
DA:41,0
DA:43,0
DA:46,0
DA:51,0
DA:52,0
DA:53,0
DA:54,0
DA:55,0
DA:61,0
DA:62,0
DA:63,0
DA:65,0
DA:66,0
DA:67,0
DA:69,0
DA:70,0
DA:72,0
DA:74,0
DA:76,0
DA:80,0
DA:81,0
DA:82,0
DA:83,0
DA:84,0
DA:88,0
DA:90,0
DA:92,0
DA:93,0
DA:94,0
DA:98,0
DA:99,0
DA:100,0
DA:104,0
DA:106,0
DA:107,0
DA:108,0
DA:113,0
DA:115,0
DA:116,0
DA:118,0
DA:120,0
DA:124,0
DA:125,0
DA:126,0
DA:127,0
DA:129,0
DA:130,0
DA:131,0
DA:133,0
DA:135,0
DA:136,0
DA:139,0
DA:140,0
DA:141,0
DA:144,0
DA:145,0
DA:147,0
DA:150,0
DA:151,0
DA:152,0
DA:153,0
DA:154,0
DA:158,0
DA:161,0
DA:163,0
DA:164,0
DA:167,0
DA:168,0
DA:171,0
DA:172,0
DA:173,0
DA:176,0
DA:177,0
DA:178,0
DA:184,0
DA:187,0
DA:190,0
DA:195,0
DA:198,0
DA:199,0
DA:200,0
DA:203,0
DA:204,0
DA:205,0
DA:206,0
DA:207,0
DA:208,0
DA:209,0
DA:211,0
DA:212,0
DA:213,0
DA:221,0
DA:222,0
DA:223,0
DA:224,0
DA:225,0
DA:230,0
DA:232,0
DA:234,0
DA:237,0
DA:240,0
DA:241,0
DA:243,0
DA:244,0
DA:248,0
DA:249,0
DA:251,0
DA:252,0
DA:257,0
DA:261,0
DA:267,0
DA:268,0
DA:269,0
DA:270,0
DA:271,0
DA:272,0
DA:273,0
DA:277,0
DA:278,0
DA:281,0
DA:285,0
DA:292,0
DA:296,0
DA:297,0
DA:298,0
DA:299,0
DA:301,0
DA:304,0
DA:305,0
DA:306,0
DA:307,0
DA:308,0
DA:310,0
DA:314,0
DA:315,0
DA:319,0
DA:320,0
DA:321,0
DA:322,0
DA:324,0
DA:325,0
DA:326,0
DA:329,0
DA:331,0
DA:332,0
DA:333,0
DA:336,0
DA:340,0
DA:341,0
DA:351,0
DA:352,0
DA:355,0
DA:359,0
DA:362,0
DA:364,0
DA:365,0
DA:366,0
DA:367,0
DA:368,0
DA:369,0
DA:376,0
DA:379,0
DA:380,0
DA:381,0
DA:384,0
DA:387,0
DA:388,0
DA:390,0
DA:392,0
DA:396,0
DA:398,0
DA:400,0
LF:193
LH:0
BRDA:29,0,0,0
BRDA:29,0,1,0
BRDA:62,1,0,0
BRDA:62,1,1,0
BRDA:66,2,0,0
BRDA:66,2,1,0
BRDA:72,3,0,0
BRDA:72,3,1,0
BRDA:81,4,0,0
BRDA:81,4,1,0
BRDA:83,5,0,0
BRDA:83,5,1,0
BRDA:93,6,0,0
BRDA:93,6,1,0
BRDA:93,7,0,0
BRDA:93,7,1,0
BRDA:99,8,0,0
BRDA:99,8,1,0
BRDA:99,9,0,0
BRDA:99,9,1,0
BRDA:115,10,0,0
BRDA:115,10,1,0
BRDA:115,11,0,0
BRDA:115,11,1,0
BRDA:129,12,0,0
BRDA:129,12,1,0
BRDA:130,13,0,0
BRDA:130,13,1,0
BRDA:140,14,0,0
BRDA:140,14,1,0
BRDA:144,15,0,0
BRDA:144,15,1,0
BRDA:153,16,0,0
BRDA:153,16,1,0
BRDA:153,17,0,0
BRDA:153,17,1,0
BRDA:153,17,2,0
BRDA:206,18,0,0
BRDA:206,18,1,0
BRDA:224,19,0,0
BRDA:224,19,1,0
BRDA:234,20,0,0
BRDA:234,20,1,0
BRDA:251,21,0,0
BRDA:251,21,1,0
BRDA:277,22,0,0
BRDA:277,22,1,0
BRDA:298,23,0,0
BRDA:298,23,1,0
BRDA:298,24,0,0
BRDA:298,24,1,0
BRDA:368,25,0,0
BRDA:368,25,1,0
BRDA:368,26,0,0
BRDA:368,26,1,0
BRF:55
BRH:0
end_of_record
TN:
SF:/Users/maxime_beauchemin/code/caravel/superset/assets/javascripts/explore/components/DisplayQueryButton.jsx
FN:9,DisplayQueryButton
FNF:1
FNH:0
FNDA:0,DisplayQueryButton
DA:1,0
DA:2,0
DA:4,0
DA:9,0
DA:11,0
DA:14,0
DA:18,0
DA:24,0
DA:25,0
DA:37,0
LF:10
LH:0
BRDA:9,0,0,0
BRDA:9,0,1,0
BRF:2
BRH:0
end_of_record
TN:
SF:/Users/maxime_beauchemin/code/caravel/superset/assets/javascripts/explore/components/EmbedCodeButton.jsx
FN:10,EmbedCodeButton
FNF:1
FNH:0
FNDA:0,EmbedCodeButton
DA:1,0
DA:2,0
DA:3,0
DA:5,0
DA:10,0
DA:12,0
DA:16,0
DA:20,0
DA:21,0
DA:22,0
DA:23,0
DA:24,0
DA:28,0
DA:30,0
DA:40,0
DA:41,0
DA:93,0
DA:108,0
LF:18
LH:0
BRDA:10,0,0,0
BRDA:10,0,1,0
BRF:2
BRH:0
end_of_record
TN:
SF:/Users/maxime_beauchemin/code/caravel/superset/assets/javascripts/explore/components/ExploreActionButtons.jsx
FN:12,ExploreActionButtons
FNF:1
FNH:0
FNDA:0,ExploreActionButtons
DA:1,0
DA:2,0
DA:3,0
DA:4,0
DA:5,0
DA:7,0
DA:12,0
DA:13,0
DA:16,0
DA:45,0
LF:10
LH:0
BRF:0
BRH:0
end_of_record
TN:
SF:/Users/maxime_beauchemin/code/caravel/superset/assets/javascripts/explore/components/QueryAndSaveBtns.jsx
FN:9,QueryAndSaveBtns
FNF:1
FNH:0
FNDA:0,QueryAndSaveBtns
DA:1,0
DA:2,0
DA:4,0
DA:9,0
DA:10,0
DA:14,0
DA:31,0
LF:7
LH:0
BRF:0
BRH:0
end_of_record
TN:
SF:/Users/maxime_beauchemin/code/caravel/superset/assets/javascripts/explore/components/URLShortLinkButton.jsx
FN:11,URLShortLinkButton
FNF:1
FNH:0
FNDA:0,URLShortLinkButton
DA:1,0
DA:2,0
DA:3,0
DA:4,0
DA:6,0
DA:11,0
DA:13,0
DA:19,0
DA:25,0
DA:26,0
DA:30,0
DA:41,0
DA:57,0
LF:13
LH:0
BRDA:11,0,0,0
BRDA:11,0,1,0
BRF:2
BRH:0
end_of_record
TN:
SF:/Users/maxime_beauchemin/code/caravel/superset/assets/javascripts/explorev2/constants.js
FNF:0
FNH:0
DA:1,0
DA:2,0
DA:3,0
DA:4,0
DA:5,0
DA:6,0
DA:7,0
DA:8,0
DA:10,0
DA:20,0
DA:29,0
DA:39,0
DA:46,0
LF:13
LH:0
BRF:0
BRH:0
end_of_record
TN:
SF:/Users/maxime_beauchemin/code/caravel/superset/assets/javascripts/explorev2/index.jsx
FNF:0
FNH:0
DA:1,0
DA:2,0
DA:3,0
DA:4,0
DA:5,0
DA:6,0
DA:8,0
DA:10,0
DA:11,0
DA:13,0
DA:15,0
DA:22,0
DA:26,0
LF:13
LH:0
BRF:0
BRH:0
end_of_record
TN:
SF:/Users/maxime_beauchemin/code/caravel/superset/assets/javascripts/explorev2/actions/exploreActions.js
FN:16,setFieldOptions
FN:20,clearAllOpts
FN:24,setDatasourceType
FN:29,fetchStarted
FN:34,fetchSucceeded
FN:39,fetchFailed
FN:43,fetchFieldOptions
FN:44,(anonymous_7)
FN:51,(anonymous_8)
FN:65,addFilter
FN:69,removeFilter
FN:73,changeFilterField
FN:77,changeFilterOp
FN:81,changeFilterValue
FN:85,setFieldValue
FNF:15
FNH:0
FNDA:0,setFieldOptions
FNDA:0,clearAllOpts
FNDA:0,setDatasourceType
FNDA:0,fetchStarted
FNDA:0,fetchSucceeded
FNDA:0,fetchFailed
FNDA:0,fetchFieldOptions
FNDA:0,(anonymous_7)
FNDA:0,(anonymous_8)
FNDA:0,addFilter
FNDA:0,removeFilter
FNDA:0,changeFilterField
FNDA:0,changeFilterOp
FNDA:0,changeFilterValue
FNDA:0,setFieldValue
DA:1,0
DA:2,0
DA:3,0
DA:4,0
DA:5,0
DA:6,0
DA:7,0
DA:8,0
DA:9,0
DA:10,0
DA:11,0
DA:12,0
DA:13,0
DA:14,0
DA:17,0
DA:21,0
DA:25,0
DA:28,0
DA:30,0
DA:33,0
DA:35,0
DA:38,0
DA:40,0
DA:44,0
DA:45,0
DA:47,0
DA:48,0
DA:49,0
DA:51,0
DA:52,0
DA:54,0
DA:55,0
DA:56,0
DA:57,0
DA:66,0
DA:70,0
DA:74,0
DA:78,0
DA:82,0
DA:86,0
LF:40
LH:0
BRDA:47,0,0,0
BRDA:47,0,1,0
BRDA:52,1,0,0
BRDA:52,1,1,0
BRDA:56,2,0,0
BRDA:56,2,1,0
BRF:6
BRH:0
end_of_record
TN:
SF:/Users/maxime_beauchemin/code/caravel/superset/assets/javascripts/explorev2/components/ChartContainer.jsx
FN:23,ChartContainer
FN:55,(anonymous_17)
FN:55,jsonEndpoint
FN:58,(anonymous_19)
FN:58,html
FN:63,(anonymous_21)
FN:63,css
FN:69,(anonymous_23)
FN:69,height
FN:71,(anonymous_25)
FN:71,show
FN:73,(anonymous_27)
FN:73,get
FN:75,(anonymous_29)
FN:75,find
FN:79,(anonymous_31)
FN:79,width
FN:81,(anonymous_33)
FN:81,height
FN:85,(anonymous_35)
FN:85,setFilter
FN:90,(anonymous_37)
FN:90,getFilters
FN:95,(anonymous_39)
FN:95,done
FN:44,(anonymous_41)
FN:44,error
FN:123,(anonymous_43)
FN:123,d3format
FN:157,(anonymous_49)
FN:157,ref
FN:168,mapStateToProps
FN:182,mapDispatchToProps
FNF:33
FNH:0
FNDA:0,ChartContainer
FNDA:0,(anonymous_17)
FNDA:0,jsonEndpoint
FNDA:0,(anonymous_19)
FNDA:0,html
FNDA:0,(anonymous_21)
FNDA:0,css
FNDA:0,(anonymous_23)
FNDA:0,height
FNDA:0,(anonymous_25)
FNDA:0,show
FNDA:0,(anonymous_27)
FNDA:0,get
FNDA:0,(anonymous_29)
FNDA:0,find
FNDA:0,(anonymous_31)
FNDA:0,width
FNDA:0,(anonymous_33)
FNDA:0,height
FNDA:0,(anonymous_35)
FNDA:0,setFilter
FNDA:0,(anonymous_37)
FNDA:0,getFilters
FNDA:0,(anonymous_39)
FNDA:0,done
FNDA:0,(anonymous_41)
FNDA:0,error
FNDA:0,(anonymous_43)
FNDA:0,d3format
FNDA:0,(anonymous_49)
FNDA:0,ref
FNDA:0,mapStateToProps
FNDA:0,mapDispatchToProps
DA:1,0
DA:2,0
DA:3,0
DA:4,0
DA:5,0
DA:6,0
DA:7,0
DA:9,0
DA:23,0
DA:25,0
DA:32,0
DA:36,0
DA:40,0
DA:43,0
DA:44,0
DA:55,0
DA:58,0
DA:60,0
DA:63,0
DA:67,0
DA:69,0
DA:71,0
DA:73,0
DA:75,0
DA:79,0
DA:81,0
DA:85,0
DA:90,0
DA:95,0
DA:100,0
DA:101,0
DA:102,0
DA:103,0
DA:104,0
DA:105,0
DA:110,0
DA:111,0
DA:112,0
DA:113,0
DA:114,0
DA:117,0
DA:118,0
DA:119,0
DA:120,0
DA:123,0
DA:125,0
DA:126,0
DA:132,0
DA:135,0
DA:136,0
DA:157,0
DA:166,0
DA:169,0
DA:183,0
LF:54
LH:0
BRDA:23,0,0,0
BRDA:23,0,1,0
BRDA:104,1,0,0
BRDA:104,1,1,0
BRDA:111,2,0,0
BRDA:111,2,1,0
BRDA:113,3,0,0
BRDA:113,3,1,0
BRF:8
BRH:0
end_of_record
TN:
SF:/Users/maxime_beauchemin/code/caravel/superset/assets/javascripts/explorev2/components/ChartControl.jsx
FN:49,(anonymous_18)
FN:75,mapStateToProps
FN:84,mapDispatchToProps
FNF:3
FNH:0
FNDA:0,(anonymous_18)
FNDA:0,mapStateToProps
FNDA:0,mapDispatchToProps
DA:1,0
DA:2,0
DA:3,0
DA:4,0
DA:5,0
DA:6,0
DA:8,0
DA:16,0
DA:25,0
DA:26,0
DA:30,0
DA:31,0
DA:32,0
DA:33,0
DA:36,0
DA:37,0
DA:40,0
DA:49,0
DA:72,0
DA:73,0
DA:76,0
DA:85,0
LF:22
LH:0
BRDA:25,0,0,0
BRDA:25,0,1,0
BRDA:30,1,0,0
BRDA:30,1,1,0
BRDA:36,2,0,0
BRDA:36,2,1,0
BRF:6
BRH:0
end_of_record
TN:
SF:/Users/maxime_beauchemin/code/caravel/superset/assets/javascripts/explorev2/components/CheckboxField.jsx
FN:17,(anonymous_7)
FN:17,onChange
FNF:2
FNH:0
FNDA:0,(anonymous_7)
FNDA:0,onChange
DA:1,0
DA:2,0
DA:3,0
DA:5,0
DA:13,0
DA:17,0
DA:22,0
DA:25,0
DA:37,0
DA:38,0
LF:10
LH:0
BRF:0
BRH:0
end_of_record
TN:
SF:/Users/maxime_beauchemin/code/caravel/superset/assets/javascripts/explorev2/components/ControlLabelWithTooltip.jsx
FN:14,ControlLabelWithTooltip
FNF:1
FNH:0
FNDA:0,ControlLabelWithTooltip
DA:1,0
DA:2,0
DA:3,0
DA:5,0
DA:10,0
DA:14,0
DA:15,0
DA:25,0
DA:26,0
LF:9
LH:0
BRDA:18,0,0,0
BRDA:18,0,1,0
BRF:2
BRH:0
end_of_record
TN:
SF:/Users/maxime_beauchemin/code/caravel/superset/assets/javascripts/explorev2/components/ControlPanelSection.jsx
FNF:0
FNH:0
DA:1,0
DA:2,0
DA:3,0
DA:5,0
DA:12,0
DA:19,0
DA:20,0
DA:21,0
DA:22,0
DA:23,0
DA:30,0
DA:34,0
DA:42,0
DA:43,0
LF:14
LH:0
BRDA:22,0,0,0
BRDA:22,0,1,0
BRDA:26,1,0,0
BRDA:26,1,1,0
BRF:4
BRH:0
end_of_record
TN:
SF:/Users/maxime_beauchemin/code/caravel/superset/assets/javascripts/explorev2/components/ControlPanelsContainer.jsx
FN:52,(anonymous_20)
FN:58,(anonymous_21)
FN:81,mapStateToProps
FN:91,mapDispatchToProps
FNF:4
FNH:0
FNDA:0,(anonymous_20)
FNDA:0,(anonymous_21)
FNDA:0,mapStateToProps
FNDA:0,mapDispatchToProps
DA:2,0
DA:3,0
DA:4,0
DA:5,0
DA:6,0
DA:7,0
DA:8,0
DA:9,0
DA:11,0
DA:22,0
DA:23,0
DA:24,0
DA:25,0
DA:30,0
DA:33,0
DA:34,0
DA:36,0
DA:38,0
DA:42,0
DA:43,0
DA:46,0
DA:47,0
DA:52,0
DA:58,0
DA:79,0
DA:82,0
DA:92,0
LF:27
LH:0
BRDA:24,0,0,0
BRDA:24,0,1,0
BRDA:49,1,0,0
BRDA:49,1,1,0
BRF:4
BRH:0
end_of_record
TN:
SF:/Users/maxime_beauchemin/code/caravel/superset/assets/javascripts/explorev2/components/ExploreViewContainer.jsx
FN:7,ExploreViewContainer
FN:32,(anonymous_13)
FN:32,onQuery
FNF:3
FNH:0
FNDA:0,ExploreViewContainer
FNDA:0,(anonymous_13)
FNDA:0,onQuery
DA:1,0
DA:2,0
DA:3,0
DA:4,0
DA:7,0
DA:9,0
DA:15,0
DA:16,0
DA:20,0
DA:32,0
LF:10
LH:0
BRDA:7,0,0,0
BRDA:7,0,1,0
BRF:2
BRH:0
end_of_record
TN:
SF:/Users/maxime_beauchemin/code/caravel/superset/assets/javascripts/explorev2/components/FieldSet.jsx
FN:25,(anonymous_7)
FN:25,onChange
FNF:2
FNH:0
FNDA:0,(anonymous_7)
FNDA:0,onChange
DA:1,0
DA:2,0
DA:3,0
DA:4,0
DA:5,0
DA:6,0
DA:8,0
DA:20,0
DA:25,0
DA:30,0
DA:37,0
DA:44,0
DA:51,0
DA:58,0
DA:59,0
DA:65,0
DA:67,0
DA:68,0
DA:69,0
DA:70,0
DA:71,0
DA:72,0
DA:73,0
DA:74,0
DA:77,0
DA:81,0
DA:82,0
LF:27
LH:0
BRDA:67,0,0,0
BRDA:67,0,1,0
BRDA:69,1,0,0
BRDA:69,1,1,0
BRDA:71,2,0,0
BRDA:71,2,1,0
BRDA:73,3,0,0
BRDA:73,3,1,0
BRF:8
BRH:0
end_of_record
TN:
SF:/Users/maxime_beauchemin/code/caravel/superset/assets/javascripts/explorev2/components/FieldSetRow.jsx
FN:16,(anonymous_8)
FN:16,onChange
FN:33,(anonymous_16)
FNF:3
FNH:0
FNDA:0,(anonymous_8)
FNDA:0,onChange
FNDA:0,(anonymous_16)
DA:1,0
DA:2,0
DA:4,0
DA:6,0
DA:14,0
DA:16,0
DA:20,0
DA:21,0
DA:22,0
DA:23,0
DA:24,0
DA:25,0
DA:27,0
DA:29,0
DA:30,0
DA:31,0
DA:34,0
DA:35,0
DA:51,0
DA:52,0
LF:20
LH:0
BRDA:23,0,0,0
BRDA:23,0,1,0
BRF:2
BRH:0
end_of_record
TN:
SF:/Users/maxime_beauchemin/code/caravel/superset/assets/javascripts/explorev2/components/Filters.jsx
FN:22,Filters
FN:51,(anonymous_22)
FN:69,(anonymous_23)
FN:114,mapStateToProps
FN:121,mapDispatchToProps
FNF:5
FNH:0
FNDA:0,Filters
FNDA:0,(anonymous_22)
FNDA:0,(anonymous_23)
FNDA:0,mapStateToProps
FNDA:0,mapDispatchToProps
DA:1,0
DA:3,0
DA:4,0
DA:5,0
DA:6,0
DA:7,0
DA:8,0
DA:10,0
DA:16,0
DA:22,0
DA:24,0
DA:29,0
DA:30,0
DA:33,0
DA:34,0
DA:37,0
DA:40,0
DA:43,0
DA:50,0
DA:51,0
DA:69,0
DA:94,0
DA:111,0
DA:112,0
DA:115,0
DA:122,0
LF:26
LH:0
BRDA:22,0,0,0
BRDA:22,0,1,0
BRDA:29,1,0,0
BRDA:29,1,1,0
BRDA:33,2,0,0
BRDA:33,2,1,0
BRF:6
BRH:0
end_of_record
TN:
SF:/Users/maxime_beauchemin/code/caravel/superset/assets/javascripts/explorev2/components/GroupBy.jsx
FN:22,(anonymous_2)
FN:22,GroupBy
FN:53,mapStateToProps
FN:62,mapDispatchToProps
FNF:4
FNH:0
FNDA:0,(anonymous_2)
FNDA:0,GroupBy
FNDA:0,mapStateToProps
FNDA:0,mapDispatchToProps
DA:1,0
DA:2,0
DA:3,0
DA:4,0
DA:5,0
DA:7,0
DA:15,0
DA:22,0
DA:23,0
DA:40,0
DA:50,0
DA:51,0
DA:54,0
DA:63,0
LF:14
LH:0
BRF:0
BRH:0
end_of_record
TN:
SF:/Users/maxime_beauchemin/code/caravel/superset/assets/javascripts/explorev2/components/NotGroupBy.jsx
FN:22,(anonymous_2)
FN:22,NotGroupBy
FN:53,mapStateToProps
FN:62,mapDispatchToProps
FNF:4
FNH:0
FNDA:0,(anonymous_2)
FNDA:0,NotGroupBy
FNDA:0,mapStateToProps
FNDA:0,mapDispatchToProps
DA:1,0
DA:2,0
DA:3,0
DA:4,0
DA:5,0
DA:7,0
DA:15,0
DA:22,0
DA:23,0
DA:40,0
DA:50,0
DA:51,0
DA:54,0
DA:63,0
LF:14
LH:0
BRF:0
BRH:0
end_of_record
TN:
SF:/Users/maxime_beauchemin/code/caravel/superset/assets/javascripts/explorev2/components/Options.jsx
FN:19,(anonymous_2)
FN:19,Options
FN:24,(anonymous_4)
FN:31,(anonymous_5)
FN:48,mapStateToProps
FN:55,mapDispatchToProps
FNF:6
FNH:0
FNDA:0,(anonymous_2)
FNDA:0,Options
FNDA:0,(anonymous_4)
FNDA:0,(anonymous_5)
FNDA:0,mapStateToProps
FNDA:0,mapDispatchToProps
DA:1,0
DA:2,0
DA:3,0
DA:4,0
DA:5,0
DA:6,0
DA:8,0
DA:14,0
DA:19,0
DA:20,0
DA:24,0
DA:31,0
DA:35,0
DA:45,0
DA:46,0
DA:49,0
DA:56,0
LF:17
LH:0
BRF:0
BRH:0
end_of_record
TN:
SF:/Users/maxime_beauchemin/code/caravel/superset/assets/javascripts/explorev2/components/SelectArray.jsx
FN:37,(anonymous_14)
FN:64,mapStateToProps
FN:68,mapDispatchToProps
FNF:3
FNH:0
FNDA:0,(anonymous_14)
FNDA:0,mapStateToProps
FNDA:0,mapDispatchToProps
DA:1,0
DA:2,0
DA:3,0
DA:4,0
DA:5,0
DA:7,0
DA:24,0
DA:30,0
DA:32,0
DA:33,0
DA:36,0
DA:37,0
DA:53,0
DA:61,0
DA:62,0
DA:65,0
DA:69,0
LF:17
LH:0
BRDA:30,0,0,0
BRDA:30,0,1,0
BRDA:32,1,0,0
BRDA:32,1,1,0
BRDA:39,2,0,0
BRDA:39,2,1,0
BRF:6
BRH:0
end_of_record
TN:
SF:/Users/maxime_beauchemin/code/caravel/superset/assets/javascripts/explorev2/components/SelectField.jsx
FN:19,(anonymous_7)
FN:19,onChange
FN:40,(anonymous_15)
FNF:3
FNH:0
FNDA:0,(anonymous_7)
FNDA:0,onChange
FNDA:0,(anonymous_15)
DA:1,0
DA:2,0
DA:3,0
DA:4,0
DA:6,0
DA:15,0
DA:19,0
DA:24,0
DA:28,0
DA:40,0
DA:47,0
DA:48,0
LF:12
LH:0
BRF:0
BRH:0
end_of_record
TN:
SF:/Users/maxime_beauchemin/code/caravel/superset/assets/javascripts/explorev2/components/SqlClause.jsx
FN:45,mapStateToProps
FN:49,mapDispatchToProps
FNF:2
FNH:0
FNDA:0,mapStateToProps
FNDA:0,mapDispatchToProps
DA:1,0
DA:2,0
DA:3,0
DA:4,0
DA:6,0
DA:12,0
DA:15,0
DA:43,0
DA:46,0
DA:50,0
LF:10
LH:0
BRF:0
BRH:0
end_of_record
TN:
SF:/Users/maxime_beauchemin/code/caravel/superset/assets/javascripts/explorev2/components/TextAreaField.jsx
FN:16,(anonymous_7)
FN:16,onChange
FNF:2
FNH:0
FNDA:0,(anonymous_7)
FNDA:0,onChange
DA:1,0
DA:2,0
DA:3,0
DA:5,0
DA:13,0
DA:16,0
DA:22,0
DA:25,0
DA:39,0
DA:40,0
LF:10
LH:0
BRF:0
BRH:0
end_of_record
TN:
SF:/Users/maxime_beauchemin/code/caravel/superset/assets/javascripts/explorev2/components/TextField.jsx
FN:16,(anonymous_7)
FN:16,onChange
FNF:2
FNH:0
FNDA:0,(anonymous_7)
FNDA:0,onChange
DA:1,0
DA:2,0
DA:3,0
DA:5,0
DA:13,0
DA:16,0
DA:22,0
DA:25,0
DA:42,0
DA:43,0
LF:10
LH:0
BRF:0
BRH:0
end_of_record
TN:
SF:/Users/maxime_beauchemin/code/caravel/superset/assets/javascripts/explorev2/components/TimeFilter.jsx
FN:28,(anonymous_2)
FN:28,TimeFilter
FN:48,(anonymous_4)
FN:54,(anonymous_5)
FN:70,mapStateToProps
FN:82,mapDispatchToProps
FNF:6
FNH:0
FNDA:0,(anonymous_2)
FNDA:0,TimeFilter
FNDA:0,(anonymous_4)
FNDA:0,(anonymous_5)
FNDA:0,mapStateToProps
FNDA:0,mapDispatchToProps
DA:1,0
DA:2,0
DA:3,0
DA:4,0
DA:5,0
DA:6,0
DA:8,0
DA:19,0
DA:28,0
DA:29,0
DA:30,0
DA:31,0
DA:32,0
DA:48,0
DA:54,0
DA:57,0
DA:67,0
DA:68,0
DA:71,0
DA:83,0
LF:20
LH:0
BRDA:30,0,0,0
BRDA:30,0,1,0
BRDA:31,1,0,0
BRDA:31,1,1,0
BRF:4
BRH:0
end_of_record
TN:
SF:/Users/maxime_beauchemin/code/caravel/superset/assets/javascripts/explorev2/reducers/exploreReducer.js
FN:5,(anonymous_2)
FN:5,exploreReducer
FN:6,(anonymous_4)
FN:6,(anonymous_5)
FN:6,(anonymous_6)
FN:6,(anonymous_7)
FN:6,(anonymous_8)
FN:29,(anonymous_9)
FN:6,(anonymous_10)
FN:6,(anonymous_11)
FN:6,(anonymous_12)
FN:6,(anonymous_13)
FN:6,(anonymous_14)
FN:6,(anonymous_15)
FN:6,(anonymous_16)
FN:6,(anonymous_17)
FN:6,(anonymous_18)
FNF:17
FNH:0
FNDA:0,(anonymous_2)
FNDA:0,exploreReducer
FNDA:0,(anonymous_4)
FNDA:0,(anonymous_5)
FNDA:0,(anonymous_6)
FNDA:0,(anonymous_7)
FNDA:0,(anonymous_8)
FNDA:0,(anonymous_9)
FNDA:0,(anonymous_10)
FNDA:0,(anonymous_11)
FNDA:0,(anonymous_12)
FNDA:0,(anonymous_13)
FNDA:0,(anonymous_14)
FNDA:0,(anonymous_15)
FNDA:0,(anonymous_16)
FNDA:0,(anonymous_17)
FNDA:0,(anonymous_18)
DA:1,0
DA:2,0
DA:3,0
DA:5,0
DA:6,0
DA:8,0
DA:12,0
DA:16,0
DA:21,0
DA:25,0
DA:26,0
DA:27,0
DA:29,0
DA:30,0
DA:33,0
DA:37,0
DA:41,0
DA:44,0
DA:47,0
DA:50,0
DA:53,0
DA:56,0
DA:59,0
DA:62,0
DA:63,0
DA:65,0
DA:72,0
DA:73,0
DA:75,0
LF:29
LH:0
BRDA:63,0,0,0
BRDA:63,0,1,0
BRDA:72,1,0,0
BRDA:72,1,1,0
BRF:4
BRH:0
end_of_record
TN:
SF:/Users/maxime_beauchemin/code/caravel/superset/assets/javascripts/explorev2/stores/store.js
FN:1631,defaultFormData
FN:1636,(anonymous_1)
FNF:2
FNH:0
FNDA:0,defaultFormData
FNDA:0,(anonymous_1)
DA:1,0
DA:3,0
DA:13,0
DA:16,0
DA:25,0
DA:27,0
DA:29,0
DA:37,0
DA:39,0
DA:41,0
DA:43,0
DA:53,0
DA:109,0
DA:710,0
DA:1632,0
DA:1636,0
DA:1637,0
DA:1640,0
DA:1654,0
LF:19
LH:0
BRF:0
BRH:0
end_of_record
TN:
SF:/Users/maxime_beauchemin/code/caravel/superset/assets/javascripts/modules/colors.js
FN:51,(anonymous_1)
FN:54,(anonymous_2)
FN:69,(anonymous_3)
FN:69,colorScalerFactory
FN:81,(anonymous_5)
FNF:5
FNH:0
FNDA:0,(anonymous_1)
FNDA:0,(anonymous_2)
FNDA:0,(anonymous_3)
FNDA:0,colorScalerFactory
FNDA:0,(anonymous_5)
DA:1,0
DA:2,0
DA:5,0
DA:29,0
DA:51,0
DA:53,0
DA:54,0
DA:55,0
DA:56,0
DA:58,0
DA:60,0
DA:61,0
DA:62,0
DA:65,0
DA:69,0
DA:71,0
DA:73,0
DA:75,0
DA:76,0
DA:77,0
DA:79,0
DA:80,0
DA:81,0
DA:82,0
DA:84,0
LF:25
LH:0
BRDA:55,0,0,0
BRDA:55,0,1,0
BRDA:61,1,0,0
BRDA:61,1,1,0
BRDA:71,2,0,0
BRDA:71,2,1,0
BRDA:76,3,0,0
BRDA:76,3,1,0
BRF:8
BRH:0
end_of_record
TN:
SF:/Users/maxime_beauchemin/code/caravel/superset/assets/javascripts/modules/dates.js
FN:5,UTC
FN:18,(anonymous_2)
FN:25,(anonymous_3)
FN:32,(anonymous_4)
FN:39,(anonymous_5)
FN:46,(anonymous_6)
FN:53,(anonymous_7)
FN:60,(anonymous_8)
FN:65,(anonymous_9)
FN:65,formatDate
FN:70,(anonymous_11)
FN:70,timeFormatFactory
FN:72,(anonymous_13)
FN:77,(anonymous_14)
FN:77,fDuration
FN:83,(anonymous_16)
FN:83,now
FN:88,(anonymous_18)
FN:88,epochTimeXHoursAgo
FN:95,(anonymous_20)
FN:95,epochTimeXDaysAgo
FN:102,(anonymous_22)
FN:102,epochTimeXYearsAgo
FNF:23
FNH:0
FNDA:0,UTC
FNDA:0,(anonymous_2)
FNDA:0,(anonymous_3)
FNDA:0,(anonymous_4)
FNDA:0,(anonymous_5)
FNDA:0,(anonymous_6)
FNDA:0,(anonymous_7)
FNDA:0,(anonymous_8)
FNDA:0,(anonymous_9)
FNDA:0,formatDate
FNDA:0,(anonymous_11)
FNDA:0,timeFormatFactory
FNDA:0,(anonymous_13)
FNDA:0,(anonymous_14)
FNDA:0,fDuration
FNDA:0,(anonymous_16)
FNDA:0,now
FNDA:0,(anonymous_18)
FNDA:0,epochTimeXHoursAgo
FNDA:0,(anonymous_20)
FNDA:0,epochTimeXDaysAgo
FNDA:0,(anonymous_22)
FNDA:0,epochTimeXYearsAgo
DA:1,0
DA:3,0
DA:6,0
DA:15,0
DA:19,0
DA:26,0
DA:33,0
DA:40,0
DA:47,0
DA:54,0
DA:61,0
DA:65,0
DA:66,0
DA:68,0
DA:70,0
DA:71,0
DA:72,0
DA:73,0
DA:74,0
DA:77,0
DA:78,0
DA:79,0
DA:80,0
DA:83,0
DA:85,0
DA:88,0
DA:89,0
DA:95,0
DA:96,0
DA:102,0
DA:103,0
LF:31
LH:0
BRDA:54,0,0,0
BRDA:54,0,1,0
BRDA:77,1,0,0
BRDA:77,1,1,0
BRDA:77,2,0,0
BRDA:77,2,1,0
BRF:6
BRH:0
end_of_record
TN:
SF:/Users/maxime_beauchemin/code/caravel/superset/assets/javascripts/modules/superset.js
FN:9,(anonymous_1)
FN:11,getParam
FN:18,initFavStars
FN:21,show
FN:32,(anonymous_5)
FN:36,(anonymous_6)
FN:42,(anonymous_7)
FN:56,(anonymous_8)
FN:56,Slice
FN:65,(anonymous_10)
FN:65,stopwatch
FN:71,(anonymous_12)
FN:71,always
FN:76,(anonymous_14)
FN:76,querystring
FN:76,getWidgetHeader
FN:76,render_template
FN:76,jsonEndpoint
FN:76,d3format
FN:76,done
FN:76,getErrorMsg
FN:76,error
FN:76,width
FN:76,height
FN:76,bindResizeToWindowResize
FN:196,(anonymous_36)
FN:198,(anonymous_37)
FN:76,render
FN:76,resize
FN:76,addFilter
FN:76,setFilter
FN:76,getFilters
FN:76,clearFilter
FN:76,removeFilter
FNF:34
FNH:0
FNDA:0,(anonymous_1)
FNDA:0,getParam
FNDA:0,initFavStars
FNDA:0,show
FNDA:0,(anonymous_5)
FNDA:0,(anonymous_6)
FNDA:0,(anonymous_7)
FNDA:0,(anonymous_8)
FNDA:0,Slice
FNDA:0,(anonymous_10)
FNDA:0,stopwatch
FNDA:0,(anonymous_12)
FNDA:0,always
FNDA:0,(anonymous_14)
FNDA:0,querystring
FNDA:0,getWidgetHeader
FNDA:0,render_template
FNDA:0,jsonEndpoint
FNDA:0,d3format
FNDA:0,done
FNDA:0,getErrorMsg
FNDA:0,error
FNDA:0,width
FNDA:0,height
FNDA:0,bindResizeToWindowResize
FNDA:0,(anonymous_36)
FNDA:0,(anonymous_37)
FNDA:0,render
FNDA:0,resize
FNDA:0,addFilter
FNDA:0,setFilter
FNDA:0,getFilters
FNDA:0,clearFilter
FNDA:0,removeFilter
DA:1,0
DA:2,0
DA:3,0
DA:6,0
DA:9,0
DA:10,0
DA:13,0
DA:14,0
DA:15,0
DA:16,0
DA:19,0
DA:22,0
DA:23,0
DA:25,0
DA:28,0
DA:33,0
DA:34,0
DA:35,0
DA:36,0
DA:37,0
DA:38,0
DA:43,0
DA:44,0
DA:45,0
DA:46,0
DA:47,0
DA:49,0
DA:51,0
DA:52,0
DA:56,0
DA:57,0
DA:58,0
DA:59,0
DA:60,0
DA:61,0
DA:62,0
DA:63,0
DA:64,0
DA:65,0
DA:66,0
DA:67,0
DA:68,0
DA:70,0
DA:71,0
DA:73,0
DA:74,0
DA:76,0
DA:82,0
DA:83,0
DA:84,0
DA:85,0
DA:86,0
DA:87,0
DA:88,0
DA:89,0
DA:90,0
DA:92,0
DA:94,0
DA:97,0
DA:100,0
DA:104,0
DA:107,0
DA:108,0
DA:109,0
DA:110,0
DA:111,0
DA:112,0
DA:117,0
DA:118,0
DA:122,0
DA:124,0
DA:125,0
DA:126,0
DA:128,0
DA:129,0
DA:132,0
DA:133,0
DA:134,0
DA:135,0
DA:136,0
DA:139,0
DA:140,0
DA:142,0
DA:143,0
DA:144,0
DA:145,0
DA:146,0
DA:148,0
DA:151,0
DA:154,0
DA:155,0
DA:156,0
DA:157,0
DA:158,0
DA:159,0
DA:160,0
DA:165,0
DA:166,0
DA:167,0
DA:168,0
DA:169,0
DA:172,0
DA:173,0
DA:174,0
DA:175,0
DA:176,0
DA:177,0
DA:178,0
DA:181,0
DA:184,0
DA:185,0
DA:186,0
DA:187,0
DA:188,0
DA:190,0
DA:191,0
DA:194,0
DA:195,0
DA:196,0
DA:197,0
DA:198,0
DA:199,0
DA:204,0
DA:205,0
DA:207,0
DA:209,0
DA:210,0
DA:211,0
DA:212,0
DA:213,0
DA:214,0
DA:215,0
DA:218,0
DA:219,0
DA:220,0
DA:221,0
DA:224,0
DA:227,0
DA:230,0
DA:233,0
DA:236,0
DA:239,0
DA:240,0
DA:243,0
DA:249,0
LF:145
LH:0
BRDA:16,0,0,0
BRDA:16,0,1,0
BRDA:22,1,0,0
BRDA:22,1,1,0
BRDA:37,2,0,0
BRDA:37,2,1,0
BRDA:46,3,0,0
BRDA:46,3,1,0
BRDA:84,4,0,0
BRDA:84,4,1,0
BRDA:89,5,0,0
BRDA:89,5,1,0
BRDA:128,6,0,0
BRDA:128,6,1,0
BRDA:139,7,0,0
BRDA:139,7,1,0
BRDA:143,8,0,0
BRDA:143,8,1,0
BRDA:146,9,0,0
BRDA:146,9,1,0
BRDA:159,10,0,0
BRDA:159,10,1,0
BRDA:166,11,0,0
BRDA:166,11,1,0
BRDA:168,12,0,0
BRDA:168,12,1,0
BRDA:187,13,0,0
BRDA:187,13,1,0
BRDA:204,14,0,0
BRDA:204,14,1,0
BRF:30
BRH:0
end_of_record
TN:
SF:/Users/maxime_beauchemin/code/caravel/superset/assets/javascripts/modules/utils.js
FN:11,wrapSvgText
FN:14,(anonymous_1)
FN:64,showModal
FN:75,showApiMessage
FN:86,toggleCheckbox
FN:88,(anonymous_5)
FN:99,(anonymous_6)
FN:99,fixDataTableBodyHeight
FN:104,d3format
FN:118,(anonymous_9)
FN:118,done
FN:119,(anonymous_11)
FN:119,error
FN:120,(anonymous_13)
FN:120,always
FN:121,(anonymous_15)
FN:121,addFiler
FN:122,(anonymous_17)
FN:122,setFilter
FN:123,(anonymous_19)
FN:123,getFilters
FN:124,(anonymous_21)
FN:124,clearFilter
FN:125,(anonymous_23)
FN:125,removeFilter
FN:129,formatSelectOptionsForRange
FN:140,formatSelectOptions
FN:141,(anonymous_27)
FN:146,slugify
FNF:29
FNH:9
FNDA:0,wrapSvgText
FNDA:0,(anonymous_1)
FNDA:0,showModal
FNDA:0,showApiMessage
FNDA:0,toggleCheckbox
FNDA:0,(anonymous_5)
FNDA:1,(anonymous_6)
FNDA:0,fixDataTableBodyHeight
FNDA:0,d3format
FNDA:1,(anonymous_9)
FNDA:0,done
FNDA:1,(anonymous_11)
FNDA:0,error
FNDA:1,(anonymous_13)
FNDA:0,always
FNDA:1,(anonymous_15)
FNDA:0,addFiler
FNDA:1,(anonymous_17)
FNDA:0,setFilter
FNDA:1,(anonymous_19)
FNDA:0,getFilters
FNDA:1,(anonymous_21)
FNDA:0,clearFilter
FNDA:1,(anonymous_23)
FNDA:0,removeFilter
FNDA:0,formatSelectOptionsForRange
FNDA:0,formatSelectOptions
FNDA:0,(anonymous_27)
FNDA:0,slugify
DA:1,1
DA:2,1
DA:12,0
DA:14,0
DA:15,0
DA:16,0
DA:17,0
DA:18,0
DA:19,0
DA:20,0
DA:21,0
DA:22,0
DA:24,0
DA:28,0
DA:29,0
DA:30,0
DA:31,0
DA:32,0
DA:33,0
DA:34,0
DA:36,0
DA:37,0
DA:38,0
DA:42,0
DA:45,0
DA:46,0
DA:66,0
DA:67,0
DA:68,0
DA:69,0
DA:70,0
DA:71,0
DA:77,0
DA:80,0
DA:81,0
DA:87,0
DA:88,0
DA:89,0
DA:90,0
DA:91,0
DA:99,1
DA:100,0
DA:101,0
DA:105,0
DA:107,0
DA:108,0
DA:109,0
DA:111,0
DA:116,1
DA:118,1
DA:119,1
DA:120,1
DA:121,1
DA:122,1
DA:123,1
DA:124,1
DA:125,1
DA:133,0
DA:134,0
DA:135,0
DA:137,0
DA:141,0
DA:148,0
LF:63
LH:12
BRDA:33,0,0,0
BRDA:33,0,1,0
BRDA:45,1,0,0
BRDA:45,1,1,0
BRDA:45,2,0,0
BRDA:45,2,1,0
BRDA:66,3,0,0
BRDA:66,3,1,0
BRDA:67,4,0,0
BRDA:67,4,1,0
BRDA:68,5,0,0
BRDA:68,5,1,0
BRDA:69,6,0,0
BRDA:69,6,1,0
BRDA:70,7,0,0
BRDA:70,7,1,0
BRDA:80,8,0,0
BRDA:80,8,1,0
BRDA:90,9,0,0
BRDA:90,9,1,0
BRDA:90,10,0,0
BRDA:90,10,1,0
BRDA:107,11,0,0
BRDA:107,11,1,0
BRDA:108,12,0,0
BRDA:108,12,1,0
BRF:26
BRH:0
end_of_record
