<?xml version="1.0" ?>
<coverage branch-rate="1" line-rate="0.9889" timestamp="1477807516103" version="4.2">
	<!-- Generated by coverage.py: https://coverage.readthedocs.io -->
	<!-- Based on https://raw.githubusercontent.com/cobertura/web/f0366e5e2cf18f111cbd61fc34ef720a6584ba02/htdocs/xml/coverage-03.dtd -->
	<sources>
		<source>/home/jcfr/Projects/scikit-ci-addons</source>
	</sources>
	<packages>
		<package branch-rate="1" complexity="0" line-rate="0.9889" name="ci_addons">
			<classes>
				<class branch-rate="1" complexity="0" filename="ci_addons/__init__.py" line-rate="1" name="__init__.py">
					<methods/>
					<lines>
						<line hits="1" number="3"/>
						<line hits="1" number="8"/>
						<line hits="1" number="9"/>
						<line hits="1" number="10"/>
						<line hits="1" number="12"/>
						<line hits="1" number="14"/>
						<line hits="1" number="16"/>
						<line hits="1" number="17"/>
						<line hits="1" number="18"/>
						<line hits="1" number="19"/>
						<line hits="1" number="22"/>
						<line hits="1" number="25"/>
						<line hits="1" number="28"/>
						<line hits="1" number="31"/>
						<line branch="true" condition-coverage="100% (2/2)" hits="1" number="33"/>
						<line branch="true" condition-coverage="100% (2/2)" hits="1" number="35"/>
						<line hits="1" number="36"/>
						<line hits="1" number="37"/>
						<line branch="true" condition-coverage="100% (2/2)" hits="1" number="39"/>
						<line hits="1" number="40"/>
						<line branch="true" condition-coverage="100% (2/2)" hits="1" number="42"/>
						<line branch="true" condition-coverage="100% (2/2)" hits="1" number="43"/>
						<line hits="1" number="44"/>
						<line hits="1" number="45"/>
						<line hits="1" number="46"/>
						<line hits="1" number="48"/>
						<line hits="1" number="51"/>
						<line hits="1" number="53"/>
						<line hits="1" number="56"/>
						<line hits="1" number="62"/>
						<line branch="true" condition-coverage="100% (2/2)" hits="1" number="63"/>
						<line hits="1" number="64"/>
						<line branch="true" condition-coverage="100% (2/2)" hits="1" number="65"/>
						<line hits="1" number="66"/>
						<line hits="1" number="67"/>
						<line hits="1" number="70"/>
						<line hits="1" number="76"/>
						<line branch="true" condition-coverage="100% (2/2)" hits="1" number="77"/>
						<line hits="1" number="78"/>
						<line branch="true" condition-coverage="100% (2/2)" hits="1" number="80"/>
						<line hits="1" number="81"/>
						<line hits="1" number="82"/>
						<line branch="true" condition-coverage="100% (2/2)" hits="1" number="83"/>
						<line hits="1" number="84"/>
						<line hits="1" number="85"/>
						<line hits="1" number="86"/>
						<line hits="1" number="87"/>
						<line branch="true" condition-coverage="100% (2/2)" hits="1" number="88"/>
						<line hits="1" number="89"/>
						<line hits="1" number="90"/>
						<line branch="true" condition-coverage="100% (2/2)" hits="1" number="91"/>
						<line hits="1" number="92"/>
						<line hits="1" number="93"/>
						<line branch="true" condition-coverage="100% (2/2)" hits="1" number="94"/>
						<line hits="1" number="95"/>
						<line hits="1" number="96"/>
						<line hits="1" number="99"/>
						<line hits="1" number="104"/>
						<line hits="1" number="105"/>
					</lines>
				</class>
				<class branch-rate="1" complexity="0" filename="ci_addons/__main__.py" line-rate="0.9677" name="__main__.py">
					<methods/>
					<lines>
						<line hits="1" number="3"/>
						<line hits="1" number="7"/>
						<line hits="1" number="8"/>
						<line hits="1" number="9"/>
						<line hits="1" number="12"/>
						<line hits="1" number="18"/>
						<line hits="1" number="21"/>
						<line hits="1" number="22"/>
						<line hits="1" number="26"/>
						<line hits="1" number="30"/>
						<line hits="1" number="34"/>
						<line hits="1" number="38"/>
						<line hits="1" number="42"/>
						<line hits="1" number="46"/>
						<line hits="1" number="51"/>
						<line hits="1" number="53"/>
						<line hits="1" number="59"/>
						<line hits="1" number="60"/>
						<line branch="true" condition-coverage="100% (2/2)" hits="1" number="61"/>
						<line hits="1" number="62"/>
						<line branch="true" condition-coverage="100% (2/2)" hits="1" number="63"/>
						<line hits="1" number="64"/>
						<line hits="1" number="65"/>
						<line hits="1" number="66"/>
						<line hits="1" number="67"/>
						<line branch="true" condition-coverage="100% (2/2)" hits="1" number="77"/>
						<line hits="1" number="79"/>
						<line hits="1" number="80"/>
						<line hits="1" number="82"/>
						<line hits="1" number="84"/>
						<line hits="0" number="85"/>
					</lines>
				</class>
			</classes>
		</package>
	</packages>
</coverage>
