<?xml version="1.0" ?>
<coverage branch-rate="0.8548" line-rate="0.9545" timestamp="1477515517332" version="4.2">
	<!-- Generated by coverage.py: https://coverage.readthedocs.io -->
	<!-- Based on https://raw.githubusercontent.com/cobertura/web/f0366e5e2cf18f111cbd61fc34ef720a6584ba02/htdocs/xml/coverage-03.dtd -->
	<sources>
		<source>/home/jcfr/Projects/scikit-ci</source>
	</sources>
	<packages>
		<package branch-rate="0.8548" complexity="0" line-rate="0.9545" name="ci">
			<classes>
				<class branch-rate="1" complexity="0" filename="ci/__init__.py" line-rate="1" name="__init__.py">
					<methods/>
					<lines>
						<line hits="1" number="3"/>
						<line hits="1" number="8"/>
						<line hits="1" number="9"/>
						<line hits="1" number="11"/>
						<line hits="1" number="12"/>
						<line hits="1" number="13"/>
						<line hits="1" number="15"/>
					</lines>
				</class>
				<class branch-rate="1" complexity="0" filename="ci/constants.py" line-rate="1" name="constants.py">
					<methods/>
					<lines>
						<line hits="1" number="3"/>
						<line hits="1" number="6"/>
						<line hits="1" number="21"/>
						<line hits="1" number="27"/>
						<line hits="1" number="35"/>
					</lines>
				</class>
				<class branch-rate="0.8621" complexity="0" filename="ci/driver.py" line-rate="0.9545" name="driver.py">
					<methods/>
					<lines>
						<line hits="1" number="3"/>
						<line hits="1" number="6"/>
						<line hits="1" number="7"/>
						<line hits="1" number="8"/>
						<line hits="1" number="9"/>
						<line hits="1" number="10"/>
						<line hits="1" number="11"/>
						<line hits="1" number="12"/>
						<line hits="1" number="13"/>
						<line hits="1" number="14"/>
						<line hits="1" number="16"/>
						<line hits="1" number="17"/>
						<line hits="1" number="20"/>
						<line hits="1" number="21"/>
						<line hits="1" number="22"/>
						<line hits="1" number="23"/>
						<line hits="1" number="25"/>
						<line hits="1" number="26"/>
						<line hits="1" number="27"/>
						<line hits="1" number="29"/>
						<line branch="true" condition-coverage="100% (2/2)" hits="1" number="30"/>
						<line hits="1" number="31"/>
						<line hits="1" number="33"/>
						<line hits="1" number="36"/>
						<line hits="1" number="37"/>
						<line hits="1" number="38"/>
						<line hits="1" number="39"/>
						<line hits="1" number="41"/>
						<line hits="1" number="43"/>
						<line hits="1" number="44"/>
						<line hits="1" number="46"/>
						<line branch="true" condition-coverage="50% (1/2)" hits="1" missing-branches="48" number="47"/>
						<line hits="0" number="48"/>
						<line hits="1" number="50"/>
						<line hits="1" number="51"/>
						<line hits="1" number="52"/>
						<line branch="true" condition-coverage="100% (2/2)" hits="1" number="54"/>
						<line hits="1" number="55"/>
						<line branch="true" condition-coverage="100% (2/2)" hits="1" number="57"/>
						<line hits="1" number="59"/>
						<line branch="true" condition-coverage="50% (1/2)" hits="1" missing-branches="63" number="60"/>
						<line hits="1" number="61"/>
						<line hits="1" number="63"/>
						<line hits="1" number="64"/>
						<line hits="1" number="66"/>
						<line hits="1" number="67"/>
						<line hits="1" number="69"/>
						<line hits="1" number="70"/>
						<line hits="1" number="71"/>
						<line branch="true" condition-coverage="50% (1/2)" hits="1" missing-branches="74" number="73"/>
						<line hits="0" number="74"/>
						<line hits="0" number="75"/>
						<line hits="1" number="77"/>
						<line hits="1" number="78"/>
						<line hits="1" number="80"/>
						<line hits="1" number="81"/>
						<line hits="1" number="83"/>
						<line branch="true" condition-coverage="100% (2/2)" hits="1" number="88"/>
						<line hits="1" number="89"/>
						<line hits="1" number="92"/>
						<line hits="1" number="94"/>
						<line hits="1" number="98"/>
						<line hits="1" number="99"/>
						<line branch="true" condition-coverage="50% (1/2)" hits="1" missing-branches="106" number="105"/>
						<line hits="0" number="106"/>
						<line hits="1" number="109"/>
						<line hits="1" number="111"/>
						<line branch="true" condition-coverage="100% (2/2)" hits="1" number="112"/>
						<line hits="1" number="113"/>
						<line branch="true" condition-coverage="100% (2/2)" hits="1" number="114"/>
						<line hits="1" number="116"/>
						<line hits="1" number="119"/>
						<line branch="true" condition-coverage="100% (2/2)" hits="1" number="123"/>
						<line hits="1" number="124"/>
						<line branch="true" condition-coverage="100% (2/2)" hits="1" number="125"/>
						<line hits="1" number="126"/>
						<line hits="1" number="129"/>
						<line hits="1" number="130"/>
						<line hits="1" number="133"/>
						<line hits="1" number="136"/>
						<line branch="true" condition-coverage="100% (2/2)" hits="1" number="137"/>
						<line hits="1" number="138"/>
						<line branch="true" condition-coverage="50% (1/2)" hits="1" missing-branches="141" number="139"/>
						<line hits="1" number="140"/>
						<line hits="0" number="141"/>
						<line branch="true" condition-coverage="100% (2/2)" hits="1" number="144"/>
						<line hits="1" number="145"/>
						<line hits="1" number="147"/>
						<line hits="1" number="148"/>
						<line branch="true" condition-coverage="100% (2/2)" hits="1" number="164"/>
						<line hits="1" number="165"/>
						<line hits="1" number="167"/>
						<line hits="1" number="168"/>
						<line hits="1" number="169"/>
						<line hits="1" number="170"/>
						<line hits="1" number="171"/>
						<line branch="true" condition-coverage="100% (2/2)" hits="1" number="172"/>
						<line hits="1" number="173"/>
						<line branch="true" condition-coverage="100% (2/2)" hits="1" number="174"/>
						<line hits="1" number="175"/>
						<line branch="true" condition-coverage="100% (2/2)" hits="1" number="177"/>
						<line hits="1" number="178"/>
						<line hits="1" number="179"/>
						<line hits="1" number="181"/>
						<line hits="1" number="182"/>
						<line branch="true" condition-coverage="50% (1/2)" hits="1" missing-branches="187" number="184"/>
						<line hits="1" number="185"/>
						<line hits="1" number="187"/>
						<line hits="1" number="189"/>
						<line branch="true" condition-coverage="100% (2/2)" hits="1" number="192"/>
						<line hits="1" number="193"/>
						<line hits="1" number="197"/>
						<line hits="1" number="199"/>
						<line hits="1" number="200"/>
						<line hits="1" number="202"/>
						<line hits="1" number="203"/>
						<line branch="true" condition-coverage="100% (2/2)" hits="1" number="205"/>
						<line hits="1" number="206"/>
						<line hits="1" number="209"/>
						<line hits="1" number="210"/>
						<line hits="1" number="213"/>
						<line hits="1" number="216"/>
						<line branch="true" condition-coverage="100% (2/2)" hits="1" number="218"/>
						<line hits="1" number="219"/>
						<line branch="true" condition-coverage="100% (2/2)" hits="1" number="222"/>
						<line hits="1" number="223"/>
						<line hits="1" number="224"/>
						<line hits="1" number="227"/>
						<line hits="1" number="230"/>
						<line hits="1" number="233"/>
						<line hits="1" number="237"/>
						<line hits="1" number="240"/>
						<line hits="1" number="242"/>
						<line hits="1" number="244"/>
						<line hits="1" number="246"/>
						<line hits="1" number="248"/>
						<line hits="1" number="250"/>
						<line branch="true" condition-coverage="100% (2/2)" hits="1" number="254"/>
						<line hits="1" number="255"/>
						<line branch="true" condition-coverage="100% (2/2)" hits="1" number="256"/>
						<line hits="1" number="257"/>
						<line hits="1" number="258"/>
						<line hits="1" number="260"/>
						<line branch="true" condition-coverage="100% (2/2)" hits="1" number="262"/>
						<line hits="1" number="264"/>
						<line hits="1" number="266"/>
						<line hits="1" number="269"/>
						<line branch="true" condition-coverage="50% (1/2)" hits="1" missing-branches="272" number="271"/>
						<line hits="0" number="272"/>
						<line branch="true" condition-coverage="50% (1/2)" hits="1" missing-branches="275" number="274"/>
						<line hits="0" number="275"/>
						<line hits="1" number="277"/>
						<line hits="1" number="278"/>
						<line hits="1" number="279"/>
					</lines>
				</class>
				<class branch-rate="0.75" complexity="0" filename="ci/utils.py" line-rate="0.9" name="utils.py">
					<methods/>
					<lines>
						<line hits="1" number="3"/>
						<line hits="1" number="5"/>
						<line hits="1" number="7"/>
						<line hits="1" number="10"/>
						<line branch="true" condition-coverage="50% (1/2)" hits="1" missing-branches="14" number="11"/>
						<line branch="true" condition-coverage="100% (2/2)" hits="1" number="12"/>
						<line hits="1" number="13"/>
						<line hits="0" number="14"/>
						<line hits="1" number="20"/>
						<line hits="1" number="21"/>
					</lines>
				</class>
			</classes>
		</package>
	</packages>
</coverage>
